{"total": {"lines":{"total":4925,"covered":262,"skipped":0,"pct":5.32},"statements":{"total":5060,"covered":263,"skipped":0,"pct":5.2},"functions":{"total":1071,"covered":42,"skipped":0,"pct":3.92},"branches":{"total":2203,"covered":75,"skipped":0,"pct":3.4}}
,"/Applications/MAMP/htdocs/WTF-Adventure/setupTests.js": {"lines":{"total":1,"covered":1,"skipped":0,"pct":100},"functions":{"total":0,"covered":0,"skipped":0,"pct":100},"statements":{"total":1,"covered":1,"skipped":0,"pct":100},"branches":{"total":0,"covered":0,"skipped":0,"pct":100}}
,"/Applications/MAMP/htdocs/WTF-Adventure/src/client/js/app.js": {"lines":{"total":311,"covered":190,"skipped":0,"pct":61.09},"functions":{"total":61,"covered":26,"skipped":0,"pct":42.62},"statements":{"total":324,"covered":190,"skipped":0,"pct":58.64},"branches":{"total":124,"covered":59,"skipped":0,"pct":47.58}}
,"/Applications/MAMP/htdocs/WTF-Adventure/src/client/js/game.js": {"lines":{"total":772,"covered":0,"skipped":0,"pct":0},"functions":{"total":119,"covered":0,"skipped":0,"pct":0},"statements":{"total":805,"covered":0,"skipped":0,"pct":0},"branches":{"total":306,"covered":0,"skipped":0,"pct":0}}
,"/Applications/MAMP/htdocs/WTF-Adventure/src/client/js/main.js": {"lines":{"total":33,"covered":29,"skipped":0,"pct":87.88},"functions":{"total":11,"covered":7,"skipped":0,"pct":63.64},"statements":{"total":34,"covered":29,"skipped":0,"pct":85.29},"branches":{"total":6,"covered":3,"skipped":0,"pct":50}}
,"/Applications/MAMP/htdocs/WTF-Adventure/src/client/js/controllers/audio.js": {"lines":{"total":139,"covered":0,"skipped":0,"pct":0},"functions":{"total":29,"covered":0,"skipped":0,"pct":0},"statements":{"total":140,"covered":0,"skipped":0,"pct":0},"branches":{"total":77,"covered":0,"skipped":0,"pct":0}}
,"/Applications/MAMP/htdocs/WTF-Adventure/src/client/js/controllers/bubble.js": {"lines":{"total":40,"covered":0,"skipped":0,"pct":0},"functions":{"total":9,"covered":0,"skipped":0,"pct":0},"statements":{"total":40,"covered":0,"skipped":0,"pct":0},"branches":{"total":14,"covered":0,"skipped":0,"pct":0}}
,"/Applications/MAMP/htdocs/WTF-Adventure/src/client/js/controllers/chat.js": {"lines":{"total":59,"covered":0,"skipped":0,"pct":0},"functions":{"total":13,"covered":0,"skipped":0,"pct":0},"statements":{"total":60,"covered":0,"skipped":0,"pct":0},"branches":{"total":22,"covered":0,"skipped":0,"pct":0}}
,"/Applications/MAMP/htdocs/WTF-Adventure/src/client/js/controllers/entities.js": {"lines":{"total":173,"covered":0,"skipped":0,"pct":0},"functions":{"total":22,"covered":0,"skipped":0,"pct":0},"statements":{"total":173,"covered":0,"skipped":0,"pct":0},"branches":{"total":75,"covered":0,"skipped":0,"pct":0}}
,"/Applications/MAMP/htdocs/WTF-Adventure/src/client/js/controllers/info.js": {"lines":{"total":54,"covered":0,"skipped":0,"pct":0},"functions":{"total":14,"covered":0,"skipped":0,"pct":0},"statements":{"total":54,"covered":0,"skipped":0,"pct":0},"branches":{"total":26,"covered":0,"skipped":0,"pct":0}}
,"/Applications/MAMP/htdocs/WTF-Adventure/src/client/js/controllers/input.js": {"lines":{"total":159,"covered":0,"skipped":0,"pct":0},"functions":{"total":21,"covered":0,"skipped":0,"pct":0},"statements":{"total":173,"covered":0,"skipped":0,"pct":0},"branches":{"total":114,"covered":0,"skipped":0,"pct":0}}
,"/Applications/MAMP/htdocs/WTF-Adventure/src/client/js/controllers/interface.js": {"lines":{"total":79,"covered":0,"skipped":0,"pct":0},"functions":{"total":21,"covered":0,"skipped":0,"pct":0},"statements":{"total":79,"covered":0,"skipped":0,"pct":0},"branches":{"total":50,"covered":0,"skipped":0,"pct":0}}
,"/Applications/MAMP/htdocs/WTF-Adventure/src/client/js/controllers/overlay.js": {"lines":{"total":36,"covered":0,"skipped":0,"pct":0},"functions":{"total":11,"covered":0,"skipped":0,"pct":0},"statements":{"total":36,"covered":0,"skipped":0,"pct":0},"branches":{"total":23,"covered":0,"skipped":0,"pct":0}}
,"/Applications/MAMP/htdocs/WTF-Adventure/src/client/js/controllers/pointer.js": {"lines":{"total":83,"covered":0,"skipped":0,"pct":0},"functions":{"total":19,"covered":0,"skipped":0,"pct":0},"statements":{"total":83,"covered":0,"skipped":0,"pct":0},"branches":{"total":25,"covered":0,"skipped":0,"pct":0}}
,"/Applications/MAMP/htdocs/WTF-Adventure/src/client/js/controllers/sprites.js": {"lines":{"total":21,"covered":0,"skipped":0,"pct":0},"functions":{"total":8,"covered":0,"skipped":0,"pct":0},"statements":{"total":21,"covered":0,"skipped":0,"pct":0},"branches":{"total":2,"covered":0,"skipped":0,"pct":0}}
,"/Applications/MAMP/htdocs/WTF-Adventure/src/client/js/controllers/zoning.js": {"lines":{"total":11,"covered":0,"skipped":0,"pct":0},"functions":{"total":7,"covered":0,"skipped":0,"pct":0},"statements":{"total":11,"covered":0,"skipped":0,"pct":0},"branches":{"total":0,"covered":0,"skipped":0,"pct":100}}
,"/Applications/MAMP/htdocs/WTF-Adventure/src/client/js/entity/animation.js": {"lines":{"total":31,"covered":0,"skipped":0,"pct":0},"functions":{"total":8,"covered":0,"skipped":0,"pct":0},"statements":{"total":31,"covered":0,"skipped":0,"pct":0},"branches":{"total":14,"covered":0,"skipped":0,"pct":0}}
,"/Applications/MAMP/htdocs/WTF-Adventure/src/client/js/entity/entity.js": {"lines":{"total":112,"covered":0,"skipped":0,"pct":0},"functions":{"total":28,"covered":0,"skipped":0,"pct":0},"statements":{"total":112,"covered":0,"skipped":0,"pct":0},"branches":{"total":83,"covered":0,"skipped":0,"pct":0}}
,"/Applications/MAMP/htdocs/WTF-Adventure/src/client/js/entity/entityhandler.js": {"lines":{"total":27,"covered":0,"skipped":0,"pct":0},"functions":{"total":10,"covered":0,"skipped":0,"pct":0},"statements":{"total":30,"covered":0,"skipped":0,"pct":0},"branches":{"total":26,"covered":0,"skipped":0,"pct":0}}
,"/Applications/MAMP/htdocs/WTF-Adventure/src/client/js/entity/sprite.js": {"lines":{"total":68,"covered":0,"skipped":0,"pct":0},"functions":{"total":9,"covered":0,"skipped":0,"pct":0},"statements":{"total":68,"covered":0,"skipped":0,"pct":0},"branches":{"total":16,"covered":0,"skipped":0,"pct":0}}
,"/Applications/MAMP/htdocs/WTF-Adventure/src/client/js/entity/character/character.js": {"lines":{"total":226,"covered":0,"skipped":0,"pct":0},"functions":{"total":55,"covered":0,"skipped":0,"pct":0},"statements":{"total":252,"covered":0,"skipped":0,"pct":0},"branches":{"total":126,"covered":0,"skipped":0,"pct":0}}
,"/Applications/MAMP/htdocs/WTF-Adventure/src/client/js/entity/character/mob/mob.js": {"lines":{"total":6,"covered":0,"skipped":0,"pct":0},"functions":{"total":2,"covered":0,"skipped":0,"pct":0},"statements":{"total":6,"covered":0,"skipped":0,"pct":0},"branches":{"total":0,"covered":0,"skipped":0,"pct":100}}
,"/Applications/MAMP/htdocs/WTF-Adventure/src/client/js/entity/character/npc/npc.js": {"lines":{"total":10,"covered":0,"skipped":0,"pct":0},"functions":{"total":2,"covered":0,"skipped":0,"pct":0},"statements":{"total":10,"covered":0,"skipped":0,"pct":0},"branches":{"total":4,"covered":0,"skipped":0,"pct":0}}
,"/Applications/MAMP/htdocs/WTF-Adventure/src/client/js/entity/character/player/player.js": {"lines":{"total":110,"covered":0,"skipped":0,"pct":0},"functions":{"total":20,"covered":0,"skipped":0,"pct":0},"statements":{"total":110,"covered":0,"skipped":0,"pct":0},"branches":{"total":38,"covered":0,"skipped":0,"pct":0}}
,"/Applications/MAMP/htdocs/WTF-Adventure/src/client/js/entity/character/player/playerhandler.js": {"lines":{"total":70,"covered":0,"skipped":0,"pct":0},"functions":{"total":13,"covered":0,"skipped":0,"pct":0},"statements":{"total":82,"covered":0,"skipped":0,"pct":0},"branches":{"total":41,"covered":0,"skipped":0,"pct":0}}
,"/Applications/MAMP/htdocs/WTF-Adventure/src/client/js/entity/character/player/equipment/armour.js": {"lines":{"total":5,"covered":0,"skipped":0,"pct":0},"functions":{"total":3,"covered":0,"skipped":0,"pct":0},"statements":{"total":5,"covered":0,"skipped":0,"pct":0},"branches":{"total":0,"covered":0,"skipped":0,"pct":100}}
,"/Applications/MAMP/htdocs/WTF-Adventure/src/client/js/entity/character/player/equipment/boots.js": {"lines":{"total":0,"covered":0,"skipped":0,"pct":100},"functions":{"total":0,"covered":0,"skipped":0,"pct":100},"statements":{"total":0,"covered":0,"skipped":0,"pct":100},"branches":{"total":0,"covered":0,"skipped":0,"pct":100}}
,"/Applications/MAMP/htdocs/WTF-Adventure/src/client/js/entity/character/player/equipment/equipment.js": {"lines":{"total":13,"covered":0,"skipped":0,"pct":0},"functions":{"total":7,"covered":0,"skipped":0,"pct":0},"statements":{"total":13,"covered":0,"skipped":0,"pct":0},"branches":{"total":2,"covered":0,"skipped":0,"pct":0}}
,"/Applications/MAMP/htdocs/WTF-Adventure/src/client/js/entity/character/player/equipment/pendant.js": {"lines":{"total":0,"covered":0,"skipped":0,"pct":100},"functions":{"total":0,"covered":0,"skipped":0,"pct":100},"statements":{"total":0,"covered":0,"skipped":0,"pct":100},"branches":{"total":0,"covered":0,"skipped":0,"pct":100}}
,"/Applications/MAMP/htdocs/WTF-Adventure/src/client/js/entity/character/player/equipment/ring.js": {"lines":{"total":0,"covered":0,"skipped":0,"pct":100},"functions":{"total":0,"covered":0,"skipped":0,"pct":100},"statements":{"total":0,"covered":0,"skipped":0,"pct":100},"branches":{"total":0,"covered":0,"skipped":0,"pct":100}}
,"/Applications/MAMP/htdocs/WTF-Adventure/src/client/js/entity/character/player/equipment/weapon.js": {"lines":{"total":8,"covered":0,"skipped":0,"pct":0},"functions":{"total":5,"covered":0,"skipped":0,"pct":0},"statements":{"total":8,"covered":0,"skipped":0,"pct":0},"branches":{"total":0,"covered":0,"skipped":0,"pct":100}}
,"/Applications/MAMP/htdocs/WTF-Adventure/src/client/js/entity/objects/chest.js": {"lines":{"total":3,"covered":0,"skipped":0,"pct":0},"functions":{"total":2,"covered":0,"skipped":0,"pct":0},"statements":{"total":3,"covered":0,"skipped":0,"pct":0},"branches":{"total":0,"covered":0,"skipped":0,"pct":100}}
,"/Applications/MAMP/htdocs/WTF-Adventure/src/client/js/entity/objects/item.js": {"lines":{"total":10,"covered":0,"skipped":0,"pct":0},"functions":{"total":3,"covered":0,"skipped":0,"pct":0},"statements":{"total":10,"covered":0,"skipped":0,"pct":0},"branches":{"total":0,"covered":0,"skipped":0,"pct":100}}
,"/Applications/MAMP/htdocs/WTF-Adventure/src/client/js/entity/objects/projectile.js": {"lines":{"total":42,"covered":0,"skipped":0,"pct":0},"functions":{"total":12,"covered":0,"skipped":0,"pct":0},"statements":{"total":42,"covered":0,"skipped":0,"pct":0},"branches":{"total":6,"covered":0,"skipped":0,"pct":0}}
,"/Applications/MAMP/htdocs/WTF-Adventure/src/client/js/interface/actions.js": {"lines":{"total":59,"covered":0,"skipped":0,"pct":0},"functions":{"total":21,"covered":0,"skipped":0,"pct":0},"statements":{"total":60,"covered":0,"skipped":0,"pct":0},"branches":{"total":13,"covered":0,"skipped":0,"pct":0}}
,"/Applications/MAMP/htdocs/WTF-Adventure/src/client/js/interface/bank.js": {"lines":{"total":118,"covered":0,"skipped":0,"pct":0},"functions":{"total":18,"covered":0,"skipped":0,"pct":0},"statements":{"total":118,"covered":0,"skipped":0,"pct":0},"branches":{"total":42,"covered":0,"skipped":0,"pct":0}}
,"/Applications/MAMP/htdocs/WTF-Adventure/src/client/js/interface/enchant.js": {"lines":{"total":68,"covered":0,"skipped":0,"pct":0},"functions":{"total":20,"covered":0,"skipped":0,"pct":0},"statements":{"total":70,"covered":0,"skipped":0,"pct":0},"branches":{"total":12,"covered":0,"skipped":0,"pct":0}}
,"/Applications/MAMP/htdocs/WTF-Adventure/src/client/js/interface/inventory.js": {"lines":{"total":124,"covered":0,"skipped":0,"pct":0},"functions":{"total":18,"covered":0,"skipped":0,"pct":0},"statements":{"total":131,"covered":0,"skipped":0,"pct":0},"branches":{"total":64,"covered":0,"skipped":0,"pct":0}}
,"/Applications/MAMP/htdocs/WTF-Adventure/src/client/js/interface/warp.js": {"lines":{"total":23,"covered":0,"skipped":0,"pct":0},"functions":{"total":10,"covered":0,"skipped":0,"pct":0},"statements":{"total":23,"covered":0,"skipped":0,"pct":0},"branches":{"total":4,"covered":0,"skipped":0,"pct":0}}
,"/Applications/MAMP/htdocs/WTF-Adventure/src/client/js/interface/container/container.js": {"lines":{"total":10,"covered":0,"skipped":0,"pct":0},"functions":{"total":4,"covered":0,"skipped":0,"pct":0},"statements":{"total":10,"covered":0,"skipped":0,"pct":0},"branches":{"total":2,"covered":0,"skipped":0,"pct":0}}
,"/Applications/MAMP/htdocs/WTF-Adventure/src/client/js/interface/container/slot.js": {"lines":{"total":21,"covered":0,"skipped":0,"pct":0},"functions":{"total":5,"covered":0,"skipped":0,"pct":0},"statements":{"total":21,"covered":0,"skipped":0,"pct":0},"branches":{"total":2,"covered":0,"skipped":0,"pct":0}}
,"/Applications/MAMP/htdocs/WTF-Adventure/src/client/js/interface/profile/page.js": {"lines":{"total":11,"covered":0,"skipped":0,"pct":0},"functions":{"total":8,"covered":0,"skipped":0,"pct":0},"statements":{"total":11,"covered":0,"skipped":0,"pct":0},"branches":{"total":4,"covered":0,"skipped":0,"pct":0}}
,"/Applications/MAMP/htdocs/WTF-Adventure/src/client/js/interface/profile/profile.js": {"lines":{"total":61,"covered":0,"skipped":0,"pct":0},"functions":{"total":15,"covered":0,"skipped":0,"pct":0},"statements":{"total":63,"covered":0,"skipped":0,"pct":0},"branches":{"total":22,"covered":0,"skipped":0,"pct":0}}
,"/Applications/MAMP/htdocs/WTF-Adventure/src/client/js/interface/profile/pages/ability.js": {"lines":{"total":2,"covered":0,"skipped":0,"pct":0},"functions":{"total":1,"covered":0,"skipped":0,"pct":0},"statements":{"total":2,"covered":0,"skipped":0,"pct":0},"branches":{"total":0,"covered":0,"skipped":0,"pct":100}}
,"/Applications/MAMP/htdocs/WTF-Adventure/src/client/js/interface/profile/pages/quest.js": {"lines":{"total":59,"covered":0,"skipped":0,"pct":0},"functions":{"total":10,"covered":0,"skipped":0,"pct":0},"statements":{"total":65,"covered":0,"skipped":0,"pct":0},"branches":{"total":44,"covered":0,"skipped":0,"pct":0}}
,"/Applications/MAMP/htdocs/WTF-Adventure/src/client/js/interface/profile/pages/settings.js": {"lines":{"total":138,"covered":0,"skipped":0,"pct":0},"functions":{"total":38,"covered":0,"skipped":0,"pct":0},"statements":{"total":138,"covered":0,"skipped":0,"pct":0},"branches":{"total":22,"covered":0,"skipped":0,"pct":0}}
,"/Applications/MAMP/htdocs/WTF-Adventure/src/client/js/interface/profile/pages/state.js": {"lines":{"total":46,"covered":0,"skipped":0,"pct":0},"functions":{"total":14,"covered":0,"skipped":0,"pct":0},"statements":{"total":46,"covered":0,"skipped":0,"pct":0},"branches":{"total":4,"covered":0,"skipped":0,"pct":0}}
,"/Applications/MAMP/htdocs/WTF-Adventure/src/client/js/lib/astar.js": {"lines":{"total":85,"covered":0,"skipped":0,"pct":0},"functions":{"total":9,"covered":0,"skipped":0,"pct":0},"statements":{"total":85,"covered":0,"skipped":0,"pct":0},"branches":{"total":61,"covered":0,"skipped":0,"pct":0}}
,"/Applications/MAMP/htdocs/WTF-Adventure/src/client/js/lib/log.js": {"lines":{"total":47,"covered":32,"skipped":0,"pct":68.09},"functions":{"total":10,"covered":8,"skipped":0,"pct":80},"statements":{"total":48,"covered":33,"skipped":0,"pct":68.75},"branches":{"total":35,"covered":12,"skipped":0,"pct":34.29}}
,"/Applications/MAMP/htdocs/WTF-Adventure/src/client/js/map/map.js": {"lines":{"total":90,"covered":0,"skipped":0,"pct":0},"functions":{"total":25,"covered":0,"skipped":0,"pct":0},"statements":{"total":90,"covered":0,"skipped":0,"pct":0},"branches":{"total":38,"covered":0,"skipped":0,"pct":0}}
,"/Applications/MAMP/htdocs/WTF-Adventure/src/client/js/network/messages.js": {"lines":{"total":247,"covered":0,"skipped":0,"pct":0},"functions":{"total":73,"covered":0,"skipped":0,"pct":0},"statements":{"total":247,"covered":0,"skipped":0,"pct":0},"branches":{"total":87,"covered":0,"skipped":0,"pct":0}}
,"/Applications/MAMP/htdocs/WTF-Adventure/src/client/js/network/packets.js": {"lines":{"total":1,"covered":1,"skipped":0,"pct":100},"functions":{"total":0,"covered":0,"skipped":0,"pct":100},"statements":{"total":1,"covered":1,"skipped":0,"pct":100},"branches":{"total":0,"covered":0,"skipped":0,"pct":100}}
,"/Applications/MAMP/htdocs/WTF-Adventure/src/client/js/network/socket.js": {"lines":{"total":44,"covered":0,"skipped":0,"pct":0},"functions":{"total":9,"covered":0,"skipped":0,"pct":0},"statements":{"total":44,"covered":0,"skipped":0,"pct":0},"branches":{"total":12,"covered":0,"skipped":0,"pct":0}}
,"/Applications/MAMP/htdocs/WTF-Adventure/src/client/js/renderer/camera.js": {"lines":{"total":78,"covered":0,"skipped":0,"pct":0},"functions":{"total":12,"covered":0,"skipped":0,"pct":0},"statements":{"total":78,"covered":0,"skipped":0,"pct":0},"branches":{"total":20,"covered":0,"skipped":0,"pct":0}}
,"/Applications/MAMP/htdocs/WTF-Adventure/src/client/js/renderer/grids.js": {"lines":{"total":42,"covered":0,"skipped":0,"pct":0},"functions":{"total":13,"covered":0,"skipped":0,"pct":0},"statements":{"total":47,"covered":0,"skipped":0,"pct":0},"branches":{"total":34,"covered":0,"skipped":0,"pct":0}}
,"/Applications/MAMP/htdocs/WTF-Adventure/src/client/js/renderer/renderer.js": {"lines":{"total":491,"covered":1,"skipped":0,"pct":0.2},"functions":{"total":99,"covered":0,"skipped":0,"pct":0},"statements":{"total":493,"covered":1,"skipped":0,"pct":0.2},"branches":{"total":278,"covered":0,"skipped":0,"pct":0}}
,"/Applications/MAMP/htdocs/WTF-Adventure/src/client/js/renderer/tile.js": {"lines":{"total":18,"covered":0,"skipped":0,"pct":0},"functions":{"total":5,"covered":0,"skipped":0,"pct":0},"statements":{"total":18,"covered":0,"skipped":0,"pct":0},"branches":{"total":8,"covered":0,"skipped":0,"pct":0}}
,"/Applications/MAMP/htdocs/WTF-Adventure/src/client/js/renderer/updater.js": {"lines":{"total":120,"covered":0,"skipped":0,"pct":0},"functions":{"total":21,"covered":0,"skipped":0,"pct":0},"statements":{"total":122,"covered":0,"skipped":0,"pct":0},"branches":{"total":80,"covered":0,"skipped":0,"pct":0}}
,"/Applications/MAMP/htdocs/WTF-Adventure/src/client/js/renderer/bubbles/blob.js": {"lines":{"total":9,"covered":0,"skipped":0,"pct":0},"functions":{"total":5,"covered":0,"skipped":0,"pct":0},"statements":{"total":9,"covered":0,"skipped":0,"pct":0},"branches":{"total":2,"covered":0,"skipped":0,"pct":0}}
,"/Applications/MAMP/htdocs/WTF-Adventure/src/client/js/renderer/infos/splat.js": {"lines":{"total":24,"covered":0,"skipped":0,"pct":0},"functions":{"total":7,"covered":0,"skipped":0,"pct":0},"statements":{"total":24,"covered":0,"skipped":0,"pct":0},"branches":{"total":8,"covered":0,"skipped":0,"pct":0}}
,"/Applications/MAMP/htdocs/WTF-Adventure/src/client/js/renderer/pointers/pointer.js": {"lines":{"total":19,"covered":0,"skipped":0,"pct":0},"functions":{"total":7,"covered":0,"skipped":0,"pct":0},"statements":{"total":19,"covered":0,"skipped":0,"pct":0},"branches":{"total":2,"covered":0,"skipped":0,"pct":0}}
,"/Applications/MAMP/htdocs/WTF-Adventure/src/client/js/utils/detect.js": {"lines":{"total":33,"covered":1,"skipped":0,"pct":3.03},"functions":{"total":15,"covered":0,"skipped":0,"pct":0},"statements":{"total":34,"covered":1,"skipped":0,"pct":2.94},"branches":{"total":27,"covered":0,"skipped":0,"pct":0}}
,"/Applications/MAMP/htdocs/WTF-Adventure/src/client/js/utils/modules.js": {"lines":{"total":0,"covered":0,"skipped":0,"pct":100},"functions":{"total":0,"covered":0,"skipped":0,"pct":100},"statements":{"total":0,"covered":0,"skipped":0,"pct":100},"branches":{"total":0,"covered":0,"skipped":0,"pct":100}}
,"/Applications/MAMP/htdocs/WTF-Adventure/src/client/js/utils/pathfinder.js": {"lines":{"total":37,"covered":0,"skipped":0,"pct":0},"functions":{"total":8,"covered":0,"skipped":0,"pct":0},"statements":{"total":38,"covered":0,"skipped":0,"pct":0},"branches":{"total":18,"covered":0,"skipped":0,"pct":0}}
,"/Applications/MAMP/htdocs/WTF-Adventure/src/client/js/utils/queue.js": {"lines":{"total":6,"covered":0,"skipped":0,"pct":0},"functions":{"total":6,"covered":0,"skipped":0,"pct":0},"statements":{"total":6,"covered":0,"skipped":0,"pct":0},"branches":{"total":0,"covered":0,"skipped":0,"pct":100}}
,"/Applications/MAMP/htdocs/WTF-Adventure/src/client/js/utils/storage.js": {"lines":{"total":38,"covered":2,"skipped":0,"pct":5.26},"functions":{"total":10,"covered":0,"skipped":0,"pct":0},"statements":{"total":38,"covered":2,"skipped":0,"pct":5.26},"branches":{"total":12,"covered":0,"skipped":0,"pct":0}}
,"/Applications/MAMP/htdocs/WTF-Adventure/src/client/js/utils/timer.js": {"lines":{"total":7,"covered":0,"skipped":0,"pct":0},"functions":{"total":2,"covered":0,"skipped":0,"pct":0},"statements":{"total":7,"covered":0,"skipped":0,"pct":0},"branches":{"total":2,"covered":0,"skipped":0,"pct":0}}
,"/Applications/MAMP/htdocs/WTF-Adventure/src/client/js/utils/transition.js": {"lines":{"total":30,"covered":0,"skipped":0,"pct":0},"functions":{"total":5,"covered":0,"skipped":0,"pct":0},"statements":{"total":30,"covered":0,"skipped":0,"pct":0},"branches":{"total":14,"covered":0,"skipped":0,"pct":0}}
,"/Applications/MAMP/htdocs/WTF-Adventure/src/client/js/utils/util.js": {"lines":{"total":7,"covered":5,"skipped":0,"pct":71.43},"functions":{"total":4,"covered":1,"skipped":0,"pct":25},"statements":{"total":8,"covered":5,"skipped":0,"pct":62.5},"branches":{"total":10,"covered":1,"skipped":0,"pct":10}}
}
