TN:
SF:src/client/js/app.js
FN:18,(anonymous_0)
FN:255,(anonymous_1)
FN:258,(anonymous_2)
FN:259,(anonymous_3)
FN:261,(anonymous_4)
FN:262,(anonymous_5)
FN:263,(anonymous_6)
FN:264,(anonymous_7)
FN:266,(anonymous_8)
FN:267,(anonymous_9)
FN:268,(anonymous_10)
FN:269,(anonymous_11)
FN:270,(anonymous_12)
FN:271,(anonymous_13)
FN:276,(anonymous_14)
FN:293,(anonymous_15)
FN:302,(anonymous_16)
FN:321,(anonymous_17)
FN:342,(anonymous_18)
FN:359,(anonymous_19)
FN:383,(anonymous_20)
FN:402,(anonymous_21)
FN:418,(anonymous_22)
FN:446,(anonymous_23)
FN:463,(anonymous_24)
FN:481,(anonymous_25)
FN:498,(anonymous_26)
FN:527,(anonymous_27)
FN:532,(anonymous_28)
FN:542,(anonymous_29)
FN:555,(anonymous_30)
FN:573,(anonymous_31)
FN:597,(anonymous_32)
FN:619,(anonymous_33)
FN:667,(anonymous_34)
FN:696,(anonymous_35)
FN:709,(anonymous_36)
FN:732,(anonymous_37)
FN:744,(anonymous_38)
FN:755,(anonymous_39)
FN:775,(anonymous_40)
FN:785,(anonymous_41)
FN:795,(anonymous_42)
FN:804,(anonymous_43)
FN:815,(anonymous_44)
FN:826,(anonymous_45)
FN:837,(anonymous_46)
FN:859,(anonymous_47)
FN:869,(anonymous_48)
FN:886,(anonymous_49)
FN:909,(anonymous_50)
FN:913,(anonymous_51)
FN:919,(anonymous_52)
FN:929,(anonymous_53)
FN:948,(anonymous_54)
FN:959,(anonymous_55)
FN:969,(anonymous_56)
FN:981,(anonymous_57)
FN:991,(anonymous_58)
FN:1001,(anonymous_59)
FNF:60
FNH:23
FNDA:5,(anonymous_0)
FNDA:6,(anonymous_1)
FNDA:0,(anonymous_2)
FNDA:0,(anonymous_3)
FNDA:0,(anonymous_4)
FNDA:0,(anonymous_5)
FNDA:0,(anonymous_6)
FNDA:0,(anonymous_7)
FNDA:0,(anonymous_8)
FNDA:0,(anonymous_9)
FNDA:0,(anonymous_10)
FNDA:0,(anonymous_11)
FNDA:0,(anonymous_12)
FNDA:0,(anonymous_13)
FNDA:0,(anonymous_14)
FNDA:0,(anonymous_15)
FNDA:2,(anonymous_16)
FNDA:3,(anonymous_17)
FNDA:2,(anonymous_18)
FNDA:7,(anonymous_19)
FNDA:2,(anonymous_20)
FNDA:2,(anonymous_21)
FNDA:2,(anonymous_22)
FNDA:2,(anonymous_23)
FNDA:2,(anonymous_24)
FNDA:2,(anonymous_25)
FNDA:11,(anonymous_26)
FNDA:0,(anonymous_27)
FNDA:0,(anonymous_28)
FNDA:0,(anonymous_29)
FNDA:5,(anonymous_30)
FNDA:4,(anonymous_31)
FNDA:1,(anonymous_32)
FNDA:0,(anonymous_33)
FNDA:0,(anonymous_34)
FNDA:0,(anonymous_35)
FNDA:5,(anonymous_36)
FNDA:0,(anonymous_37)
FNDA:0,(anonymous_38)
FNDA:9,(anonymous_39)
FNDA:10,(anonymous_40)
FNDA:0,(anonymous_41)
FNDA:0,(anonymous_42)
FNDA:0,(anonymous_43)
FNDA:0,(anonymous_44)
FNDA:0,(anonymous_45)
FNDA:0,(anonymous_46)
FNDA:0,(anonymous_47)
FNDA:0,(anonymous_48)
FNDA:0,(anonymous_49)
FNDA:0,(anonymous_50)
FNDA:0,(anonymous_51)
FNDA:0,(anonymous_52)
FNDA:1,(anonymous_53)
FNDA:10,(anonymous_54)
FNDA:10,(anonymous_55)
FNDA:0,(anonymous_56)
FNDA:5,(anonymous_57)
FNDA:0,(anonymous_58)
FNDA:0,(anonymous_59)
DA:19,5
DA:26,5
DA:32,5
DA:38,5
DA:44,5
DA:50,5
DA:56,5
DA:62,5
DA:68,5
DA:74,5
DA:80,5
DA:86,5
DA:92,5
DA:98,5
DA:104,5
DA:110,5
DA:116,5
DA:122,5
DA:128,5
DA:134,5
DA:140,5
DA:146,5
DA:152,5
DA:158,5
DA:164,5
DA:170,5
DA:176,5
DA:182,5
DA:188,5
DA:194,5
DA:200,5
DA:206,5
DA:212,5
DA:218,5
DA:224,5
DA:230,5
DA:236,5
DA:239,5
DA:240,5
DA:241,5
DA:242,5
DA:243,5
DA:245,5
DA:247,5
DA:248,5
DA:249,5
DA:256,6
DA:258,6
DA:259,6
DA:260,6
DA:261,6
DA:262,6
DA:263,6
DA:264,6
DA:266,6
DA:267,6
DA:268,6
DA:269,6
DA:270,6
DA:271,6
DA:273,6
DA:274,6
DA:276,6
DA:277,0
DA:278,0
DA:280,0
DA:281,0
DA:282,0
DA:286,6
DA:287,6
DA:288,6
DA:289,6
DA:293,6
DA:294,0
DA:303,2
DA:305,2
DA:306,1
DA:310,1
DA:311,1
DA:312,1
DA:313,1
DA:322,3
DA:324,3
DA:330,2
DA:333,1
DA:334,1
DA:343,2
DA:345,2
DA:346,1
DA:349,1
DA:350,1
DA:351,1
DA:360,7
DA:362,7
DA:367,0
DA:368,0
DA:369,0
DA:372,7
DA:384,2
DA:386,2
DA:387,1
DA:390,1
DA:392,1
DA:393,1
DA:394,1
DA:403,2
DA:405,2
DA:406,1
DA:409,1
DA:410,1
DA:419,2
DA:421,2
DA:423,2
DA:424,1
DA:427,1
DA:429,1
DA:430,0
DA:431,0
DA:434,1
DA:435,0
DA:438,1
DA:447,2
DA:449,2
DA:451,2
DA:452,1
DA:455,1
DA:456,1
DA:466,2
DA:467,1
DA:470,1
DA:471,1
DA:473,1
DA:482,2
DA:484,2
DA:485,1
DA:488,1
DA:489,1
DA:491,1
DA:499,11
DA:520,11
DA:528,0
DA:530,0
DA:532,0
DA:533,0
DA:534,0
DA:535,0
DA:543,0
DA:545,0
DA:546,0
DA:547,0
DA:556,5
DA:558,5
DA:559,2
DA:562,3
DA:564,3
DA:565,3
DA:566,3
DA:574,4
DA:576,4
DA:578,4
DA:579,2
DA:580,2
DA:582,2
DA:583,1
DA:586,2
DA:587,2
DA:589,2
DA:590,1
DA:598,1
DA:600,1
DA:602,1
DA:603,0
DA:606,1
DA:607,0
DA:608,0
DA:609,1
DA:612,1
DA:620,0
DA:622,0
DA:623,0
DA:624,0
DA:625,0
DA:627,0
DA:628,0
DA:636,0
DA:637,0
DA:638,0
DA:641,0
DA:642,0
DA:643,0
DA:646,0
DA:647,0
DA:651,0
DA:654,0
DA:655,0
DA:656,0
DA:659,0
DA:668,0
DA:670,0
DA:671,0
DA:673,0
DA:674,0
DA:677,0
DA:678,0
DA:679,0
DA:682,0
DA:683,0
DA:684,0
DA:687,0
DA:697,0
DA:699,0
DA:710,5
DA:712,5
DA:714,5
DA:716,5
DA:717,0
DA:718,0
DA:719,0
DA:722,5
DA:723,5
DA:733,0
DA:735,0
DA:736,0
DA:737,0
DA:739,0
DA:740,0
DA:743,0
DA:744,0
DA:745,0
DA:746,0
DA:747,0
DA:756,9
DA:758,9
DA:759,9
DA:763,9
DA:764,0
DA:767,9
DA:768,9
DA:776,10
DA:778,10
DA:786,0
DA:788,0
DA:796,0
DA:798,0
DA:805,0
DA:807,0
DA:808,0
DA:816,0
DA:818,0
DA:819,0
DA:827,0
DA:829,0
DA:838,0
DA:839,0
DA:840,0
DA:841,0
DA:850,0
DA:860,0
DA:862,0
DA:870,0
DA:872,0
DA:873,0
DA:874,0
DA:875,0
DA:878,0
DA:879,0
DA:887,0
DA:889,0
DA:890,0
DA:891,0
DA:893,0
DA:894,0
DA:895,0
DA:896,0
DA:898,0
DA:899,0
DA:900,0
DA:910,0
DA:912,0
DA:913,0
DA:914,0
DA:918,0
DA:919,0
DA:920,0
DA:930,1
DA:932,1
DA:933,1
DA:935,1
DA:940,1
DA:949,10
DA:952,10
DA:960,10
DA:962,10
DA:972,0
DA:982,5
DA:984,5
DA:992,0
DA:994,0
DA:1002,0
DA:1004,0
LF:300
LH:177
BRDA:280,0,0,0
BRDA:280,0,1,0
BRDA:305,1,0,1
BRDA:305,1,1,1
BRDA:324,2,0,2
BRDA:324,2,1,1
BRDA:325,3,0,3
BRDA:325,3,1,3
BRDA:325,3,2,3
BRDA:325,3,3,1
BRDA:325,3,4,1
BRDA:345,4,0,1
BRDA:345,4,1,1
BRDA:362,5,0,0
BRDA:362,5,1,7
BRDA:363,6,0,7
BRDA:363,6,1,7
BRDA:363,6,2,7
BRDA:386,7,0,1
BRDA:386,7,1,1
BRDA:386,8,0,2
BRDA:386,8,1,2
BRDA:405,9,0,1
BRDA:405,9,1,1
BRDA:405,10,0,2
BRDA:405,10,1,2
BRDA:405,10,2,1
BRDA:423,11,0,1
BRDA:423,11,1,1
BRDA:429,12,0,0
BRDA:429,12,1,1
BRDA:429,13,0,1
BRDA:429,13,1,0
BRDA:434,14,0,0
BRDA:434,14,1,1
BRDA:451,15,0,1
BRDA:451,15,1,1
BRDA:451,16,0,2
BRDA:451,16,1,2
BRDA:466,17,0,1
BRDA:466,17,1,1
BRDA:466,18,0,2
BRDA:466,18,1,1
BRDA:466,18,2,1
BRDA:484,19,0,1
BRDA:484,19,1,1
BRDA:484,20,0,2
BRDA:484,20,1,1
BRDA:558,21,0,2
BRDA:558,21,1,3
BRDA:558,22,0,5
BRDA:558,22,1,3
BRDA:578,23,0,2
BRDA:578,23,1,2
BRDA:582,24,0,1
BRDA:582,24,1,1
BRDA:586,25,0,2
BRDA:586,25,1,0
BRDA:589,26,0,1
BRDA:589,26,1,1
BRDA:590,27,0,0
BRDA:590,27,1,1
BRDA:602,28,0,0
BRDA:602,28,1,1
BRDA:606,29,0,0
BRDA:606,29,1,0
BRDA:606,29,2,1
BRDA:627,30,0,0
BRDA:627,30,1,0
BRDA:636,31,0,0
BRDA:636,31,1,0
BRDA:641,32,0,0
BRDA:641,32,1,0
BRDA:646,33,0,0
BRDA:646,33,1,0
BRDA:654,34,0,0
BRDA:654,34,1,0
BRDA:654,35,0,0
BRDA:654,35,1,0
BRDA:673,36,0,0
BRDA:673,36,1,0
BRDA:677,37,0,0
BRDA:677,37,1,0
BRDA:677,38,0,0
BRDA:677,38,1,0
BRDA:682,39,0,0
BRDA:682,39,1,0
BRDA:682,40,0,0
BRDA:682,40,1,0
BRDA:716,41,0,0
BRDA:716,41,1,5
BRDA:739,42,0,0
BRDA:739,42,1,0
BRDA:759,43,0,0
BRDA:759,43,1,9
BRDA:778,44,0,10
BRDA:778,44,1,10
BRDA:778,44,2,1
BRDA:807,45,0,0
BRDA:807,45,1,0
BRDA:841,46,0,0
BRDA:841,46,1,0
BRDA:841,47,0,0
BRDA:841,47,1,0
BRDA:850,48,0,0
BRDA:850,48,1,0
BRDA:872,49,0,0
BRDA:872,49,1,0
BRDA:893,50,0,0
BRDA:893,50,1,0
BRDA:912,51,0,0
BRDA:912,51,1,0
BRDA:918,52,0,0
BRDA:918,52,1,0
BRDA:962,53,0,0
BRDA:962,53,1,10
BRDA:1004,54,0,0
BRDA:1004,54,1,0
BRDA:1004,54,2,0
BRF:119
BRH:62
end_of_record
TN:
SF:src/client/js/game.js
FN:35,(anonymous_0)
FN:224,(anonymous_1)
FN:242,(anonymous_2)
FN:254,(anonymous_3)
FN:277,(anonymous_4)
FN:308,(anonymous_5)
FN:329,(anonymous_6)
FN:381,(anonymous_7)
FN:385,(anonymous_8)
FN:396,(anonymous_9)
FN:422,(anonymous_10)
FN:431,(anonymous_11)
FN:435,(anonymous_12)
FN:442,(anonymous_13)
FN:443,(anonymous_14)
FN:444,(anonymous_15)
FN:445,(anonymous_16)
FN:446,(anonymous_17)
FN:447,(anonymous_18)
FN:448,(anonymous_19)
FN:449,(anonymous_20)
FN:450,(anonymous_21)
FN:451,(anonymous_22)
FN:452,(anonymous_23)
FN:453,(anonymous_24)
FN:454,(anonymous_25)
FN:455,(anonymous_26)
FN:456,(anonymous_27)
FN:458,(anonymous_28)
FN:459,(anonymous_29)
FN:460,(anonymous_30)
FN:461,(anonymous_31)
FN:462,(anonymous_32)
FN:463,(anonymous_33)
FN:464,(anonymous_34)
FN:465,(anonymous_35)
FN:466,(anonymous_36)
FN:467,(anonymous_37)
FN:468,(anonymous_38)
FN:469,(anonymous_39)
FN:470,(anonymous_40)
FN:471,(anonymous_41)
FN:472,(anonymous_42)
FN:473,(anonymous_43)
FN:474,(anonymous_44)
FN:475,(anonymous_45)
FN:488,(anonymous_46)
FN:560,(anonymous_47)
FN:578,(anonymous_48)
FN:624,(anonymous_49)
FN:635,(anonymous_50)
FN:643,(anonymous_51)
FN:660,(anonymous_52)
FN:701,(anonymous_53)
FN:767,(anonymous_54)
FN:789,(anonymous_55)
FN:817,(anonymous_56)
FN:836,(anonymous_57)
FN:857,(anonymous_58)
FN:880,(anonymous_59)
FN:888,(anonymous_60)
FN:969,(anonymous_61)
FN:984,(anonymous_62)
FN:996,(anonymous_63)
FN:1002,(anonymous_64)
FN:1029,(anonymous_65)
FN:1035,(anonymous_66)
FN:1060,(anonymous_67)
FN:1101,(anonymous_68)
FN:1128,(anonymous_69)
FN:1152,(anonymous_70)
FN:1172,(anonymous_71)
FN:1184,(anonymous_72)
FN:1226,(anonymous_73)
FN:1247,(anonymous_74)
FN:1263,(anonymous_75)
FN:1275,(anonymous_76)
FN:1319,(anonymous_77)
FN:1368,(anonymous_78)
FN:1385,(anonymous_79)
FN:1405,(anonymous_80)
FN:1420,(anonymous_81)
FN:1453,(anonymous_82)
FN:1467,(anonymous_83)
FN:1490,(anonymous_84)
FN:1529,(anonymous_85)
FN:1553,(anonymous_86)
FN:1559,(anonymous_87)
FN:1565,(anonymous_88)
FN:1575,(anonymous_89)
FN:1586,(anonymous_90)
FN:1600,(anonymous_91)
FN:1611,(anonymous_92)
FN:1637,(anonymous_93)
FN:1646,(anonymous_94)
FN:1656,(anonymous_95)
FN:1666,(anonymous_96)
FN:1672,(anonymous_97)
FN:1676,(anonymous_98)
FN:1682,(anonymous_99)
FN:1688,(anonymous_100)
FN:1694,(anonymous_101)
FN:1706,(anonymous_102)
FN:1719,(anonymous_103)
FN:1725,(anonymous_104)
FN:1731,(anonymous_105)
FN:1737,(anonymous_106)
FN:1745,(anonymous_107)
FN:1753,(anonymous_108)
FN:1761,(anonymous_109)
FN:1769,(anonymous_110)
FN:1777,(anonymous_111)
FN:1785,(anonymous_112)
FN:1794,(anonymous_113)
FN:1802,(anonymous_114)
FN:1810,(anonymous_115)
FN:1818,(anonymous_116)
FN:1826,(anonymous_117)
FN:1834,(anonymous_118)
FNF:119
FNH:0
FNDA:0,(anonymous_0)
FNDA:0,(anonymous_1)
FNDA:0,(anonymous_2)
FNDA:0,(anonymous_3)
FNDA:0,(anonymous_4)
FNDA:0,(anonymous_5)
FNDA:0,(anonymous_6)
FNDA:0,(anonymous_7)
FNDA:0,(anonymous_8)
FNDA:0,(anonymous_9)
FNDA:0,(anonymous_10)
FNDA:0,(anonymous_11)
FNDA:0,(anonymous_12)
FNDA:0,(anonymous_13)
FNDA:0,(anonymous_14)
FNDA:0,(anonymous_15)
FNDA:0,(anonymous_16)
FNDA:0,(anonymous_17)
FNDA:0,(anonymous_18)
FNDA:0,(anonymous_19)
FNDA:0,(anonymous_20)
FNDA:0,(anonymous_21)
FNDA:0,(anonymous_22)
FNDA:0,(anonymous_23)
FNDA:0,(anonymous_24)
FNDA:0,(anonymous_25)
FNDA:0,(anonymous_26)
FNDA:0,(anonymous_27)
FNDA:0,(anonymous_28)
FNDA:0,(anonymous_29)
FNDA:0,(anonymous_30)
FNDA:0,(anonymous_31)
FNDA:0,(anonymous_32)
FNDA:0,(anonymous_33)
FNDA:0,(anonymous_34)
FNDA:0,(anonymous_35)
FNDA:0,(anonymous_36)
FNDA:0,(anonymous_37)
FNDA:0,(anonymous_38)
FNDA:0,(anonymous_39)
FNDA:0,(anonymous_40)
FNDA:0,(anonymous_41)
FNDA:0,(anonymous_42)
FNDA:0,(anonymous_43)
FNDA:0,(anonymous_44)
FNDA:0,(anonymous_45)
FNDA:0,(anonymous_46)
FNDA:0,(anonymous_47)
FNDA:0,(anonymous_48)
FNDA:0,(anonymous_49)
FNDA:0,(anonymous_50)
FNDA:0,(anonymous_51)
FNDA:0,(anonymous_52)
FNDA:0,(anonymous_53)
FNDA:0,(anonymous_54)
FNDA:0,(anonymous_55)
FNDA:0,(anonymous_56)
FNDA:0,(anonymous_57)
FNDA:0,(anonymous_58)
FNDA:0,(anonymous_59)
FNDA:0,(anonymous_60)
FNDA:0,(anonymous_61)
FNDA:0,(anonymous_62)
FNDA:0,(anonymous_63)
FNDA:0,(anonymous_64)
FNDA:0,(anonymous_65)
FNDA:0,(anonymous_66)
FNDA:0,(anonymous_67)
FNDA:0,(anonymous_68)
FNDA:0,(anonymous_69)
FNDA:0,(anonymous_70)
FNDA:0,(anonymous_71)
FNDA:0,(anonymous_72)
FNDA:0,(anonymous_73)
FNDA:0,(anonymous_74)
FNDA:0,(anonymous_75)
FNDA:0,(anonymous_76)
FNDA:0,(anonymous_77)
FNDA:0,(anonymous_78)
FNDA:0,(anonymous_79)
FNDA:0,(anonymous_80)
FNDA:0,(anonymous_81)
FNDA:0,(anonymous_82)
FNDA:0,(anonymous_83)
FNDA:0,(anonymous_84)
FNDA:0,(anonymous_85)
FNDA:0,(anonymous_86)
FNDA:0,(anonymous_87)
FNDA:0,(anonymous_88)
FNDA:0,(anonymous_89)
FNDA:0,(anonymous_90)
FNDA:0,(anonymous_91)
FNDA:0,(anonymous_92)
FNDA:0,(anonymous_93)
FNDA:0,(anonymous_94)
FNDA:0,(anonymous_95)
FNDA:0,(anonymous_96)
FNDA:0,(anonymous_97)
FNDA:0,(anonymous_98)
FNDA:0,(anonymous_99)
FNDA:0,(anonymous_100)
FNDA:0,(anonymous_101)
FNDA:0,(anonymous_102)
FNDA:0,(anonymous_103)
FNDA:0,(anonymous_104)
FNDA:0,(anonymous_105)
FNDA:0,(anonymous_106)
FNDA:0,(anonymous_107)
FNDA:0,(anonymous_108)
FNDA:0,(anonymous_109)
FNDA:0,(anonymous_110)
FNDA:0,(anonymous_111)
FNDA:0,(anonymous_112)
FNDA:0,(anonymous_113)
FNDA:0,(anonymous_114)
FNDA:0,(anonymous_115)
FNDA:0,(anonymous_116)
FNDA:0,(anonymous_117)
FNDA:0,(anonymous_118)
DA:36,0
DA:42,0
DA:49,0
DA:55,0
DA:61,0
DA:67,0
DA:73,0
DA:79,0
DA:85,0
DA:91,0
DA:97,0
DA:103,0
DA:109,0
DA:115,0
DA:123,0
DA:129,0
DA:135,0
DA:141,0
DA:147,0
DA:153,0
DA:159,0
DA:165,0
DA:171,0
DA:177,0
DA:183,0
DA:189,0
DA:195,0
DA:201,0
DA:207,0
DA:213,0
DA:215,0
DA:216,0
DA:225,0
DA:227,0
DA:228,0
DA:231,0
DA:233,0
DA:234,0
DA:236,0
DA:243,0
DA:245,0
DA:246,0
DA:257,0
DA:259,0
DA:260,0
DA:261,0
DA:263,0
DA:265,0
DA:278,0
DA:280,0
DA:281,0
DA:282,0
DA:283,0
DA:284,0
DA:285,0
DA:286,0
DA:287,0
DA:288,0
DA:289,0
DA:290,0
DA:291,0
DA:292,0
DA:293,0
DA:294,0
DA:296,0
DA:309,0
DA:310,0
DA:311,0
DA:312,0
DA:313,0
DA:315,0
DA:316,0
DA:318,0
DA:320,0
DA:322,0
DA:330,0
DA:332,0
DA:334,0
DA:336,0
DA:337,0
DA:340,0
DA:341,0
DA:342,0
DA:344,0
DA:345,0
DA:346,0
DA:347,0
DA:349,0
DA:350,0
DA:352,0
DA:353,0
DA:355,0
DA:356,0
DA:358,0
DA:359,0
DA:361,0
DA:362,0
DA:364,0
DA:365,0
DA:367,0
DA:369,0
DA:370,0
DA:371,0
DA:374,0
DA:382,0
DA:384,0
DA:385,0
DA:386,0
DA:387,0
DA:389,0
DA:397,0
DA:399,0
DA:400,0
DA:402,0
DA:403,0
DA:405,0
DA:406,0
DA:408,0
DA:409,0
DA:410,0
DA:415,0
DA:416,0
DA:417,0
DA:418,0
DA:419,0
DA:423,0
DA:432,0
DA:434,0
DA:435,0
DA:442,0
DA:443,0
DA:444,0
DA:445,0
DA:446,0
DA:447,0
DA:448,0
DA:449,0
DA:450,0
DA:451,0
DA:452,0
DA:453,0
DA:454,0
DA:455,0
DA:456,0
DA:457,0
DA:458,0
DA:459,0
DA:460,0
DA:461,0
DA:462,0
DA:463,0
DA:464,0
DA:465,0
DA:466,0
DA:467,0
DA:468,0
DA:469,0
DA:470,0
DA:471,0
DA:472,0
DA:473,0
DA:474,0
DA:475,0
DA:477,0
DA:489,0
DA:491,0
DA:492,0
DA:494,0
DA:495,0
DA:498,0
DA:499,0
DA:502,0
DA:504,0
DA:505,0
DA:507,0
DA:508,0
DA:509,0
DA:510,0
DA:512,0
DA:518,0
DA:519,0
DA:520,0
DA:527,0
DA:528,0
DA:529,0
DA:530,0
DA:532,0
DA:539,0
DA:540,0
DA:541,0
DA:543,0
DA:544,0
DA:547,0
DA:550,0
DA:561,0
DA:563,0
DA:564,0
DA:569,0
DA:579,0
DA:581,0
DA:583,0
DA:584,0
DA:586,0
DA:587,0
DA:589,0
DA:590,0
DA:591,0
DA:592,0
DA:593,0
DA:594,0
DA:596,0
DA:604,0
DA:605,0
DA:607,0
DA:608,0
DA:609,0
DA:610,0
DA:612,0
DA:613,0
DA:615,0
DA:625,0
DA:626,0
DA:636,0
DA:637,0
DA:638,0
DA:639,0
DA:641,0
DA:643,0
DA:647,0
DA:648,0
DA:649,0
DA:661,0
DA:663,0
DA:665,0
DA:666,0
DA:669,0
DA:670,0
DA:671,0
DA:674,0
DA:675,0
DA:676,0
DA:679,0
DA:680,0
DA:681,0
DA:684,0
DA:685,0
DA:688,0
DA:689,0
DA:692,0
DA:693,0
DA:702,0
DA:704,0
DA:705,0
DA:707,0
DA:709,0
DA:711,0
DA:712,0
DA:713,0
DA:714,0
DA:715,0
DA:716,0
DA:718,0
DA:719,0
DA:722,0
DA:723,0
DA:726,0
DA:727,0
DA:729,0
DA:730,0
DA:732,0
DA:733,0
DA:736,0
DA:737,0
DA:740,0
DA:741,0
DA:743,0
DA:744,0
DA:747,0
DA:748,0
DA:751,0
DA:752,0
DA:753,0
DA:754,0
DA:756,0
DA:759,0
DA:768,0
DA:770,0
DA:771,0
DA:772,0
DA:773,0
DA:774,0
DA:775,0
DA:777,0
DA:778,0
DA:781,0
DA:782,0
DA:789,0
DA:790,0
DA:792,0
DA:793,0
DA:795,0
DA:796,0
DA:797,0
DA:798,0
DA:799,0
DA:800,0
DA:801,0
DA:802,0
DA:805,0
DA:806,0
DA:808,0
DA:809,0
DA:812,0
DA:813,0
DA:814,0
DA:815,0
DA:817,0
DA:818,0
DA:819,0
DA:820,0
DA:821,0
DA:822,0
DA:825,0
DA:828,0
DA:837,0
DA:839,0
DA:841,0
DA:842,0
DA:845,0
DA:846,0
DA:848,0
DA:850,0
DA:852,0
DA:853,0
DA:855,0
DA:857,0
DA:858,0
DA:859,0
DA:861,0
DA:864,0
DA:865,0
DA:868,0
DA:870,0
DA:871,0
DA:877,0
DA:878,0
DA:880,0
DA:881,0
DA:882,0
DA:885,0
DA:889,0
DA:891,0
DA:892,0
DA:893,0
DA:895,0
DA:896,0
DA:899,0
DA:901,0
DA:903,0
DA:904,0
DA:906,0
DA:907,0
DA:913,0
DA:915,0
DA:916,0
DA:918,0
DA:919,0
DA:920,0
DA:924,0
DA:925,0
DA:928,0
DA:930,0
DA:931,0
DA:933,0
DA:934,0
DA:939,0
DA:942,0
DA:949,0
DA:950,0
DA:952,0
DA:953,0
DA:955,0
DA:957,0
DA:958,0
DA:959,0
DA:962,0
DA:963,0
DA:965,0
DA:970,0
DA:972,0
DA:973,0
DA:974,0
DA:975,0
DA:977,0
DA:978,0
DA:981,0
DA:985,0
DA:987,0
DA:989,0
DA:991,0
DA:992,0
DA:997,0
DA:999,0
DA:1003,0
DA:1005,0
DA:1006,0
DA:1007,0
DA:1008,0
DA:1010,0
DA:1011,0
DA:1014,0
DA:1015,0
DA:1017,0
DA:1021,0
DA:1024,0
DA:1025,0
DA:1030,0
DA:1032,0
DA:1036,0
DA:1038,0
DA:1039,0
DA:1042,0
DA:1043,0
DA:1045,0
DA:1046,0
DA:1047,0
DA:1049,0
DA:1053,0
DA:1054,0
DA:1057,0
DA:1061,0
DA:1063,0
DA:1065,0
DA:1067,0
DA:1068,0
DA:1070,0
DA:1071,0
DA:1073,0
DA:1074,0
DA:1077,0
DA:1079,0
DA:1080,0
DA:1083,0
DA:1084,0
DA:1086,0
DA:1087,0
DA:1090,0
DA:1092,0
DA:1093,0
DA:1096,0
DA:1097,0
DA:1102,0
DA:1104,0
DA:1106,0
DA:1108,0
DA:1109,0
DA:1111,0
DA:1112,0
DA:1115,0
DA:1116,0
DA:1119,0
DA:1120,0
DA:1123,0
DA:1124,0
DA:1129,0
DA:1131,0
DA:1133,0
DA:1134,0
DA:1136,0
DA:1137,0
DA:1138,0
DA:1141,0
DA:1142,0
DA:1143,0
DA:1146,0
DA:1147,0
DA:1148,0
DA:1153,0
DA:1155,0
DA:1157,0
DA:1159,0
DA:1160,0
DA:1163,0
DA:1164,0
DA:1167,0
DA:1168,0
DA:1173,0
DA:1175,0
DA:1177,0
DA:1178,0
DA:1181,0
DA:1185,0
DA:1187,0
DA:1189,0
DA:1190,0
DA:1193,0
DA:1195,0
DA:1197,0
DA:1204,0
DA:1207,0
DA:1214,0
DA:1217,0
DA:1218,0
DA:1220,0
DA:1223,0
DA:1227,0
DA:1229,0
DA:1231,0
DA:1232,0
DA:1235,0
DA:1237,0
DA:1238,0
DA:1239,0
DA:1240,0
DA:1241,0
DA:1244,0
DA:1248,0
DA:1250,0
DA:1252,0
DA:1253,0
DA:1256,0
DA:1257,0
DA:1258,0
DA:1259,0
DA:1260,0
DA:1264,0
DA:1266,0
DA:1268,0
DA:1269,0
DA:1272,0
DA:1276,0
DA:1278,0
DA:1280,0
DA:1282,0
DA:1283,0
DA:1284,0
DA:1285,0
DA:1287,0
DA:1288,0
DA:1289,0
DA:1292,0
DA:1293,0
DA:1294,0
DA:1295,0
DA:1298,0
DA:1302,0
DA:1304,0
DA:1305,0
DA:1306,0
DA:1307,0
DA:1309,0
DA:1311,0
DA:1312,0
DA:1315,0
DA:1316,0
DA:1317,0
DA:1319,0
DA:1320,0
DA:1322,0
DA:1323,0
DA:1324,0
DA:1332,0
DA:1333,0
DA:1334,0
DA:1337,0
DA:1339,0
DA:1340,0
DA:1341,0
DA:1344,0
DA:1346,0
DA:1349,0
DA:1350,0
DA:1353,0
DA:1354,0
DA:1357,0
DA:1358,0
DA:1360,0
DA:1361,0
DA:1364,0
DA:1369,0
DA:1371,0
DA:1372,0
DA:1373,0
DA:1376,0
DA:1377,0
DA:1378,0
DA:1379,0
DA:1380,0
DA:1381,0
DA:1382,0
DA:1386,0
DA:1391,0
DA:1393,0
DA:1395,0
DA:1397,0
DA:1398,0
DA:1400,0
DA:1401,0
DA:1406,0
DA:1408,0
DA:1410,0
DA:1412,0
DA:1414,0
DA:1417,0
DA:1421,0
DA:1423,0
DA:1425,0
DA:1427,0
DA:1429,0
DA:1430,0
DA:1433,0
DA:1434,0
DA:1435,0
DA:1438,0
DA:1439,0
DA:1440,0
DA:1443,0
DA:1444,0
DA:1445,0
DA:1448,0
DA:1449,0
DA:1454,0
DA:1456,0
DA:1457,0
DA:1459,0
DA:1461,0
DA:1462,0
DA:1468,0
DA:1470,0
DA:1472,0
DA:1474,0
DA:1476,0
DA:1478,0
DA:1480,0
DA:1483,0
DA:1491,0
DA:1494,0
DA:1496,0
DA:1498,0
DA:1500,0
DA:1502,0
DA:1504,0
DA:1505,0
DA:1507,0
DA:1509,0
DA:1511,0
DA:1513,0
DA:1515,0
DA:1517,0
DA:1519,0
DA:1520,0
DA:1521,0
DA:1524,0
DA:1525,0
DA:1530,0
DA:1532,0
DA:1533,0
DA:1535,0
DA:1536,0
DA:1538,0
DA:1539,0
DA:1542,0
DA:1543,0
DA:1546,0
DA:1547,0
DA:1550,0
DA:1554,0
DA:1556,0
DA:1560,0
DA:1562,0
DA:1566,0
DA:1568,0
DA:1569,0
DA:1572,0
DA:1576,0
DA:1578,0
DA:1579,0
DA:1581,0
DA:1582,0
DA:1585,0
DA:1586,0
DA:1587,0
DA:1591,0
DA:1593,0
DA:1594,0
DA:1597,0
DA:1601,0
DA:1603,0
DA:1612,0
DA:1614,0
DA:1615,0
DA:1618,0
DA:1619,0
DA:1621,0
DA:1623,0
DA:1625,0
DA:1626,0
DA:1627,0
DA:1630,0
DA:1631,0
DA:1633,0
DA:1634,0
DA:1638,0
DA:1640,0
DA:1641,0
DA:1643,0
DA:1647,0
DA:1649,0
DA:1650,0
DA:1653,0
DA:1657,0
DA:1659,0
DA:1661,0
DA:1662,0
DA:1667,0
DA:1669,0
DA:1673,0
DA:1677,0
DA:1679,0
DA:1683,0
DA:1685,0
DA:1689,0
DA:1691,0
DA:1695,0
DA:1697,0
DA:1699,0
DA:1700,0
DA:1703,0
DA:1705,0
DA:1706,0
DA:1707,0
DA:1708,0
DA:1710,0
DA:1713,0
DA:1716,0
DA:1720,0
DA:1722,0
DA:1726,0
DA:1728,0
DA:1732,0
DA:1734,0
DA:1738,0
DA:1740,0
DA:1741,0
DA:1746,0
DA:1748,0
DA:1749,0
DA:1754,0
DA:1756,0
DA:1757,0
DA:1762,0
DA:1764,0
DA:1765,0
DA:1770,0
DA:1772,0
DA:1773,0
DA:1778,0
DA:1780,0
DA:1781,0
DA:1786,0
DA:1788,0
DA:1789,0
DA:1790,0
DA:1795,0
DA:1797,0
DA:1798,0
DA:1803,0
DA:1805,0
DA:1806,0
DA:1811,0
DA:1813,0
DA:1814,0
DA:1819,0
DA:1821,0
DA:1822,0
DA:1827,0
DA:1829,0
DA:1830,0
DA:1835,0
DA:1837,0
DA:1838,0
LF:781
LH:0
BRDA:227,0,0,0
BRDA:227,0,1,0
BRDA:257,1,0,0
BRDA:257,1,1,0
BRDA:263,2,0,0
BRDA:263,2,1,0
BRDA:334,3,0,0
BRDA:334,3,1,0
BRDA:336,4,0,0
BRDA:336,4,1,0
BRDA:369,5,0,0
BRDA:369,5,1,0
BRDA:494,6,0,0
BRDA:494,6,1,0
BRDA:498,7,0,0
BRDA:498,7,1,0
BRDA:504,8,0,0
BRDA:504,8,1,0
BRDA:518,9,0,0
BRDA:518,9,1,0
BRDA:539,10,0,0
BRDA:539,10,1,0
BRDA:581,11,0,0
BRDA:581,11,1,0
BRDA:581,11,2,0
BRDA:581,11,3,0
BRDA:609,12,0,0
BRDA:609,12,1,0
BRDA:643,13,0,0
BRDA:643,13,1,0
BRDA:665,14,0,0
BRDA:665,14,1,0
BRDA:665,15,0,0
BRDA:665,15,1,0
BRDA:669,16,0,0
BRDA:669,16,1,0
BRDA:674,17,0,0
BRDA:674,17,1,0
BRDA:679,18,0,0
BRDA:679,18,1,0
BRDA:684,19,0,0
BRDA:684,19,1,0
BRDA:688,20,0,0
BRDA:688,20,1,0
BRDA:707,21,0,0
BRDA:707,21,1,0
BRDA:707,21,2,0
BRDA:707,21,3,0
BRDA:707,21,4,0
BRDA:718,22,0,0
BRDA:718,22,1,0
BRDA:722,23,0,0
BRDA:722,23,1,0
BRDA:732,24,0,0
BRDA:732,24,1,0
BRDA:732,25,0,0
BRDA:732,25,1,0
BRDA:743,26,0,0
BRDA:743,26,1,0
BRDA:747,27,0,0
BRDA:747,27,1,0
BRDA:751,28,0,0
BRDA:751,28,1,0
BRDA:753,29,0,0
BRDA:753,29,1,0
BRDA:777,30,0,0
BRDA:777,30,1,0
BRDA:795,31,0,0
BRDA:795,31,1,0
BRDA:800,32,0,0
BRDA:800,32,1,0
BRDA:812,33,0,0
BRDA:812,33,1,0
BRDA:841,34,0,0
BRDA:841,34,1,0
BRDA:848,35,0,0
BRDA:848,35,1,0
BRDA:848,35,2,0
BRDA:864,36,0,0
BRDA:864,36,1,0
BRDA:864,37,0,0
BRDA:864,37,1,0
BRDA:870,38,0,0
BRDA:870,38,1,0
BRDA:870,39,0,0
BRDA:870,39,1,0
BRDA:895,40,0,0
BRDA:895,40,1,0
BRDA:895,41,0,0
BRDA:895,41,1,0
BRDA:899,42,0,0
BRDA:899,42,1,0
BRDA:899,42,2,0
BRDA:899,42,3,0
BRDA:906,43,0,0
BRDA:906,43,1,0
BRDA:906,44,0,0
BRDA:906,44,1,0
BRDA:918,45,0,0
BRDA:918,45,1,0
BRDA:924,46,0,0
BRDA:924,46,1,0
BRDA:928,47,0,0
BRDA:928,47,1,0
BRDA:933,48,0,0
BRDA:933,48,1,0
BRDA:933,49,0,0
BRDA:933,49,1,0
BRDA:952,50,0,0
BRDA:952,50,1,0
BRDA:952,51,0,0
BRDA:952,51,1,0
BRDA:957,52,0,0
BRDA:957,52,1,0
BRDA:962,53,0,0
BRDA:962,53,1,0
BRDA:977,54,0,0
BRDA:977,54,1,0
BRDA:987,55,0,0
BRDA:987,55,1,0
BRDA:1010,56,0,0
BRDA:1010,56,1,0
BRDA:1014,57,0,0
BRDA:1014,57,1,0
BRDA:1017,58,0,0
BRDA:1017,58,1,0
BRDA:1018,59,0,0
BRDA:1018,59,1,0
BRDA:1018,59,2,0
BRDA:1024,60,0,0
BRDA:1024,60,1,0
BRDA:1038,61,0,0
BRDA:1038,61,1,0
BRDA:1042,62,0,0
BRDA:1042,62,1,0
BRDA:1045,63,0,0
BRDA:1045,63,1,0
BRDA:1053,64,0,0
BRDA:1053,64,1,0
BRDA:1063,65,0,0
BRDA:1063,65,1,0
BRDA:1063,65,2,0
BRDA:1063,65,3,0
BRDA:1073,66,0,0
BRDA:1073,66,1,0
BRDA:1079,67,0,0
BRDA:1079,67,1,0
BRDA:1086,68,0,0
BRDA:1086,68,1,0
BRDA:1092,69,0,0
BRDA:1092,69,1,0
BRDA:1104,70,0,0
BRDA:1104,70,1,0
BRDA:1104,70,2,0
BRDA:1104,70,3,0
BRDA:1115,71,0,0
BRDA:1115,71,1,0
BRDA:1131,72,0,0
BRDA:1131,72,1,0
BRDA:1131,72,2,0
BRDA:1131,72,3,0
BRDA:1155,73,0,0
BRDA:1155,73,1,0
BRDA:1155,73,2,0
BRDA:1155,73,3,0
BRDA:1177,74,0,0
BRDA:1177,74,1,0
BRDA:1189,75,0,0
BRDA:1189,75,1,0
BRDA:1193,76,0,0
BRDA:1193,76,1,0
BRDA:1193,76,2,0
BRDA:1217,77,0,0
BRDA:1217,77,1,0
BRDA:1231,78,0,0
BRDA:1231,78,1,0
BRDA:1231,79,0,0
BRDA:1231,79,1,0
BRDA:1237,80,0,0
BRDA:1237,80,1,0
BRDA:1240,81,0,0
BRDA:1240,81,1,0
BRDA:1252,82,0,0
BRDA:1252,82,1,0
BRDA:1252,83,0,0
BRDA:1252,83,1,0
BRDA:1268,84,0,0
BRDA:1268,84,1,0
BRDA:1268,85,0,0
BRDA:1268,85,1,0
BRDA:1278,86,0,0
BRDA:1278,86,1,0
BRDA:1278,86,2,0
BRDA:1278,86,3,0
BRDA:1278,86,4,0
BRDA:1287,87,0,0
BRDA:1287,87,1,0
BRDA:1292,88,0,0
BRDA:1292,88,1,0
BRDA:1298,89,0,0
BRDA:1298,89,1,0
BRDA:1304,90,0,0
BRDA:1304,90,1,0
BRDA:1311,91,0,0
BRDA:1311,91,1,0
BRDA:1311,92,0,0
BRDA:1311,92,1,0
BRDA:1315,93,0,0
BRDA:1315,93,1,0
BRDA:1322,94,0,0
BRDA:1322,94,1,0
BRDA:1339,95,0,0
BRDA:1339,95,1,0
BRDA:1339,96,0,0
BRDA:1339,96,1,0
BRDA:1360,97,0,0
BRDA:1360,97,1,0
BRDA:1371,98,0,0
BRDA:1371,98,1,0
BRDA:1393,99,0,0
BRDA:1393,99,1,0
BRDA:1393,99,2,0
BRDA:1408,100,0,0
BRDA:1408,100,1,0
BRDA:1408,100,2,0
BRDA:1423,101,0,0
BRDA:1423,101,1,0
BRDA:1423,101,2,0
BRDA:1423,101,3,0
BRDA:1423,101,4,0
BRDA:1429,102,0,0
BRDA:1429,102,1,0
BRDA:1456,103,0,0
BRDA:1456,103,1,0
BRDA:1461,104,0,0
BRDA:1461,104,1,0
BRDA:1470,105,0,0
BRDA:1470,105,1,0
BRDA:1470,105,2,0
BRDA:1470,105,3,0
BRDA:1470,105,4,0
BRDA:1519,106,0,0
BRDA:1519,106,1,0
BRDA:1524,107,0,0
BRDA:1524,107,1,0
BRDA:1538,108,0,0
BRDA:1538,108,1,0
BRDA:1542,109,0,0
BRDA:1542,109,1,0
BRDA:1546,110,0,0
BRDA:1546,110,1,0
BRDA:1568,111,0,0
BRDA:1568,111,1,0
BRDA:1581,112,0,0
BRDA:1581,112,1,0
BRDA:1581,113,0,0
BRDA:1581,113,1,0
BRDA:1581,113,2,0
BRDA:1585,114,0,0
BRDA:1585,114,1,0
BRDA:1593,115,0,0
BRDA:1593,115,1,0
BRDA:1614,116,0,0
BRDA:1614,116,1,0
BRDA:1625,117,0,0
BRDA:1625,117,1,0
BRDA:1649,118,0,0
BRDA:1649,118,1,0
BRDA:1649,119,0,0
BRDA:1649,119,1,0
BRDA:1661,120,0,0
BRDA:1661,120,1,0
BRDA:1699,121,0,0
BRDA:1699,121,1,0
BRDA:1700,122,0,0
BRDA:1700,122,1,0
BRDA:1705,123,0,0
BRDA:1705,123,1,0
BRDA:1707,124,0,0
BRDA:1707,124,1,0
BRDA:1740,125,0,0
BRDA:1740,125,1,0
BRDA:1748,126,0,0
BRDA:1748,126,1,0
BRDA:1756,127,0,0
BRDA:1756,127,1,0
BRDA:1764,128,0,0
BRDA:1764,128,1,0
BRDA:1772,129,0,0
BRDA:1772,129,1,0
BRDA:1780,130,0,0
BRDA:1780,130,1,0
BRDA:1788,131,0,0
BRDA:1788,131,1,0
BRDA:1797,132,0,0
BRDA:1797,132,1,0
BRDA:1805,133,0,0
BRDA:1805,133,1,0
BRDA:1813,134,0,0
BRDA:1813,134,1,0
BRDA:1821,135,0,0
BRDA:1821,135,1,0
BRDA:1829,136,0,0
BRDA:1829,136,1,0
BRDA:1837,137,0,0
BRDA:1837,137,1,0
BRF:306
BRH:0
end_of_record
TN:
SF:src/client/js/main.js
FN:15,(anonymous_0)
FN:46,(anonymous_1)
FN:47,(anonymous_2)
FN:53,(anonymous_3)
FN:65,(anonymous_4)
FN:88,(anonymous_5)
FN:91,(anonymous_6)
FN:92,(anonymous_7)
FN:105,(anonymous_8)
FN:114,(anonymous_9)
FN:115,(anonymous_10)
FNF:11
FNH:8
FNDA:3,(anonymous_0)
FNDA:2,(anonymous_1)
FNDA:0,(anonymous_2)
FNDA:4,(anonymous_3)
FNDA:5,(anonymous_4)
FNDA:5,(anonymous_5)
FNDA:0,(anonymous_6)
FNDA:1,(anonymous_7)
FNDA:4,(anonymous_8)
FNDA:5,(anonymous_9)
FNDA:0,(anonymous_10)
DA:20,3
DA:26,3
DA:32,3
DA:38,3
DA:40,3
DA:47,2
DA:54,4
DA:55,4
DA:56,4
DA:57,4
DA:58,4
DA:59,4
DA:66,5
DA:67,5
DA:70,5
DA:71,5
DA:74,5
DA:75,5
DA:89,5
DA:91,5
DA:92,5
DA:93,1
DA:94,1
DA:97,5
DA:99,5
DA:100,5
DA:101,5
DA:105,5
DA:106,4
DA:115,5
DA:116,0
DA:118,0
DA:119,0
DA:124,1
LF:34
LH:31
BRDA:66,0,0,5
BRDA:66,0,1,0
BRDA:70,1,0,5
BRDA:70,1,1,0
BRDA:74,2,0,5
BRDA:74,2,1,0
BRF:6
BRH:3
end_of_record
TN:
SF:src/client/js/controllers/audio.js
FN:15,(anonymous_0)
FN:71,(anonymous_1)
FN:110,(anonymous_2)
FN:116,callbackPlayThrough
FN:128,(anonymous_4)
FN:145,(anonymous_5)
FN:162,(anonymous_6)
FN:172,(anonymous_7)
FN:209,(anonymous_8)
FN:234,(anonymous_9)
FN:255,(anonymous_10)
FN:262,(anonymous_11)
FN:283,(anonymous_12)
FN:290,(anonymous_13)
FN:315,(anonymous_14)
FN:320,(anonymous_15)
FN:332,(anonymous_16)
FN:345,(anonymous_17)
FN:358,(anonymous_18)
FN:376,(anonymous_19)
FN:381,(anonymous_20)
FN:394,(anonymous_21)
FN:403,(anonymous_22)
FN:408,(anonymous_23)
FN:424,(anonymous_24)
FN:436,(anonymous_25)
FN:445,(anonymous_26)
FN:453,(anonymous_27)
FN:461,(anonymous_28)
FNF:29
FNH:0
FNDA:0,(anonymous_0)
FNDA:0,(anonymous_1)
FNDA:0,(anonymous_2)
FNDA:0,callbackPlayThrough
FNDA:0,(anonymous_4)
FNDA:0,(anonymous_5)
FNDA:0,(anonymous_6)
FNDA:0,(anonymous_7)
FNDA:0,(anonymous_8)
FNDA:0,(anonymous_9)
FNDA:0,(anonymous_10)
FNDA:0,(anonymous_11)
FNDA:0,(anonymous_12)
FNDA:0,(anonymous_13)
FNDA:0,(anonymous_14)
FNDA:0,(anonymous_15)
FNDA:0,(anonymous_16)
FNDA:0,(anonymous_17)
FNDA:0,(anonymous_18)
FNDA:0,(anonymous_19)
FNDA:0,(anonymous_20)
FNDA:0,(anonymous_21)
FNDA:0,(anonymous_22)
FNDA:0,(anonymous_23)
FNDA:0,(anonymous_24)
FNDA:0,(anonymous_25)
FNDA:0,(anonymous_26)
FNDA:0,(anonymous_27)
FNDA:0,(anonymous_28)
DA:20,0
DA:26,0
DA:32,0
DA:38,0
DA:44,0
DA:50,0
DA:57,0
DA:63,0
DA:65,0
DA:72,0
DA:81,0
DA:111,0
DA:112,0
DA:114,0
DA:117,0
DA:119,0
DA:120,0
DA:126,0
DA:129,0
DA:133,0
DA:138,0
DA:139,0
DA:140,0
DA:141,0
DA:143,0
DA:145,0
DA:146,0
DA:149,0
DA:150,0
DA:151,0
DA:152,0
DA:163,0
DA:164,0
DA:165,0
DA:168,0
DA:170,0
DA:172,0
DA:173,0
DA:176,0
DA:177,0
DA:178,0
DA:181,0
DA:182,0
DA:183,0
DA:184,0
DA:186,0
DA:187,0
DA:190,0
DA:191,0
DA:192,0
DA:195,0
DA:196,0
DA:197,0
DA:199,0
DA:202,0
DA:210,0
DA:212,0
DA:213,0
DA:214,0
DA:217,0
DA:219,0
DA:220,0
DA:221,0
DA:222,0
DA:223,0
DA:226,0
DA:227,0
DA:229,0
DA:231,0
DA:232,0
DA:235,0
DA:241,0
DA:242,0
DA:243,0
DA:245,0
DA:248,0
DA:256,0
DA:257,0
DA:260,0
DA:262,0
DA:263,0
DA:264,0
DA:265,0
DA:266,0
DA:269,0
DA:270,0
DA:271,0
DA:275,0
DA:284,0
DA:285,0
DA:288,0
DA:290,0
DA:291,0
DA:292,0
DA:293,0
DA:294,0
DA:297,0
DA:298,0
DA:300,0
DA:301,0
DA:304,0
DA:308,0
DA:316,0
DA:317,0
DA:320,0
DA:321,0
DA:324,0
DA:325,0
DA:333,0
DA:334,0
DA:335,0
DA:336,0
DA:338,0
DA:346,0
DA:347,0
DA:348,0
DA:349,0
DA:351,0
DA:359,0
DA:360,0
DA:363,0
DA:364,0
DA:367,0
DA:368,0
DA:369,0
DA:377,0
DA:378,0
DA:381,0
DA:382,0
DA:383,0
DA:386,0
DA:395,0
DA:404,0
DA:405,0
DA:408,0
DA:410,0
DA:411,0
DA:413,0
DA:416,0
DA:425,0
DA:437,0
DA:438,0
DA:446,0
DA:454,0
DA:462,0
LF:145
LH:0
BRDA:119,0,0,0
BRDA:119,0,1,0
BRDA:149,1,0,0
BRDA:149,1,1,0
BRDA:151,2,0,0
BRDA:151,2,1,0
BRDA:163,3,0,0
BRDA:163,3,1,0
BRDA:163,4,0,0
BRDA:163,4,1,0
BRDA:170,5,0,0
BRDA:170,5,1,0
BRDA:170,5,2,0
BRDA:176,6,0,0
BRDA:176,6,1,0
BRDA:186,7,0,0
BRDA:186,7,1,0
BRDA:190,8,0,0
BRDA:190,8,1,0
BRDA:212,9,0,0
BRDA:212,9,1,0
BRDA:219,10,0,0
BRDA:219,10,1,0
BRDA:219,11,0,0
BRDA:219,11,1,0
BRDA:219,12,0,0
BRDA:219,12,1,0
BRDA:220,13,0,0
BRDA:220,13,1,0
BRDA:222,14,0,0
BRDA:222,14,1,0
BRDA:226,15,0,0
BRDA:226,15,1,0
BRDA:226,16,0,0
BRDA:226,16,1,0
BRDA:242,17,0,0
BRDA:242,17,1,0
BRDA:256,18,0,0
BRDA:256,18,1,0
BRDA:256,19,0,0
BRDA:256,19,1,0
BRDA:263,20,0,0
BRDA:263,20,1,0
BRDA:263,21,0,0
BRDA:263,21,1,0
BRDA:265,22,0,0
BRDA:265,22,1,0
BRDA:269,23,0,0
BRDA:269,23,1,0
BRDA:269,24,0,0
BRDA:269,24,1,0
BRDA:284,25,0,0
BRDA:284,25,1,0
BRDA:284,26,0,0
BRDA:284,26,1,0
BRDA:291,27,0,0
BRDA:291,27,1,0
BRDA:291,28,0,0
BRDA:291,28,1,0
BRDA:293,29,0,0
BRDA:293,29,1,0
BRDA:297,30,0,0
BRDA:297,30,1,0
BRDA:297,31,0,0
BRDA:297,31,1,0
BRDA:300,32,0,0
BRDA:300,32,1,0
BRDA:316,33,0,0
BRDA:316,33,1,0
BRDA:333,34,0,0
BRDA:333,34,1,0
BRDA:346,35,0,0
BRDA:346,35,1,0
BRDA:359,36,0,0
BRDA:359,36,1,0
BRDA:363,37,0,0
BRDA:363,37,1,0
BRDA:363,38,0,0
BRDA:363,38,1,0
BRDA:377,39,0,0
BRDA:377,39,1,0
BRDA:395,40,0,0
BRDA:395,40,1,0
BRDA:404,41,0,0
BRDA:404,41,1,0
BRDA:408,42,0,0
BRDA:408,42,1,0
BRDA:410,43,0,0
BRDA:410,43,1,0
BRDA:410,44,0,0
BRDA:410,44,1,0
BRDA:462,45,0,0
BRDA:462,45,1,0
BRF:93
BRH:0
end_of_record
TN:
SF:src/client/js/controllers/bubble.js
FN:14,(anonymous_0)
FN:42,(anonymous_1)
FN:65,(anonymous_2)
FN:92,(anonymous_3)
FN:93,(anonymous_4)
FN:112,(anonymous_5)
FN:124,(anonymous_6)
FN:125,(anonymous_7)
FN:137,(anonymous_8)
FNF:9
FNH:0
FNDA:0,(anonymous_0)
FNDA:0,(anonymous_1)
FNDA:0,(anonymous_2)
FNDA:0,(anonymous_3)
FNDA:0,(anonymous_4)
FNDA:0,(anonymous_5)
FNDA:0,(anonymous_6)
FNDA:0,(anonymous_7)
FNDA:0,(anonymous_8)
DA:19,0
DA:25,0
DA:31,0
DA:43,0
DA:44,0
DA:45,0
DA:47,0
DA:52,0
DA:54,0
DA:57,0
DA:66,0
DA:68,0
DA:69,0
DA:72,0
DA:73,0
DA:74,0
DA:75,0
DA:76,0
DA:77,0
DA:78,0
DA:80,0
DA:84,0
DA:93,0
DA:94,0
DA:96,0
DA:97,0
DA:100,0
DA:101,0
DA:102,0
DA:113,0
DA:114,0
DA:117,0
DA:125,0
DA:126,0
DA:129,0
DA:138,0
DA:140,0
DA:141,0
DA:144,0
DA:146,0
LF:40
LH:0
BRDA:43,0,0,0
BRDA:43,0,1,0
BRDA:68,1,0,0
BRDA:68,1,1,0
BRDA:68,2,0,0
BRDA:68,2,1,0
BRDA:96,3,0,0
BRDA:96,3,1,0
BRDA:100,4,0,0
BRDA:100,4,1,0
BRDA:113,5,0,0
BRDA:113,5,1,0
BRDA:140,6,0,0
BRDA:140,6,1,0
BRF:14
BRH:0
end_of_record
TN:
SF:src/client/js/controllers/chat.js
FN:14,(anonymous_0)
FN:67,(anonymous_1)
FN:86,(anonymous_2)
FN:114,(anonymous_3)
FN:133,(anonymous_4)
FN:142,(anonymous_5)
FN:159,(anonymous_6)
FN:169,(anonymous_7)
FN:183,(anonymous_8)
FN:189,(anonymous_9)
FN:202,(anonymous_10)
FN:216,(anonymous_11)
FN:226,(anonymous_12)
FNF:13
FNH:0
FNDA:0,(anonymous_0)
FNDA:0,(anonymous_1)
FNDA:0,(anonymous_2)
FNDA:0,(anonymous_3)
FNDA:0,(anonymous_4)
FNDA:0,(anonymous_5)
FNDA:0,(anonymous_6)
FNDA:0,(anonymous_7)
FNDA:0,(anonymous_8)
FNDA:0,(anonymous_9)
FNDA:0,(anonymous_10)
FNDA:0,(anonymous_11)
FNDA:0,(anonymous_12)
DA:19,0
DA:25,0
DA:31,0
DA:37,0
DA:43,0
DA:49,0
DA:55,0
DA:61,0
DA:67,0
DA:68,0
DA:70,0
DA:71,0
DA:73,0
DA:87,0
DA:88,0
DA:90,0
DA:97,0
DA:99,0
DA:100,0
DA:103,0
DA:105,0
DA:106,0
DA:115,0
DA:117,0
DA:118,0
DA:120,0
DA:123,0
DA:125,0
DA:134,0
DA:135,0
DA:143,0
DA:145,0
DA:146,0
DA:147,0
DA:148,0
DA:150,0
DA:151,0
DA:160,0
DA:162,0
DA:170,0
DA:172,0
DA:173,0
DA:174,0
DA:176,0
DA:184,0
DA:185,0
DA:186,0
DA:189,0
DA:190,0
DA:191,0
DA:193,0
DA:203,0
DA:205,0
DA:206,0
DA:207,0
DA:209,0
DA:217,0
DA:218,0
DA:227,0
LF:59
LH:0
BRDA:70,0,0,0
BRDA:70,0,1,0
BRDA:87,1,0,0
BRDA:87,1,1,0
BRDA:88,2,0,0
BRDA:88,2,1,0
BRDA:99,3,0,0
BRDA:99,3,1,0
BRDA:115,4,0,0
BRDA:115,4,1,0
BRDA:117,5,0,0
BRDA:117,5,1,0
BRDA:145,6,0,0
BRDA:145,6,1,0
BRDA:145,7,0,0
BRDA:145,7,1,0
BRDA:146,8,0,0
BRDA:146,8,1,0
BRDA:184,9,0,0
BRDA:184,9,1,0
BRDA:190,10,0,0
BRDA:190,10,1,0
BRF:22
BRH:0
end_of_record
TN:
SF:src/client/js/controllers/entities.js
FN:30,(anonymous_0)
FN:74,(anonymous_1)
FN:82,(anonymous_2)
FN:102,(anonymous_3)
FN:116,(anonymous_4)
FN:199,(anonymous_5)
FN:306,(anonymous_6)
FN:316,(anonymous_7)
FN:331,(anonymous_8)
FN:341,(anonymous_9)
FN:343,(anonymous_10)
FN:365,(anonymous_11)
FN:388,(anonymous_12)
FN:406,(anonymous_13)
FN:438,(anonymous_14)
FN:465,(anonymous_15)
FN:480,(anonymous_16)
FN:488,(anonymous_17)
FN:498,(anonymous_18)
FN:500,(anonymous_19)
FN:514,(anonymous_20)
FN:520,(anonymous_21)
FNF:22
FNH:0
FNDA:0,(anonymous_0)
FNDA:0,(anonymous_1)
FNDA:0,(anonymous_2)
FNDA:0,(anonymous_3)
FNDA:0,(anonymous_4)
FNDA:0,(anonymous_5)
FNDA:0,(anonymous_6)
FNDA:0,(anonymous_7)
FNDA:0,(anonymous_8)
FNDA:0,(anonymous_9)
FNDA:0,(anonymous_10)
FNDA:0,(anonymous_11)
FNDA:0,(anonymous_12)
FNDA:0,(anonymous_13)
FNDA:0,(anonymous_14)
FNDA:0,(anonymous_15)
FNDA:0,(anonymous_16)
FNDA:0,(anonymous_17)
FNDA:0,(anonymous_18)
FNDA:0,(anonymous_19)
FNDA:0,(anonymous_20)
FNDA:0,(anonymous_21)
DA:31,0
DA:37,0
DA:43,0
DA:49,0
DA:55,0
DA:61,0
DA:67,0
DA:75,0
DA:76,0
DA:78,0
DA:79,0
DA:80,0
DA:82,0
DA:83,0
DA:84,0
DA:85,0
DA:86,0
DA:90,0
DA:92,0
DA:93,0
DA:94,0
DA:103,0
DA:105,0
DA:106,0
DA:117,0
DA:121,0
DA:122,0
DA:125,0
DA:127,0
DA:135,0
DA:136,0
DA:137,0
DA:140,0
DA:141,0
DA:142,0
DA:145,0
DA:153,0
DA:154,0
DA:157,0
DA:159,0
DA:160,0
DA:162,0
DA:163,0
DA:165,0
DA:167,0
DA:170,0
DA:171,0
DA:173,0
DA:174,0
DA:177,0
DA:179,0
DA:186,0
DA:187,0
DA:189,0
DA:190,0
DA:192,0
DA:193,0
DA:199,0
DA:205,0
DA:206,0
DA:213,0
DA:214,0
DA:217,0
DA:224,0
DA:226,0
DA:227,0
DA:230,0
DA:232,0
DA:233,0
DA:234,0
DA:237,0
DA:239,0
DA:240,0
DA:241,0
DA:243,0
DA:244,0
DA:245,0
DA:246,0
DA:247,0
DA:248,0
DA:250,0
DA:251,0
DA:253,0
DA:254,0
DA:256,0
DA:257,0
DA:259,0
DA:260,0
DA:262,0
DA:263,0
DA:264,0
DA:265,0
DA:266,0
DA:268,0
DA:270,0
DA:271,0
DA:275,0
DA:276,0
DA:279,0
DA:280,0
DA:282,0
DA:290,0
DA:291,0
DA:293,0
DA:295,0
DA:296,0
DA:297,0
DA:307,0
DA:308,0
DA:317,0
DA:319,0
DA:320,0
DA:323,0
DA:332,0
DA:333,0
DA:342,0
DA:343,0
DA:344,0
DA:345,0
DA:351,0
DA:353,0
DA:357,0
DA:366,0
DA:368,0
DA:369,0
DA:372,0
DA:373,0
DA:375,0
DA:379,0
DA:389,0
DA:391,0
DA:392,0
DA:395,0
DA:396,0
DA:398,0
DA:407,0
DA:409,0
DA:410,0
DA:413,0
DA:419,0
DA:421,0
DA:422,0
DA:426,0
DA:427,0
DA:430,0
DA:439,0
DA:441,0
DA:442,0
DA:445,0
DA:447,0
DA:449,0
DA:450,0
DA:454,0
DA:455,0
DA:466,0
DA:468,0
DA:469,0
DA:472,0
DA:481,0
DA:482,0
DA:489,0
DA:490,0
DA:500,0
DA:501,0
DA:515,0
DA:517,0
DA:518,0
DA:519,0
DA:520,0
DA:521,0
LF:170
LH:0
BRDA:78,0,0,0
BRDA:78,0,1,0
BRDA:92,1,0,0
BRDA:92,1,1,0
BRDA:105,2,0,0
BRDA:105,2,1,0
BRDA:121,3,0,0
BRDA:121,3,1,0
BRDA:125,4,0,0
BRDA:125,4,1,0
BRDA:125,4,2,0
BRDA:125,4,3,0
BRDA:125,4,4,0
BRDA:125,4,5,0
BRDA:125,4,6,0
BRDA:173,5,0,0
BRDA:173,5,1,0
BRDA:173,6,0,0
BRDA:173,6,1,0
BRDA:205,7,0,0
BRDA:205,7,1,0
BRDA:205,8,0,0
BRDA:205,8,1,0
BRDA:213,9,0,0
BRDA:213,9,1,0
BRDA:275,10,0,0
BRDA:275,10,1,0
BRDA:284,11,0,0
BRDA:284,11,1,0
BRDA:295,12,0,0
BRDA:295,12,1,0
BRDA:295,13,0,0
BRDA:295,13,1,0
BRDA:319,14,0,0
BRDA:319,14,1,0
BRDA:344,15,0,0
BRDA:344,15,1,0
BRDA:344,16,0,0
BRDA:344,16,1,0
BRDA:368,17,0,0
BRDA:368,17,1,0
BRDA:375,18,0,0
BRDA:375,18,1,0
BRDA:376,19,0,0
BRDA:376,19,1,0
BRDA:376,20,0,0
BRDA:376,20,1,0
BRDA:391,21,0,0
BRDA:391,21,1,0
BRDA:409,22,0,0
BRDA:409,22,1,0
BRDA:413,23,0,0
BRDA:413,23,1,0
BRDA:414,24,0,0
BRDA:414,24,1,0
BRDA:414,24,2,0
BRDA:414,24,3,0
BRDA:421,25,0,0
BRDA:421,25,1,0
BRDA:421,26,0,0
BRDA:421,26,1,0
BRDA:426,27,0,0
BRDA:426,27,1,0
BRDA:441,28,0,0
BRDA:441,28,1,0
BRDA:449,29,0,0
BRDA:449,29,1,0
BRDA:449,30,0,0
BRDA:449,30,1,0
BRDA:454,31,0,0
BRDA:454,31,1,0
BRDA:468,32,0,0
BRDA:468,32,1,0
BRDA:519,33,0,0
BRDA:519,33,1,0
BRF:75
BRH:0
end_of_record
TN:
SF:src/client/js/controllers/info.js
FN:20,(anonymous_0)
FN:47,(anonymous_1)
FN:74,(anonymous_2)
FN:101,(anonymous_3)
FN:135,(anonymous_4)
FN:148,(anonymous_5)
FN:156,(anonymous_6)
FN:159,(anonymous_7)
FN:168,(anonymous_8)
FN:169,(anonymous_9)
FN:173,(anonymous_10)
FN:184,(anonymous_11)
FN:185,(anonymous_12)
FN:197,(anonymous_13)
FNF:14
FNH:0
FNDA:0,(anonymous_0)
FNDA:0,(anonymous_1)
FNDA:0,(anonymous_2)
FNDA:0,(anonymous_3)
FNDA:0,(anonymous_4)
FNDA:0,(anonymous_5)
FNDA:0,(anonymous_6)
FNDA:0,(anonymous_7)
FNDA:0,(anonymous_8)
FNDA:0,(anonymous_9)
FNDA:0,(anonymous_10)
FNDA:0,(anonymous_11)
FNDA:0,(anonymous_12)
FNDA:0,(anonymous_13)
DA:25,0
DA:31,0
DA:37,0
DA:48,0
DA:52,0
DA:53,0
DA:57,0
DA:58,0
DA:60,0
DA:61,0
DA:63,0
DA:75,0
DA:76,0
DA:77,0
DA:79,0
DA:80,0
DA:83,0
DA:85,0
DA:89,0
DA:91,0
DA:102,0
DA:103,0
DA:104,0
DA:105,0
DA:107,0
DA:108,0
DA:111,0
DA:112,0
DA:115,0
DA:117,0
DA:118,0
DA:119,0
DA:120,0
DA:121,0
DA:122,0
DA:125,0
DA:126,0
DA:136,0
DA:137,0
DA:138,0
DA:140,0
DA:141,0
DA:149,0
DA:157,0
DA:159,0
DA:160,0
DA:169,0
DA:170,0
DA:173,0
DA:174,0
DA:177,0
DA:185,0
DA:186,0
DA:198,0
LF:54
LH:0
BRDA:48,0,0,0
BRDA:48,0,1,0
BRDA:48,0,2,0
BRDA:48,0,3,0
BRDA:48,0,4,0
BRDA:48,0,5,0
BRDA:48,0,6,0
BRDA:48,0,7,0
BRDA:79,1,0,0
BRDA:79,1,1,0
BRDA:79,2,0,0
BRDA:79,2,1,0
BRDA:85,3,0,0
BRDA:85,3,1,0
BRDA:107,4,0,0
BRDA:107,4,1,0
BRDA:107,5,0,0
BRDA:107,5,1,0
BRDA:111,6,0,0
BRDA:111,6,1,0
BRDA:117,7,0,0
BRDA:117,7,1,0
BRDA:119,8,0,0
BRDA:119,8,1,0
BRDA:121,9,0,0
BRDA:121,9,1,0
BRF:26
BRH:0
end_of_record
TN:
SF:src/client/js/controllers/input.js
FN:19,(anonymous_0)
FN:155,(anonymous_1)
FN:169,(anonymous_2)
FN:190,(anonymous_3)
FN:244,(anonymous_4)
FN:276,(anonymous_5)
FN:288,(anonymous_6)
FN:392,(anonymous_7)
FN:411,(anonymous_8)
FN:464,(anonymous_9)
FN:473,(anonymous_10)
FN:512,(anonymous_11)
FN:523,(anonymous_12)
FN:531,(anonymous_13)
FN:540,(anonymous_14)
FN:548,(anonymous_15)
FN:578,(anonymous_16)
FN:607,(anonymous_17)
FN:620,(anonymous_18)
FN:631,(anonymous_19)
FN:639,(anonymous_20)
FNF:21
FNH:0
FNDA:0,(anonymous_0)
FNDA:0,(anonymous_1)
FNDA:0,(anonymous_2)
FNDA:0,(anonymous_3)
FNDA:0,(anonymous_4)
FNDA:0,(anonymous_5)
FNDA:0,(anonymous_6)
FNDA:0,(anonymous_7)
FNDA:0,(anonymous_8)
FNDA:0,(anonymous_9)
FNDA:0,(anonymous_10)
FNDA:0,(anonymous_11)
FNDA:0,(anonymous_12)
FNDA:0,(anonymous_13)
FNDA:0,(anonymous_14)
FNDA:0,(anonymous_15)
FNDA:0,(anonymous_16)
FNDA:0,(anonymous_17)
FNDA:0,(anonymous_18)
FNDA:0,(anonymous_19)
FNDA:0,(anonymous_20)
DA:24,0
DA:30,0
DA:36,0
DA:42,0
DA:48,0
DA:54,0
DA:60,0
DA:66,0
DA:72,0
DA:78,0
DA:84,0
DA:90,0
DA:96,0
DA:102,0
DA:108,0
DA:114,0
DA:120,0
DA:126,0
DA:132,0
DA:138,0
DA:144,0
DA:149,0
DA:160,0
DA:161,0
DA:162,0
DA:163,0
DA:170,0
DA:172,0
DA:173,0
DA:174,0
DA:175,0
DA:176,0
DA:177,0
DA:178,0
DA:179,0
DA:181,0
DA:182,0
DA:191,0
DA:192,0
DA:194,0
DA:198,0
DA:199,0
DA:200,0
DA:201,0
DA:204,0
DA:206,0
DA:209,0
DA:210,0
DA:213,0
DA:214,0
DA:217,0
DA:218,0
DA:221,0
DA:222,0
DA:224,0
DA:225,0
DA:227,0
DA:231,0
DA:232,0
DA:233,0
DA:234,0
DA:235,0
DA:236,0
DA:245,0
DA:248,0
DA:250,0
DA:253,0
DA:254,0
DA:257,0
DA:258,0
DA:261,0
DA:262,0
DA:265,0
DA:266,0
DA:269,0
DA:277,0
DA:279,0
DA:280,0
DA:289,0
DA:291,0
DA:292,0
DA:293,0
DA:296,0
DA:302,0
DA:307,0
DA:308,0
DA:311,0
DA:312,0
DA:313,0
DA:316,0
DA:322,0
DA:324,0
DA:325,0
DA:326,0
DA:328,0
DA:329,0
DA:330,0
DA:333,0
DA:338,0
DA:339,0
DA:343,0
DA:344,0
DA:347,0
DA:348,0
DA:349,0
DA:362,0
DA:363,0
DA:364,0
DA:365,0
DA:368,0
DA:370,0
DA:371,0
DA:374,0
DA:376,0
DA:378,0
DA:379,0
DA:380,0
DA:383,0
DA:384,0
DA:385,0
DA:393,0
DA:394,0
DA:398,0
DA:399,0
DA:402,0
DA:403,0
DA:412,0
DA:413,0
DA:416,0
DA:417,0
DA:418,0
DA:424,0
DA:426,0
DA:427,0
DA:428,0
DA:430,0
DA:432,0
DA:435,0
DA:436,0
DA:437,0
DA:439,0
DA:440,0
DA:441,0
DA:443,0
DA:448,0
DA:449,0
DA:452,0
DA:453,0
DA:454,0
DA:465,0
DA:466,0
DA:475,0
DA:476,0
DA:477,0
DA:483,0
DA:485,0
DA:489,0
DA:495,0
DA:496,0
DA:497,0
DA:498,0
DA:501,0
DA:502,0
DA:503,0
DA:504,0
DA:513,0
DA:514,0
DA:516,0
DA:524,0
DA:525,0
DA:532,0
DA:533,0
DA:541,0
DA:549,0
DA:550,0
DA:553,0
DA:554,0
DA:555,0
DA:556,0
DA:557,0
DA:559,0
DA:579,0
DA:580,0
DA:581,0
DA:583,0
DA:584,0
DA:587,0
DA:599,0
DA:608,0
DA:621,0
DA:632,0
DA:640,0
LF:192
LH:0
BRDA:192,0,0,0
BRDA:192,0,1,0
BRDA:192,0,2,0
BRDA:199,1,0,0
BRDA:199,1,1,0
BRDA:204,2,0,0
BRDA:204,2,1,0
BRDA:204,2,2,0
BRDA:204,2,3,0
BRDA:204,2,4,0
BRDA:204,2,5,0
BRDA:204,2,6,0
BRDA:204,2,7,0
BRDA:204,2,8,0
BRDA:204,2,9,0
BRDA:248,3,0,0
BRDA:248,3,1,0
BRDA:248,3,2,0
BRDA:248,3,3,0
BRDA:248,3,4,0
BRDA:248,3,5,0
BRDA:248,3,6,0
BRDA:248,3,7,0
BRDA:248,3,8,0
BRDA:279,4,0,0
BRDA:279,4,1,0
BRDA:291,5,0,0
BRDA:291,5,1,0
BRDA:302,6,0,0
BRDA:302,6,1,0
BRDA:303,7,0,0
BRDA:303,7,1,0
BRDA:303,7,2,0
BRDA:311,8,0,0
BRDA:311,8,1,0
BRDA:311,9,0,0
BRDA:311,9,1,0
BRDA:319,10,0,0
BRDA:319,10,1,0
BRDA:324,11,0,0
BRDA:324,11,1,0
BRDA:324,12,0,0
BRDA:324,12,1,0
BRDA:328,13,0,0
BRDA:328,13,1,0
BRDA:333,14,0,0
BRDA:333,14,1,0
BRDA:334,15,0,0
BRDA:334,15,1,0
BRDA:334,15,2,0
BRDA:347,16,0,0
BRDA:347,16,1,0
BRDA:347,17,0,0
BRDA:347,17,1,0
BRDA:362,18,0,0
BRDA:362,18,1,0
BRDA:378,19,0,0
BRDA:378,19,1,0
BRDA:383,20,0,0
BRDA:383,20,1,0
BRDA:383,21,0,0
BRDA:383,21,1,0
BRDA:393,22,0,0
BRDA:393,22,1,0
BRDA:398,23,0,0
BRDA:398,23,1,0
BRDA:402,24,0,0
BRDA:402,24,1,0
BRDA:412,25,0,0
BRDA:412,25,1,0
BRDA:412,26,0,0
BRDA:412,26,1,0
BRDA:412,26,2,0
BRDA:421,27,0,0
BRDA:421,27,1,0
BRDA:426,28,0,0
BRDA:426,28,1,0
BRDA:426,29,0,0
BRDA:426,29,1,0
BRDA:430,30,0,0
BRDA:430,30,1,0
BRDA:430,30,2,0
BRDA:430,30,3,0
BRDA:430,30,4,0
BRDA:430,30,5,0
BRDA:444,31,0,0
BRDA:444,31,1,0
BRDA:444,32,0,0
BRDA:444,32,1,0
BRDA:495,33,0,0
BRDA:495,33,1,0
BRDA:497,34,0,0
BRDA:497,34,1,0
BRDA:501,35,0,0
BRDA:501,35,1,0
BRDA:503,36,0,0
BRDA:503,36,1,0
BRDA:513,37,0,0
BRDA:513,37,1,0
BRDA:541,38,0,0
BRDA:541,38,1,0
BRDA:549,39,0,0
BRDA:549,39,1,0
BRDA:549,40,0,0
BRDA:549,40,1,0
BRDA:583,41,0,0
BRDA:583,41,1,0
BRDA:609,42,0,0
BRDA:609,42,1,0
BRDA:609,42,2,0
BRDA:622,43,0,0
BRDA:622,43,1,0
BRDA:622,43,2,0
BRDA:622,43,3,0
BRF:114
BRH:0
end_of_record
TN:
SF:src/client/js/controllers/interface.js
FN:19,(anonymous_0)
FN:97,(anonymous_1)
FN:106,(anonymous_2)
FN:130,(anonymous_3)
FN:141,(anonymous_4)
FN:152,(anonymous_5)
FN:161,(anonymous_6)
FN:170,(anonymous_7)
FN:179,(anonymous_8)
FN:188,(anonymous_9)
FN:196,(anonymous_10)
FN:205,(anonymous_11)
FN:213,(anonymous_12)
FN:222,(anonymous_13)
FN:261,(anonymous_14)
FN:277,(anonymous_15)
FN:289,(anonymous_16)
FN:298,(anonymous_17)
FN:306,(anonymous_18)
FN:314,(anonymous_19)
FN:322,(anonymous_20)
FNF:21
FNH:0
FNDA:0,(anonymous_0)
FNDA:0,(anonymous_1)
FNDA:0,(anonymous_2)
FNDA:0,(anonymous_3)
FNDA:0,(anonymous_4)
FNDA:0,(anonymous_5)
FNDA:0,(anonymous_6)
FNDA:0,(anonymous_7)
FNDA:0,(anonymous_8)
FNDA:0,(anonymous_9)
FNDA:0,(anonymous_10)
FNDA:0,(anonymous_11)
FNDA:0,(anonymous_12)
FNDA:0,(anonymous_13)
FNDA:0,(anonymous_14)
FNDA:0,(anonymous_15)
FNDA:0,(anonymous_16)
FNDA:0,(anonymous_17)
FNDA:0,(anonymous_18)
FNDA:0,(anonymous_19)
FNDA:0,(anonymous_20)
DA:24,0
DA:30,0
DA:36,0
DA:42,0
DA:48,0
DA:54,0
DA:60,0
DA:66,0
DA:72,0
DA:78,0
DA:84,0
DA:90,0
DA:93,0
DA:94,0
DA:95,0
DA:97,0
DA:98,0
DA:107,0
DA:108,0
DA:111,0
DA:112,0
DA:115,0
DA:116,0
DA:119,0
DA:120,0
DA:131,0
DA:132,0
DA:142,0
DA:143,0
DA:146,0
DA:153,0
DA:154,0
DA:162,0
DA:163,0
DA:171,0
DA:172,0
DA:180,0
DA:181,0
DA:189,0
DA:190,0
DA:191,0
DA:196,0
DA:197,0
DA:198,0
DA:205,0
DA:206,0
DA:207,0
DA:213,0
DA:214,0
DA:215,0
DA:223,0
DA:224,0
DA:227,0
DA:228,0
DA:231,0
DA:234,0
DA:236,0
DA:241,0
DA:244,0
DA:245,0
DA:248,0
DA:249,0
DA:252,0
DA:253,0
DA:262,0
DA:263,0
DA:266,0
DA:267,0
DA:268,0
DA:270,0
DA:278,0
DA:279,0
DA:282,0
DA:283,0
DA:290,0
DA:291,0
DA:292,0
DA:299,0
DA:307,0
DA:315,0
DA:323,0
LF:81
LH:0
BRDA:107,0,0,0
BRDA:107,0,1,0
BRDA:111,1,0,0
BRDA:111,1,1,0
BRDA:115,2,0,0
BRDA:115,2,1,0
BRDA:119,3,0,0
BRDA:119,3,1,0
BRDA:153,4,0,0
BRDA:153,4,1,0
BRDA:162,5,0,0
BRDA:162,5,1,0
BRDA:171,6,0,0
BRDA:171,6,1,0
BRDA:180,7,0,0
BRDA:180,7,1,0
BRDA:223,8,0,0
BRDA:223,8,1,0
BRDA:223,9,0,0
BRDA:223,9,1,0
BRDA:227,10,0,0
BRDA:227,10,1,0
BRDA:227,11,0,0
BRDA:227,11,1,0
BRDA:231,12,0,0
BRDA:231,12,1,0
BRDA:232,13,0,0
BRDA:232,13,1,0
BRDA:232,13,2,0
BRDA:236,14,0,0
BRDA:236,14,1,0
BRDA:237,15,0,0
BRDA:237,15,1,0
BRDA:237,15,2,0
BRDA:244,16,0,0
BRDA:244,16,1,0
BRDA:244,17,0,0
BRDA:244,17,1,0
BRDA:248,18,0,0
BRDA:248,18,1,0
BRDA:248,19,0,0
BRDA:248,19,1,0
BRDA:252,20,0,0
BRDA:252,20,1,0
BRDA:252,21,0,0
BRDA:252,21,1,0
BRDA:262,22,0,0
BRDA:262,22,1,0
BRDA:278,23,0,0
BRDA:278,23,1,0
BRF:50
BRH:0
end_of_record
TN:
SF:src/client/js/controllers/overlay.js
FN:14,(anonymous_0)
FN:70,(anonymous_1)
FN:103,(anonymous_2)
FN:131,(anonymous_3)
FN:142,(anonymous_4)
FN:151,(anonymous_5)
FN:158,(anonymous_6)
FN:165,(anonymous_7)
FN:173,(anonymous_8)
FN:181,(anonymous_9)
FN:189,(anonymous_10)
FNF:11
FNH:0
FNDA:0,(anonymous_0)
FNDA:0,(anonymous_1)
FNDA:0,(anonymous_2)
FNDA:0,(anonymous_3)
FNDA:0,(anonymous_4)
FNDA:0,(anonymous_5)
FNDA:0,(anonymous_6)
FNDA:0,(anonymous_7)
FNDA:0,(anonymous_8)
FNDA:0,(anonymous_9)
FNDA:0,(anonymous_10)
DA:19,0
DA:25,0
DA:31,0
DA:37,0
DA:43,0
DA:49,0
DA:56,0
DA:62,0
DA:71,0
DA:72,0
DA:74,0
DA:75,0
DA:78,0
DA:81,0
DA:82,0
DA:85,0
DA:87,0
DA:91,0
DA:92,0
DA:97,0
DA:99,0
DA:100,0
DA:103,0
DA:104,0
DA:110,0
DA:111,0
DA:113,0
DA:119,0
DA:132,0
DA:143,0
DA:144,0
DA:152,0
DA:159,0
DA:166,0
DA:174,0
DA:182,0
DA:190,0
LF:37
LH:0
BRDA:71,0,0,0
BRDA:71,0,1,0
BRDA:74,1,0,0
BRDA:74,1,1,0
BRDA:81,2,0,0
BRDA:81,2,1,0
BRDA:87,3,0,0
BRDA:87,3,1,0
BRDA:91,4,0,0
BRDA:91,4,1,0
BRDA:104,5,0,0
BRDA:104,5,1,0
BRDA:105,6,0,0
BRDA:105,6,1,0
BRDA:105,6,2,0
BRDA:105,6,3,0
BRDA:110,7,0,0
BRDA:110,7,1,0
BRDA:133,8,0,0
BRDA:133,8,1,0
BRDA:133,8,2,0
BRDA:152,9,0,0
BRDA:152,9,1,0
BRF:23
BRH:0
end_of_record
TN:
SF:src/client/js/controllers/pointer.js
FN:19,(anonymous_0)
FN:56,(anonymous_1)
FN:71,(anonymous_2)
FN:72,(anonymous_3)
FN:98,(anonymous_4)
FN:120,(anonymous_5)
FN:121,(anonymous_6)
FN:132,(anonymous_7)
FN:143,(anonymous_8)
FN:161,(anonymous_9)
FN:179,(anonymous_10)
FN:197,(anonymous_11)
FN:224,(anonymous_12)
FN:225,(anonymous_13)
FN:252,(anonymous_14)
FN:263,(anonymous_15)
FN:271,(anonymous_16)
FN:279,(anonymous_17)
FN:287,(anonymous_18)
FNF:19
FNH:0
FNDA:0,(anonymous_0)
FNDA:0,(anonymous_1)
FNDA:0,(anonymous_2)
FNDA:0,(anonymous_3)
FNDA:0,(anonymous_4)
FNDA:0,(anonymous_5)
FNDA:0,(anonymous_6)
FNDA:0,(anonymous_7)
FNDA:0,(anonymous_8)
FNDA:0,(anonymous_9)
FNDA:0,(anonymous_10)
FNDA:0,(anonymous_11)
FNDA:0,(anonymous_12)
FNDA:0,(anonymous_13)
FNDA:0,(anonymous_14)
FNDA:0,(anonymous_15)
FNDA:0,(anonymous_16)
FNDA:0,(anonymous_17)
FNDA:0,(anonymous_18)
DA:24,0
DA:30,0
DA:36,0
DA:42,0
DA:48,0
DA:57,0
DA:58,0
DA:61,0
DA:63,0
DA:64,0
DA:65,0
DA:72,0
DA:73,0
DA:75,0
DA:76,0
DA:77,0
DA:78,0
DA:79,0
DA:81,0
DA:82,0
DA:83,0
DA:86,0
DA:87,0
DA:88,0
DA:90,0
DA:99,0
DA:100,0
DA:101,0
DA:103,0
DA:105,0
DA:121,0
DA:122,0
DA:125,0
DA:133,0
DA:134,0
DA:144,0
DA:145,0
DA:147,0
DA:148,0
DA:149,0
DA:150,0
DA:151,0
DA:153,0
DA:154,0
DA:162,0
DA:164,0
DA:166,0
DA:167,0
DA:170,0
DA:180,0
DA:182,0
DA:183,0
DA:186,0
DA:187,0
DA:198,0
DA:200,0
DA:201,0
DA:204,0
DA:205,0
DA:206,0
DA:211,0
DA:212,0
DA:213,0
DA:216,0
DA:217,0
DA:218,0
DA:225,0
DA:226,0
DA:228,0
DA:230,0
DA:231,0
DA:233,0
DA:235,0
DA:237,0
DA:238,0
DA:240,0
DA:242,0
DA:253,0
DA:254,0
DA:257,0
DA:264,0
DA:272,0
DA:280,0
DA:288,0
LF:84
LH:0
BRDA:57,0,0,0
BRDA:57,0,1,0
BRDA:73,1,0,0
BRDA:73,1,1,0
BRDA:81,2,0,0
BRDA:81,2,1,0
BRDA:166,3,0,0
BRDA:166,3,1,0
BRDA:182,4,0,0
BRDA:182,4,1,0
BRDA:200,5,0,0
BRDA:200,5,1,0
BRDA:211,6,0,0
BRDA:211,6,1,0
BRDA:226,7,0,0
BRDA:226,7,1,0
BRDA:226,7,2,0
BRDA:230,8,0,0
BRDA:230,8,1,0
BRDA:237,9,0,0
BRDA:237,9,1,0
BRDA:237,10,0,0
BRDA:237,10,1,0
BRDA:253,11,0,0
BRDA:253,11,1,0
BRF:25
BRH:0
end_of_record
TN:
SF:src/client/js/controllers/sprites.js
FN:16,(anonymous_0)
FN:43,(anonymous_1)
FN:54,(anonymous_2)
FN:57,(anonymous_3)
FN:73,(anonymous_4)
FN:82,(anonymous_5)
FN:85,(anonymous_6)
FN:94,(anonymous_7)
FNF:8
FNH:0
FNDA:0,(anonymous_0)
FNDA:0,(anonymous_1)
FNDA:0,(anonymous_2)
FNDA:0,(anonymous_3)
FNDA:0,(anonymous_4)
FNDA:0,(anonymous_5)
FNDA:0,(anonymous_6)
FNDA:0,(anonymous_7)
DA:17,0
DA:23,0
DA:29,0
DA:35,0
DA:41,0
DA:43,0
DA:44,0
DA:47,0
DA:55,0
DA:57,0
DA:58,0
DA:64,0
DA:65,0
DA:66,0
DA:74,0
DA:75,0
DA:76,0
DA:83,0
DA:85,0
DA:86,0
DA:95,0
DA:96,0
LF:22
LH:0
BRDA:64,0,0,0
BRDA:64,0,1,0
BRF:2
BRH:0
end_of_record
TN:
SF:src/client/js/controllers/zoning.js
FN:12,(anonymous_0)
FN:47,(anonymous_1)
FN:54,(anonymous_2)
FN:61,(anonymous_3)
FN:68,(anonymous_4)
FN:75,(anonymous_5)
FN:83,(anonymous_6)
FNF:7
FNH:0
FNDA:0,(anonymous_0)
FNDA:0,(anonymous_1)
FNDA:0,(anonymous_2)
FNDA:0,(anonymous_3)
FNDA:0,(anonymous_4)
FNDA:0,(anonymous_5)
FNDA:0,(anonymous_6)
DA:17,0
DA:23,0
DA:29,0
DA:35,0
DA:41,0
DA:48,0
DA:55,0
DA:62,0
DA:69,0
DA:76,0
DA:84,0
LF:11
LH:0
BRF:0
BRH:0
end_of_record
TN:
SF:src/client/js/entity/animation.js
FN:14,(anonymous_0)
FN:83,(anonymous_1)
FN:109,(anonymous_2)
FN:128,(anonymous_3)
FN:137,(anonymous_4)
FN:145,(anonymous_5)
FN:154,(anonymous_6)
FN:161,(anonymous_7)
FNF:8
FNH:0
FNDA:0,(anonymous_0)
FNDA:0,(anonymous_1)
FNDA:0,(anonymous_2)
FNDA:0,(anonymous_3)
FNDA:0,(anonymous_4)
FNDA:0,(anonymous_5)
FNDA:0,(anonymous_6)
FNDA:0,(anonymous_7)
DA:19,0
DA:25,0
DA:31,0
DA:37,0
DA:43,0
DA:49,0
DA:55,0
DA:61,0
DA:67,0
DA:73,0
DA:76,0
DA:84,0
DA:86,0
DA:88,0
DA:89,0
DA:91,0
DA:92,0
DA:93,0
DA:94,0
DA:98,0
DA:99,0
DA:101,0
DA:110,0
DA:111,0
DA:114,0
DA:115,0
DA:116,0
DA:118,0
DA:120,0
DA:129,0
DA:130,0
DA:138,0
DA:146,0
DA:155,0
DA:162,0
DA:163,0
LF:36
LH:0
BRDA:86,0,0,0
BRDA:86,0,1,0
BRDA:88,1,0,0
BRDA:88,1,1,0
BRDA:88,2,0,0
BRDA:88,2,1,0
BRDA:91,3,0,0
BRDA:91,3,1,0
BRDA:110,4,0,0
BRDA:110,4,1,0
BRDA:110,5,0,0
BRDA:110,5,1,0
BRDA:114,6,0,0
BRDA:114,6,1,0
BRF:14
BRH:0
end_of_record
TN:
SF:src/client/js/entity/entity.js
FN:22,(anonymous_0)
FN:81,(anonymous_1)
FN:130,(anonymous_2)
FN:142,(anonymous_3)
FN:151,(anonymous_4)
FN:152,(anonymous_5)
FN:160,(anonymous_6)
FN:172,(anonymous_7)
FN:180,(anonymous_8)
FN:208,(anonymous_9)
FN:218,(anonymous_10)
FN:233,(anonymous_11)
FN:258,(anonymous_12)
FN:268,(anonymous_13)
FN:278,(anonymous_14)
FN:287,(anonymous_15)
FN:299,(anonymous_16)
FN:312,(anonymous_17)
FN:327,(anonymous_18)
FN:341,(anonymous_19)
FN:353,(anonymous_20)
FN:361,(anonymous_21)
FN:368,(anonymous_22)
FN:376,(anonymous_23)
FN:384,(anonymous_24)
FN:392,(anonymous_25)
FN:400,(anonymous_26)
FN:408,(anonymous_27)
FNF:28
FNH:0
FNDA:0,(anonymous_0)
FNDA:0,(anonymous_1)
FNDA:0,(anonymous_2)
FNDA:0,(anonymous_3)
FNDA:0,(anonymous_4)
FNDA:0,(anonymous_5)
FNDA:0,(anonymous_6)
FNDA:0,(anonymous_7)
FNDA:0,(anonymous_8)
FNDA:0,(anonymous_9)
FNDA:0,(anonymous_10)
FNDA:0,(anonymous_11)
FNDA:0,(anonymous_12)
FNDA:0,(anonymous_13)
FNDA:0,(anonymous_14)
FNDA:0,(anonymous_15)
FNDA:0,(anonymous_16)
FNDA:0,(anonymous_17)
FNDA:0,(anonymous_18)
FNDA:0,(anonymous_19)
FNDA:0,(anonymous_20)
FNDA:0,(anonymous_21)
FNDA:0,(anonymous_22)
FNDA:0,(anonymous_23)
FNDA:0,(anonymous_24)
FNDA:0,(anonymous_25)
FNDA:0,(anonymous_26)
FNDA:0,(anonymous_27)
DA:23,0
DA:24,0
DA:25,0
DA:26,0
DA:28,0
DA:29,0
DA:30,0
DA:31,0
DA:33,0
DA:34,0
DA:35,0
DA:37,0
DA:38,0
DA:40,0
DA:41,0
DA:43,0
DA:44,0
DA:45,0
DA:46,0
DA:48,0
DA:49,0
DA:51,0
DA:52,0
DA:53,0
DA:55,0
DA:56,0
DA:58,0
DA:59,0
DA:60,0
DA:61,0
DA:63,0
DA:68,0
DA:83,0
DA:84,0
DA:88,0
DA:89,0
DA:93,0
DA:94,0
DA:98,0
DA:99,0
DA:103,0
DA:104,0
DA:108,0
DA:109,0
DA:113,0
DA:114,0
DA:118,0
DA:119,0
DA:122,0
DA:131,0
DA:133,0
DA:134,0
DA:143,0
DA:144,0
DA:152,0
DA:153,0
DA:161,0
DA:162,0
DA:165,0
DA:173,0
DA:181,0
DA:182,0
DA:185,0
DA:186,0
DA:189,0
DA:191,0
DA:193,0
DA:194,0
DA:195,0
DA:196,0
DA:198,0
DA:199,0
DA:209,0
DA:210,0
DA:219,0
DA:220,0
DA:222,0
DA:234,0
DA:238,0
DA:241,0
DA:243,0
DA:244,0
DA:247,0
DA:249,0
DA:250,0
DA:253,0
DA:255,0
DA:259,0
DA:269,0
DA:270,0
DA:271,0
DA:279,0
DA:288,0
DA:289,0
DA:290,0
DA:300,0
DA:301,0
DA:303,0
DA:313,0
DA:314,0
DA:328,0
DA:329,0
DA:342,0
DA:343,0
DA:346,0
DA:354,0
DA:362,0
DA:369,0
DA:377,0
DA:385,0
DA:393,0
DA:401,0
DA:409,0
LF:113
LH:0
BRDA:81,0,0,0
BRDA:83,1,0,0
BRDA:83,1,1,0
BRDA:83,2,0,0
BRDA:83,2,1,0
BRDA:83,2,2,0
BRDA:88,3,0,0
BRDA:88,3,1,0
BRDA:88,4,0,0
BRDA:88,4,1,0
BRDA:93,5,0,0
BRDA:93,5,1,0
BRDA:93,6,0,0
BRDA:93,6,1,0
BRDA:93,6,2,0
BRDA:98,7,0,0
BRDA:98,7,1,0
BRDA:98,8,0,0
BRDA:98,8,1,0
BRDA:103,9,0,0
BRDA:103,9,1,0
BRDA:103,10,0,0
BRDA:103,10,1,0
BRDA:108,11,0,0
BRDA:108,11,1,0
BRDA:108,12,0,0
BRDA:108,12,1,0
BRDA:108,12,2,0
BRDA:113,13,0,0
BRDA:113,13,1,0
BRDA:113,14,0,0
BRDA:113,14,1,0
BRDA:118,15,0,0
BRDA:118,15,1,0
BRDA:118,16,0,0
BRDA:118,16,1,0
BRDA:118,16,2,0
BRDA:133,17,0,0
BRDA:133,17,1,0
BRDA:161,18,0,0
BRDA:161,18,1,0
BRDA:181,19,0,0
BRDA:181,19,1,0
BRDA:181,20,0,0
BRDA:181,20,1,0
BRDA:181,20,2,0
BRDA:185,21,0,0
BRDA:185,21,1,0
BRDA:198,22,0,0
BRDA:198,22,1,0
BRDA:234,23,0,0
BRDA:234,23,1,0
BRDA:235,24,0,0
BRDA:235,24,1,0
BRDA:235,24,2,0
BRDA:243,25,0,0
BRDA:243,25,1,0
BRDA:249,26,0,0
BRDA:249,26,1,0
BRDA:256,27,0,0
BRDA:256,27,1,0
BRDA:257,28,0,0
BRDA:257,28,1,0
BRDA:290,29,0,0
BRDA:290,29,1,0
BRDA:303,30,0,0
BRDA:303,30,1,0
BRDA:313,31,0,0
BRDA:313,31,1,0
BRDA:315,32,0,0
BRDA:315,32,1,0
BRDA:315,32,2,0
BRDA:317,33,0,0
BRDA:317,33,1,0
BRDA:328,34,0,0
BRDA:328,34,1,0
BRDA:330,35,0,0
BRDA:330,35,1,0
BRDA:330,35,2,0
BRDA:332,36,0,0
BRDA:332,36,1,0
BRDA:342,37,0,0
BRDA:342,37,1,0
BRF:83
BRH:0
end_of_record
TN:
SF:src/client/js/entity/entityhandler.js
FN:10,(anonymous_0)
FN:17,(anonymous_1)
FN:21,(anonymous_2)
FN:27,(anonymous_3)
FN:31,(anonymous_4)
FN:34,(anonymous_5)
FN:59,(anonymous_6)
FN:72,(anonymous_7)
FN:81,(anonymous_8)
FN:87,(anonymous_9)
FNF:10
FNH:0
FNDA:0,(anonymous_0)
FNDA:0,(anonymous_1)
FNDA:0,(anonymous_2)
FNDA:0,(anonymous_3)
FNDA:0,(anonymous_4)
FNDA:0,(anonymous_5)
FNDA:0,(anonymous_6)
FNDA:0,(anonymous_7)
FNDA:0,(anonymous_8)
FNDA:0,(anonymous_9)
DA:11,0
DA:12,0
DA:13,0
DA:14,0
DA:18,0
DA:20,0
DA:21,0
DA:22,0
DA:24,0
DA:27,0
DA:28,0
DA:31,0
DA:32,0
DA:34,0
DA:35,0
DA:39,0
DA:42,0
DA:43,0
DA:51,0
DA:56,0
DA:59,0
DA:60,0
DA:66,0
DA:67,0
DA:73,0
DA:82,0
DA:84,0
DA:88,0
LF:28
LH:0
BRDA:18,0,0,0
BRDA:18,0,1,0
BRDA:18,1,0,0
BRDA:18,1,1,0
BRDA:20,2,0,0
BRDA:20,2,1,0
BRDA:35,3,0,0
BRDA:35,3,1,0
BRDA:36,4,0,0
BRDA:36,4,1,0
BRDA:36,4,2,0
BRDA:42,5,0,0
BRDA:42,5,1,0
BRDA:51,6,0,0
BRDA:51,6,1,0
BRDA:52,7,0,0
BRDA:52,7,1,0
BRDA:52,7,2,0
BRDA:74,8,0,0
BRDA:74,8,1,0
BRDA:74,8,2,0
BRDA:74,8,3,0
BRDA:82,9,0,0
BRDA:82,9,1,0
BRDA:88,10,0,0
BRDA:88,10,1,0
BRF:26
BRH:0
end_of_record
TN:
SF:src/client/js/entity/sprite.js
FN:6,(anonymous_0)
FN:21,(anonymous_1)
FN:28,(anonymous_2)
FN:39,(anonymous_3)
FN:56,(anonymous_4)
FN:63,(anonymous_5)
FN:89,(anonymous_6)
FN:142,(anonymous_7)
FN:159,(anonymous_8)
FNF:9
FNH:0
FNDA:0,(anonymous_0)
FNDA:0,(anonymous_1)
FNDA:0,(anonymous_2)
FNDA:0,(anonymous_3)
FNDA:0,(anonymous_4)
FNDA:0,(anonymous_5)
FNDA:0,(anonymous_6)
FNDA:0,(anonymous_7)
FNDA:0,(anonymous_8)
DA:9,0
DA:10,0
DA:11,0
DA:12,0
DA:13,0
DA:14,0
DA:15,0
DA:16,0
DA:18,0
DA:22,0
DA:24,0
DA:25,0
DA:26,0
DA:28,0
DA:29,0
DA:30,0
DA:32,0
DA:33,0
DA:34,0
DA:42,0
DA:44,0
DA:45,0
DA:47,0
DA:48,0
DA:50,0
DA:51,0
DA:52,0
DA:53,0
DA:57,0
DA:58,0
DA:60,0
DA:64,0
DA:66,0
DA:68,0
DA:69,0
DA:70,0
DA:72,0
DA:82,0
DA:90,0
DA:91,0
DA:92,0
DA:95,0
DA:96,0
DA:99,0
DA:100,0
DA:103,0
DA:104,0
DA:106,0
DA:108,0
DA:109,0
DA:118,0
DA:120,0
DA:121,0
DA:122,0
DA:125,0
DA:127,0
DA:129,0
DA:138,0
DA:143,0
DA:145,0
DA:146,0
DA:147,0
DA:150,0
DA:152,0
DA:154,0
DA:155,0
DA:160,0
DA:161,0
LF:68
LH:0
BRDA:32,0,0,0
BRDA:32,0,1,0
BRDA:50,1,0,0
BRDA:50,1,1,0
BRDA:51,2,0,0
BRDA:51,2,1,0
BRDA:52,3,0,0
BRDA:52,3,1,0
BRDA:69,4,0,0
BRDA:69,4,1,0
BRDA:90,5,0,0
BRDA:90,5,1,0
BRDA:95,6,0,0
BRDA:95,6,1,0
BRDA:146,7,0,0
BRDA:146,7,1,0
BRF:16
BRH:0
end_of_record
TN:
SF:src/client/js/entity/character/character.js
FN:19,(anonymous_0)
FN:329,(anonymous_1)
FN:333,(anonymous_2)
FN:343,(anonymous_3)
FN:356,(anonymous_4)
FN:372,(anonymous_5)
FN:399,(anonymous_6)
FN:417,(anonymous_7)
FN:430,(anonymous_8)
FN:440,(anonymous_9)
FN:452,(anonymous_10)
FN:466,(anonymous_11)
FN:479,(anonymous_12)
FN:492,(anonymous_13)
FN:516,(anonymous_14)
FN:529,(anonymous_15)
FN:547,(anonymous_16)
FN:563,(anonymous_17)
FN:641,(anonymous_18)
FN:668,(anonymous_19)
FN:693,(anonymous_20)
FN:712,(anonymous_21)
FN:729,(anonymous_22)
FN:753,(anonymous_23)
FN:776,(anonymous_24)
FN:783,(anonymous_25)
FN:791,(anonymous_26)
FN:803,(anonymous_27)
FN:814,(anonymous_28)
FN:822,(anonymous_29)
FN:833,(anonymous_30)
FN:834,(anonymous_31)
FN:843,(anonymous_32)
FN:851,(anonymous_33)
FN:859,(anonymous_34)
FN:867,(anonymous_35)
FN:875,(anonymous_36)
FN:883,(anonymous_37)
FN:891,(anonymous_38)
FN:899,(anonymous_39)
FN:911,(anonymous_40)
FN:918,(anonymous_41)
FN:930,(anonymous_42)
FN:956,(anonymous_43)
FN:968,(anonymous_44)
FN:976,(anonymous_45)
FN:984,(anonymous_46)
FN:992,(anonymous_47)
FN:1000,(anonymous_48)
FN:1008,(anonymous_49)
FN:1016,(anonymous_50)
FN:1024,(anonymous_51)
FN:1032,(anonymous_52)
FN:1040,(anonymous_53)
FNF:54
FNH:0
FNDA:0,(anonymous_0)
FNDA:0,(anonymous_1)
FNDA:0,(anonymous_2)
FNDA:0,(anonymous_3)
FNDA:0,(anonymous_4)
FNDA:0,(anonymous_5)
FNDA:0,(anonymous_6)
FNDA:0,(anonymous_7)
FNDA:0,(anonymous_8)
FNDA:0,(anonymous_9)
FNDA:0,(anonymous_10)
FNDA:0,(anonymous_11)
FNDA:0,(anonymous_12)
FNDA:0,(anonymous_13)
FNDA:0,(anonymous_14)
FNDA:0,(anonymous_15)
FNDA:0,(anonymous_16)
FNDA:0,(anonymous_17)
FNDA:0,(anonymous_18)
FNDA:0,(anonymous_19)
FNDA:0,(anonymous_20)
FNDA:0,(anonymous_21)
FNDA:0,(anonymous_22)
FNDA:0,(anonymous_23)
FNDA:0,(anonymous_24)
FNDA:0,(anonymous_25)
FNDA:0,(anonymous_26)
FNDA:0,(anonymous_27)
FNDA:0,(anonymous_28)
FNDA:0,(anonymous_29)
FNDA:0,(anonymous_30)
FNDA:0,(anonymous_31)
FNDA:0,(anonymous_32)
FNDA:0,(anonymous_33)
FNDA:0,(anonymous_34)
FNDA:0,(anonymous_35)
FNDA:0,(anonymous_36)
FNDA:0,(anonymous_37)
FNDA:0,(anonymous_38)
FNDA:0,(anonymous_39)
FNDA:0,(anonymous_40)
FNDA:0,(anonymous_41)
FNDA:0,(anonymous_42)
FNDA:0,(anonymous_43)
FNDA:0,(anonymous_44)
FNDA:0,(anonymous_45)
FNDA:0,(anonymous_46)
FNDA:0,(anonymous_47)
FNDA:0,(anonymous_48)
FNDA:0,(anonymous_49)
FNDA:0,(anonymous_50)
FNDA:0,(anonymous_51)
FNDA:0,(anonymous_52)
FNDA:0,(anonymous_53)
DA:20,0
DA:26,0
DA:32,0
DA:38,0
DA:44,0
DA:50,0
DA:56,0
DA:62,0
DA:68,0
DA:74,0
DA:80,0
DA:86,0
DA:92,0
DA:98,0
DA:104,0
DA:110,0
DA:116,0
DA:122,0
DA:128,0
DA:134,0
DA:140,0
DA:146,0
DA:152,0
DA:158,0
DA:164,0
DA:170,0
DA:176,0
DA:182,0
DA:188,0
DA:194,0
DA:200,0
DA:206,0
DA:212,0
DA:218,0
DA:224,0
DA:230,0
DA:236,0
DA:242,0
DA:248,0
DA:254,0
DA:260,0
DA:266,0
DA:272,0
DA:278,0
DA:284,0
DA:290,0
DA:296,0
DA:302,0
DA:308,0
DA:314,0
DA:320,0
DA:323,0
DA:330,0
DA:331,0
DA:333,0
DA:334,0
DA:336,0
DA:337,0
DA:340,0
DA:341,0
DA:343,0
DA:344,0
DA:346,0
DA:347,0
DA:350,0
DA:351,0
DA:353,0
DA:354,0
DA:356,0
DA:357,0
DA:359,0
DA:360,0
DA:373,0
DA:374,0
DA:376,0
DA:377,0
DA:380,0
DA:381,0
DA:383,0
DA:384,0
DA:388,0
DA:389,0
DA:392,0
DA:400,0
DA:401,0
DA:402,0
DA:403,0
DA:404,0
DA:405,0
DA:406,0
DA:407,0
DA:410,0
DA:418,0
DA:419,0
DA:421,0
DA:422,0
DA:431,0
DA:434,0
DA:441,0
DA:442,0
DA:444,0
DA:453,0
DA:454,0
DA:457,0
DA:458,0
DA:467,0
DA:468,0
DA:471,0
DA:480,0
DA:481,0
DA:484,0
DA:493,0
DA:495,0
DA:497,0
DA:498,0
DA:501,0
DA:502,0
DA:505,0
DA:506,0
DA:508,0
DA:517,0
DA:519,0
DA:530,0
DA:531,0
DA:534,0
DA:535,0
DA:536,0
DA:539,0
DA:548,0
DA:564,0
DA:567,0
DA:568,0
DA:571,0
DA:572,0
DA:574,0
DA:575,0
DA:578,0
DA:579,0
DA:582,0
DA:584,0
DA:585,0
DA:586,0
DA:587,0
DA:590,0
DA:591,0
DA:595,0
DA:596,0
DA:598,0
DA:600,0
DA:601,0
DA:604,0
DA:606,0
DA:607,0
DA:609,0
DA:611,0
DA:612,0
DA:613,0
DA:615,0
DA:618,0
DA:619,0
DA:622,0
DA:623,0
DA:624,0
DA:626,0
DA:627,0
DA:630,0
DA:631,0
DA:635,0
DA:642,0
DA:644,0
DA:645,0
DA:648,0
DA:649,0
DA:652,0
DA:653,0
DA:656,0
DA:657,0
DA:669,0
DA:670,0
DA:673,0
DA:674,0
DA:676,0
DA:677,0
DA:680,0
DA:681,0
DA:684,0
DA:694,0
DA:699,0
DA:701,0
DA:702,0
DA:704,0
DA:713,0
DA:714,0
DA:715,0
DA:716,0
DA:717,0
DA:718,0
DA:719,0
DA:720,0
DA:721,0
DA:730,0
DA:731,0
DA:734,0
DA:735,0
DA:738,0
DA:739,0
DA:742,0
DA:743,0
DA:746,0
DA:754,0
DA:755,0
DA:758,0
DA:759,0
DA:762,0
DA:763,0
DA:766,0
DA:767,0
DA:770,0
DA:777,0
DA:779,0
DA:780,0
DA:783,0
DA:784,0
DA:792,0
DA:793,0
DA:794,0
DA:804,0
DA:805,0
DA:808,0
DA:815,0
DA:823,0
DA:834,0
DA:835,0
DA:844,0
DA:852,0
DA:860,0
DA:868,0
DA:876,0
DA:884,0
DA:892,0
DA:900,0
DA:901,0
DA:904,0
DA:905,0
DA:912,0
DA:919,0
DA:921,0
DA:922,0
DA:931,0
DA:932,0
DA:933,0
DA:934,0
DA:938,0
DA:939,0
DA:940,0
DA:944,0
DA:945,0
DA:946,0
DA:949,0
DA:957,0
DA:959,0
DA:960,0
DA:969,0
DA:977,0
DA:985,0
DA:993,0
DA:1001,0
DA:1009,0
DA:1017,0
DA:1025,0
DA:1033,0
DA:1041,0
LF:272
LH:0
BRDA:376,0,0,0
BRDA:376,0,1,0
BRDA:376,1,0,0
BRDA:376,1,1,0
BRDA:383,2,0,0
BRDA:383,2,1,0
BRDA:384,3,0,0
BRDA:384,3,1,0
BRDA:392,4,0,0
BRDA:392,4,1,0
BRDA:400,5,0,0
BRDA:400,5,1,0
BRDA:402,6,0,0
BRDA:402,6,1,0
BRDA:404,7,0,0
BRDA:404,7,1,0
BRDA:406,8,0,0
BRDA:406,8,1,0
BRDA:453,9,0,0
BRDA:453,9,1,0
BRDA:467,10,0,0
BRDA:467,10,1,0
BRDA:480,11,0,0
BRDA:480,11,1,0
BRDA:495,12,0,0
BRDA:495,12,1,0
BRDA:495,12,2,0
BRDA:495,12,3,0
BRDA:517,13,0,0
BRDA:517,13,1,0
BRDA:530,14,0,0
BRDA:530,14,1,0
BRDA:534,15,0,0
BRDA:534,15,1,0
BRDA:567,16,0,0
BRDA:567,16,1,0
BRDA:567,17,0,0
BRDA:567,17,1,0
BRDA:574,18,0,0
BRDA:574,18,1,0
BRDA:578,19,0,0
BRDA:578,19,1,0
BRDA:584,20,0,0
BRDA:584,20,1,0
BRDA:585,21,0,0
BRDA:585,21,1,0
BRDA:590,22,0,0
BRDA:590,22,1,0
BRDA:595,23,0,0
BRDA:595,23,1,0
BRDA:600,24,0,0
BRDA:600,24,1,0
BRDA:606,25,0,0
BRDA:606,25,1,0
BRDA:611,26,0,0
BRDA:611,26,1,0
BRDA:622,27,0,0
BRDA:622,27,1,0
BRDA:626,28,0,0
BRDA:626,28,1,0
BRDA:630,29,0,0
BRDA:630,29,1,0
BRDA:644,30,0,0
BRDA:644,30,1,0
BRDA:648,31,0,0
BRDA:648,31,1,0
BRDA:652,32,0,0
BRDA:652,32,1,0
BRDA:656,33,0,0
BRDA:656,33,1,0
BRDA:669,34,0,0
BRDA:669,34,1,0
BRDA:669,35,0,0
BRDA:669,35,1,0
BRDA:676,36,0,0
BRDA:676,36,1,0
BRDA:680,37,0,0
BRDA:680,37,1,0
BRDA:701,38,0,0
BRDA:701,38,1,0
BRDA:701,39,0,0
BRDA:701,39,1,0
BRDA:713,40,0,0
BRDA:713,40,1,0
BRDA:715,41,0,0
BRDA:715,41,1,0
BRDA:730,42,0,0
BRDA:730,42,1,0
BRDA:734,43,0,0
BRDA:734,43,1,0
BRDA:738,44,0,0
BRDA:738,44,1,0
BRDA:742,45,0,0
BRDA:742,45,1,0
BRDA:754,46,0,0
BRDA:754,46,1,0
BRDA:758,47,0,0
BRDA:758,47,1,0
BRDA:762,48,0,0
BRDA:762,48,1,0
BRDA:766,49,0,0
BRDA:766,49,1,0
BRDA:779,50,0,0
BRDA:779,50,1,0
BRDA:804,51,0,0
BRDA:804,51,1,0
BRDA:824,52,0,0
BRDA:824,52,1,0
BRDA:824,52,2,0
BRDA:900,53,0,0
BRDA:900,53,1,0
BRDA:921,54,0,0
BRDA:921,54,1,0
BRDA:932,55,0,0
BRDA:932,55,1,0
BRDA:938,56,0,0
BRDA:938,56,1,0
BRDA:938,57,0,0
BRDA:938,57,1,0
BRDA:944,58,0,0
BRDA:944,58,1,0
BRDA:959,59,0,0
BRDA:959,59,1,0
BRF:123
BRH:0
end_of_record
TN:
SF:src/client/js/entity/character/mob/mob.js
FN:14,(anonymous_0)
FN:46,(anonymous_1)
FNF:2
FNH:0
FNDA:0,(anonymous_0)
FNDA:0,(anonymous_1)
DA:15,0
DA:21,0
DA:27,0
DA:33,0
DA:39,0
DA:47,0
LF:6
LH:0
BRF:0
BRH:0
end_of_record
TN:
SF:src/client/js/entity/character/npc/npc.js
FN:14,(anonymous_0)
FN:35,(anonymous_1)
FNF:2
FNH:0
FNDA:0,(anonymous_0)
FNDA:0,(anonymous_1)
DA:15,0
DA:21,0
DA:27,0
DA:36,0
DA:39,0
DA:40,0
DA:43,0
DA:44,0
DA:47,0
DA:49,0
LF:10
LH:0
BRDA:39,0,0,0
BRDA:39,0,1,0
BRDA:43,1,0,0
BRDA:43,1,1,0
BRF:4
BRH:0
end_of_record
TN:
SF:src/client/js/entity/character/player/player.js
FN:17,(anonymous_0)
FN:232,(anonymous_1)
FN:249,(anonymous_2)
FN:258,(anonymous_3)
FN:266,(anonymous_4)
FN:273,(anonymous_5)
FN:285,(anonymous_6)
FN:294,(anonymous_7)
FN:302,(anonymous_8)
FN:313,(anonymous_9)
FN:323,(anonymous_10)
FN:331,(anonymous_11)
FN:339,(anonymous_12)
FN:347,(anonymous_13)
FN:356,(anonymous_14)
FN:374,(anonymous_15)
FN:455,(anonymous_16)
FN:481,(anonymous_17)
FN:485,(anonymous_18)
FN:491,(anonymous_19)
FNF:20
FNH:0
FNDA:0,(anonymous_0)
FNDA:0,(anonymous_1)
FNDA:0,(anonymous_2)
FNDA:0,(anonymous_3)
FNDA:0,(anonymous_4)
FNDA:0,(anonymous_5)
FNDA:0,(anonymous_6)
FNDA:0,(anonymous_7)
FNDA:0,(anonymous_8)
FNDA:0,(anonymous_9)
FNDA:0,(anonymous_10)
FNDA:0,(anonymous_11)
FNDA:0,(anonymous_12)
FNDA:0,(anonymous_13)
FNDA:0,(anonymous_14)
FNDA:0,(anonymous_15)
FNDA:0,(anonymous_16)
FNDA:0,(anonymous_17)
FNDA:0,(anonymous_18)
FNDA:0,(anonymous_19)
DA:18,0
DA:24,0
DA:30,0
DA:36,0
DA:42,0
DA:48,0
DA:54,0
DA:60,0
DA:66,0
DA:72,0
DA:78,0
DA:84,0
DA:90,0
DA:96,0
DA:102,0
DA:108,0
DA:114,0
DA:120,0
DA:126,0
DA:132,0
DA:138,0
DA:144,0
DA:150,0
DA:156,0
DA:163,0
DA:169,0
DA:175,0
DA:181,0
DA:187,0
DA:193,0
DA:199,0
DA:205,0
DA:211,0
DA:214,0
DA:233,0
DA:234,0
DA:235,0
DA:237,0
DA:238,0
DA:239,0
DA:240,0
DA:241,0
DA:242,0
DA:250,0
DA:251,0
DA:259,0
DA:267,0
DA:274,0
DA:275,0
DA:276,0
DA:277,0
DA:278,0
DA:287,0
DA:295,0
DA:304,0
DA:305,0
DA:314,0
DA:324,0
DA:332,0
DA:340,0
DA:348,0
DA:357,0
DA:358,0
DA:359,0
DA:360,0
DA:362,0
DA:363,0
DA:365,0
DA:366,0
DA:375,0
DA:376,0
DA:377,0
DA:378,0
DA:379,0
DA:381,0
DA:383,0
DA:384,0
DA:392,0
DA:395,0
DA:396,0
DA:399,0
DA:402,0
DA:403,0
DA:411,0
DA:414,0
DA:416,0
DA:419,0
DA:420,0
DA:428,0
DA:431,0
DA:434,0
DA:435,0
DA:437,0
DA:440,0
DA:443,0
DA:444,0
DA:446,0
DA:449,0
DA:451,0
DA:456,0
DA:458,0
DA:459,0
DA:462,0
DA:463,0
DA:466,0
DA:467,0
DA:470,0
DA:471,0
DA:474,0
DA:475,0
DA:477,0
DA:482,0
DA:484,0
DA:485,0
DA:486,0
DA:492,0
LF:116
LH:0
BRDA:259,0,0,0
BRDA:259,0,1,0
BRDA:259,0,2,0
BRDA:259,0,3,0
BRDA:287,1,0,0
BRDA:287,1,1,0
BRDA:295,2,0,0
BRDA:295,2,1,0
BRDA:314,3,0,0
BRDA:314,3,1,0
BRDA:381,4,0,0
BRDA:381,4,1,0
BRDA:381,4,2,0
BRDA:381,4,3,0
BRDA:381,4,4,0
BRDA:381,4,5,0
BRDA:383,5,0,0
BRDA:383,5,1,0
BRDA:395,6,0,0
BRDA:395,6,1,0
BRDA:402,7,0,0
BRDA:402,7,1,0
BRDA:414,8,0,0
BRDA:414,8,1,0
BRDA:419,9,0,0
BRDA:419,9,1,0
BRDA:434,10,0,0
BRDA:434,10,1,0
BRDA:443,11,0,0
BRDA:443,11,1,0
BRDA:456,12,0,0
BRDA:456,12,1,0
BRDA:456,12,2,0
BRDA:456,12,3,0
BRDA:456,12,4,0
BRDA:456,12,5,0
BRDA:484,13,0,0
BRDA:484,13,1,0
BRF:38
BRH:0
end_of_record
TN:
SF:src/client/js/entity/character/player/playerhandler.js
FN:14,(anonymous_0)
FN:64,(anonymous_1)
FN:65,(anonymous_2)
FN:87,(anonymous_3)
FN:108,(anonymous_4)
FN:145,(anonymous_5)
FN:162,(anonymous_6)
FN:171,(anonymous_7)
FN:182,(anonymous_8)
FN:189,(anonymous_9)
FN:199,(anonymous_10)
FN:208,(anonymous_11)
FN:221,(anonymous_12)
FNF:13
FNH:0
FNDA:0,(anonymous_0)
FNDA:0,(anonymous_1)
FNDA:0,(anonymous_2)
FNDA:0,(anonymous_3)
FNDA:0,(anonymous_4)
FNDA:0,(anonymous_5)
FNDA:0,(anonymous_6)
FNDA:0,(anonymous_7)
FNDA:0,(anonymous_8)
FNDA:0,(anonymous_9)
FNDA:0,(anonymous_10)
FNDA:0,(anonymous_11)
FNDA:0,(anonymous_12)
DA:19,0
DA:25,0
DA:31,0
DA:37,0
DA:43,0
DA:49,0
DA:55,0
DA:58,0
DA:65,0
DA:66,0
DA:67,0
DA:70,0
DA:72,0
DA:73,0
DA:76,0
DA:84,0
DA:87,0
DA:88,0
DA:90,0
DA:91,0
DA:92,0
DA:94,0
DA:95,0
DA:96,0
DA:99,0
DA:108,0
DA:109,0
DA:110,0
DA:112,0
DA:114,0
DA:116,0
DA:118,0
DA:120,0
DA:122,0
DA:130,0
DA:131,0
DA:132,0
DA:139,0
DA:142,0
DA:145,0
DA:146,0
DA:148,0
DA:149,0
DA:152,0
DA:153,0
DA:154,0
DA:157,0
DA:158,0
DA:162,0
DA:163,0
DA:164,0
DA:167,0
DA:168,0
DA:171,0
DA:172,0
DA:175,0
DA:182,0
DA:183,0
DA:189,0
DA:190,0
DA:191,0
DA:194,0
DA:195,0
DA:199,0
DA:200,0
DA:209,0
DA:211,0
DA:212,0
DA:215,0
DA:225,0
DA:226,0
DA:228,0
DA:229,0
DA:230,0
DA:231,0
DA:232,0
DA:233,0
DA:234,0
DA:235,0
DA:240,0
DA:241,0
DA:242,0
LF:82
LH:0
BRDA:66,0,0,0
BRDA:66,0,1,0
BRDA:72,1,0,0
BRDA:72,1,1,0
BRDA:94,2,0,0
BRDA:94,2,1,0
BRDA:120,3,0,0
BRDA:120,3,1,0
BRDA:120,3,2,0
BRDA:130,4,0,0
BRDA:130,4,1,0
BRDA:133,5,0,0
BRDA:133,5,1,0
BRDA:148,6,0,0
BRDA:148,6,1,0
BRDA:152,7,0,0
BRDA:152,7,1,0
BRDA:153,8,0,0
BRDA:153,8,1,0
BRDA:163,9,0,0
BRDA:163,9,1,0
BRDA:167,10,0,0
BRDA:167,10,1,0
BRDA:172,11,0,0
BRDA:172,11,1,0
BRDA:190,12,0,0
BRDA:190,12,1,0
BRDA:194,13,0,0
BRDA:194,13,1,0
BRDA:211,14,0,0
BRDA:211,14,1,0
BRDA:215,15,0,0
BRDA:215,15,1,0
BRDA:215,15,2,0
BRDA:228,16,0,0
BRDA:228,16,1,0
BRDA:230,17,0,0
BRDA:230,17,1,0
BRDA:232,18,0,0
BRDA:232,18,1,0
BRDA:234,19,0,0
BRDA:234,19,1,0
BRDA:240,20,0,0
BRDA:240,20,1,0
BRF:44
BRH:0
end_of_record
TN:
SF:src/client/js/entity/character/player/equipment/armour.js
FN:15,(anonymous_0)
FN:35,(anonymous_1)
FN:43,(anonymous_2)
FNF:3
FNH:0
FNDA:0,(anonymous_0)
FNDA:0,(anonymous_1)
FNDA:0,(anonymous_2)
DA:16,0
DA:22,0
DA:28,0
DA:36,0
DA:44,0
LF:5
LH:0
BRF:0
BRH:0
end_of_record
TN:
SF:src/client/js/entity/character/player/equipment/boots.js
FNF:0
FNH:0
LF:0
LH:0
BRF:0
BRH:0
end_of_record
TN:
SF:src/client/js/entity/character/player/equipment/equipment.js
FN:17,(anonymous_0)
FN:47,(anonymous_1)
FN:55,(anonymous_2)
FN:63,(anonymous_3)
FN:71,(anonymous_4)
FN:79,(anonymous_5)
FN:90,(anonymous_6)
FNF:7
FNH:0
FNDA:0,(anonymous_0)
FNDA:0,(anonymous_1)
FNDA:0,(anonymous_2)
FNDA:0,(anonymous_3)
FNDA:0,(anonymous_4)
FNDA:0,(anonymous_5)
FNDA:0,(anonymous_6)
DA:22,0
DA:28,0
DA:34,0
DA:40,0
DA:48,0
DA:56,0
DA:64,0
DA:72,0
DA:80,0
DA:91,0
DA:92,0
DA:93,0
DA:94,0
LF:13
LH:0
BRDA:48,0,0,0
BRDA:48,0,1,0
BRF:2
BRH:0
end_of_record
TN:
SF:src/client/js/entity/character/player/equipment/pendant.js
FNF:0
FNH:0
LF:0
LH:0
BRF:0
BRH:0
end_of_record
TN:
SF:src/client/js/entity/character/player/equipment/ring.js
FNF:0
FNH:0
LF:0
LH:0
BRF:0
BRH:0
end_of_record
TN:
SF:src/client/js/entity/character/player/equipment/weapon.js
FN:15,(anonymous_0)
FN:41,(anonymous_1)
FN:49,(anonymous_2)
FN:57,(anonymous_3)
FN:65,(anonymous_4)
FNF:5
FNH:0
FNDA:0,(anonymous_0)
FNDA:0,(anonymous_1)
FNDA:0,(anonymous_2)
FNDA:0,(anonymous_3)
FNDA:0,(anonymous_4)
DA:16,0
DA:22,0
DA:28,0
DA:34,0
DA:42,0
DA:50,0
DA:58,0
DA:66,0
LF:8
LH:0
BRF:0
BRH:0
end_of_record
TN:
SF:src/client/js/entity/objects/chest.js
FN:4,(anonymous_0)
FN:10,(anonymous_1)
FN:14,(anonymous_2)
FNF:3
FNH:0
FNDA:0,(anonymous_0)
FNDA:0,(anonymous_1)
FNDA:0,(anonymous_2)
DA:5,0
DA:7,0
DA:11,0
DA:15,0
LF:4
LH:0
BRF:0
BRH:0
end_of_record
TN:
SF:src/client/js/entity/objects/item.js
FN:4,(anonymous_0)
FN:18,(anonymous_1)
FN:22,(anonymous_2)
FNF:3
FNH:0
FNDA:0,(anonymous_0)
FNDA:0,(anonymous_1)
FNDA:0,(anonymous_2)
DA:5,0
DA:7,0
DA:8,0
DA:9,0
DA:11,0
DA:12,0
DA:14,0
DA:15,0
DA:19,0
DA:23,0
LF:10
LH:0
BRF:0
BRH:0
end_of_record
TN:
SF:src/client/js/entity/objects/projectile.js
FN:4,(anonymous_0)
FN:29,(anonymous_1)
FN:33,(anonymous_2)
FN:39,(anonymous_3)
FN:46,(anonymous_4)
FN:55,(anonymous_5)
FN:71,(anonymous_6)
FN:79,(anonymous_7)
FN:83,(anonymous_8)
FN:88,(anonymous_9)
FN:92,(anonymous_10)
FN:97,(anonymous_11)
FNF:12
FNH:0
FNDA:0,(anonymous_0)
FNDA:0,(anonymous_1)
FNDA:0,(anonymous_2)
FNDA:0,(anonymous_3)
FNDA:0,(anonymous_4)
FNDA:0,(anonymous_5)
FNDA:0,(anonymous_6)
FNDA:0,(anonymous_7)
FNDA:0,(anonymous_8)
FNDA:0,(anonymous_9)
FNDA:0,(anonymous_10)
FNDA:0,(anonymous_11)
DA:5,0
DA:7,0
DA:9,0
DA:11,0
DA:12,0
DA:14,0
DA:15,0
DA:17,0
DA:18,0
DA:20,0
DA:21,0
DA:23,0
DA:25,0
DA:26,0
DA:30,0
DA:34,0
DA:35,0
DA:40,0
DA:42,0
DA:43,0
DA:47,0
DA:49,0
DA:50,0
DA:52,0
DA:56,0
DA:57,0
DA:60,0
DA:62,0
DA:63,0
DA:65,0
DA:67,0
DA:68,0
DA:71,0
DA:72,0
DA:73,0
DA:75,0
DA:80,0
DA:84,0
DA:85,0
DA:89,0
DA:93,0
DA:98,0
LF:42
LH:0
BRDA:9,0,0,0
BRDA:9,0,1,0
BRDA:34,1,0,0
BRDA:34,1,1,0
BRDA:56,2,0,0
BRDA:56,2,1,0
BRDA:67,3,0,0
BRDA:67,3,1,0
BRF:8
BRH:0
end_of_record
TN:
SF:src/client/js/interface/actions.js
FN:4,(anonymous_0)
FN:22,(anonymous_1)
FN:26,(anonymous_2)
FN:32,(anonymous_3)
FN:39,(anonymous_4)
FN:55,(anonymous_5)
FN:58,(anonymous_6)
FN:69,(anonymous_7)
FN:74,(anonymous_8)
FN:82,(anonymous_9)
FN:86,(anonymous_10)
FN:95,(anonymous_11)
FN:101,(anonymous_12)
FN:108,(anonymous_13)
FN:112,(anonymous_14)
FN:116,(anonymous_15)
FN:123,(anonymous_16)
FN:129,(anonymous_17)
FN:133,(anonymous_18)
FN:137,(anonymous_19)
FN:141,(anonymous_20)
FNF:21
FNH:0
FNDA:0,(anonymous_0)
FNDA:0,(anonymous_1)
FNDA:0,(anonymous_2)
FNDA:0,(anonymous_3)
FNDA:0,(anonymous_4)
FNDA:0,(anonymous_5)
FNDA:0,(anonymous_6)
FNDA:0,(anonymous_7)
FNDA:0,(anonymous_8)
FNDA:0,(anonymous_9)
FNDA:0,(anonymous_10)
FNDA:0,(anonymous_11)
FNDA:0,(anonymous_12)
FNDA:0,(anonymous_13)
FNDA:0,(anonymous_14)
FNDA:0,(anonymous_15)
FNDA:0,(anonymous_16)
FNDA:0,(anonymous_17)
FNDA:0,(anonymous_18)
FNDA:0,(anonymous_19)
FNDA:0,(anonymous_20)
DA:5,0
DA:7,0
DA:8,0
DA:9,0
DA:11,0
DA:12,0
DA:13,0
DA:15,0
DA:17,0
DA:19,0
DA:23,0
DA:24,0
DA:26,0
DA:27,0
DA:28,0
DA:32,0
DA:33,0
DA:34,0
DA:40,0
DA:42,0
DA:44,0
DA:46,0
DA:47,0
DA:48,0
DA:51,0
DA:56,0
DA:58,0
DA:59,0
DA:60,0
DA:64,0
DA:65,0
DA:70,0
DA:71,0
DA:75,0
DA:77,0
DA:78,0
DA:83,0
DA:87,0
DA:89,0
DA:90,0
DA:95,0
DA:96,0
DA:98,0
DA:101,0
DA:102,0
DA:104,0
DA:109,0
DA:113,0
DA:117,0
DA:118,0
DA:119,0
DA:120,0
DA:124,0
DA:125,0
DA:126,0
DA:130,0
DA:134,0
DA:138,0
DA:142,0
LF:59
LH:0
BRDA:27,0,0,0
BRDA:27,0,1,0
BRDA:33,1,0,0
BRDA:33,1,1,0
BRDA:42,2,0,0
BRDA:42,2,1,0
BRDA:42,2,2,0
BRDA:59,3,0,0
BRDA:59,3,1,0
BRDA:64,4,0,0
BRDA:64,4,1,0
BRDA:87,5,0,0
BRDA:87,5,1,0
BRF:13
BRH:0
end_of_record
TN:
SF:src/client/js/interface/bank.js
FN:6,(anonymous_0)
FN:16,(anonymous_1)
FN:21,(anonymous_2)
FN:45,(anonymous_3)
FN:92,(anonymous_4)
FN:116,(anonymous_5)
FN:167,(anonymous_6)
FN:178,(anonymous_7)
FN:210,(anonymous_8)
FN:230,(anonymous_9)
FN:254,(anonymous_10)
FN:267,(anonymous_11)
FN:271,(anonymous_12)
FN:275,(anonymous_13)
FN:279,(anonymous_14)
FN:283,(anonymous_15)
FN:287,(anonymous_16)
FN:291,(anonymous_17)
FNF:18
FNH:0
FNDA:0,(anonymous_0)
FNDA:0,(anonymous_1)
FNDA:0,(anonymous_2)
FNDA:0,(anonymous_3)
FNDA:0,(anonymous_4)
FNDA:0,(anonymous_5)
FNDA:0,(anonymous_6)
FNDA:0,(anonymous_7)
FNDA:0,(anonymous_8)
FNDA:0,(anonymous_9)
FNDA:0,(anonymous_10)
FNDA:0,(anonymous_11)
FNDA:0,(anonymous_12)
FNDA:0,(anonymous_13)
FNDA:0,(anonymous_14)
FNDA:0,(anonymous_15)
FNDA:0,(anonymous_16)
FNDA:0,(anonymous_17)
DA:7,0
DA:8,0
DA:9,0
DA:10,0
DA:11,0
DA:12,0
DA:13,0
DA:14,0
DA:15,0
DA:16,0
DA:17,0
DA:22,0
DA:23,0
DA:25,0
DA:26,0
DA:27,0
DA:29,0
DA:31,0
DA:36,0
DA:38,0
DA:39,0
DA:45,0
DA:46,0
DA:49,0
DA:50,0
DA:53,0
DA:54,0
DA:58,0
DA:64,0
DA:66,0
DA:67,0
DA:70,0
DA:71,0
DA:72,0
DA:76,0
DA:81,0
DA:85,0
DA:86,0
DA:92,0
DA:93,0
DA:96,0
DA:97,0
DA:100,0
DA:101,0
DA:105,0
DA:110,0
DA:111,0
DA:112,0
DA:117,0
DA:118,0
DA:120,0
DA:121,0
DA:122,0
DA:123,0
DA:125,0
DA:130,0
DA:136,0
DA:137,0
DA:139,0
DA:146,0
DA:147,0
DA:148,0
DA:149,0
DA:151,0
DA:156,0
DA:157,0
DA:159,0
DA:168,0
DA:169,0
DA:171,0
DA:179,0
DA:180,0
DA:182,0
DA:183,0
DA:186,0
DA:187,0
DA:190,0
DA:192,0
DA:193,0
DA:194,0
DA:196,0
DA:201,0
DA:202,0
DA:205,0
DA:206,0
DA:211,0
DA:212,0
DA:214,0
DA:215,0
DA:218,0
DA:220,0
DA:221,0
DA:223,0
DA:224,0
DA:226,0
DA:231,0
DA:233,0
DA:234,0
DA:237,0
DA:238,0
DA:240,0
DA:245,0
DA:246,0
DA:249,0
DA:250,0
DA:255,0
DA:257,0
DA:258,0
DA:261,0
DA:263,0
DA:264,0
DA:268,0
DA:272,0
DA:276,0
DA:280,0
DA:284,0
DA:288,0
DA:292,0
LF:118
LH:0
BRDA:38,0,0,0
BRDA:38,0,1,0
BRDA:49,1,0,0
BRDA:49,1,1,0
BRDA:55,2,0,0
BRDA:55,2,1,0
BRDA:85,3,0,0
BRDA:85,3,1,0
BRDA:96,4,0,0
BRDA:96,4,1,0
BRDA:102,5,0,0
BRDA:102,5,1,0
BRDA:136,6,0,0
BRDA:136,6,1,0
BRDA:156,7,0,0
BRDA:156,7,1,0
BRDA:169,8,0,0
BRDA:169,8,1,0
BRDA:182,9,0,0
BRDA:182,9,1,0
BRDA:182,10,0,0
BRDA:182,10,1,0
BRDA:186,11,0,0
BRDA:186,11,1,0
BRDA:201,12,0,0
BRDA:201,12,1,0
BRDA:205,13,0,0
BRDA:205,13,1,0
BRDA:214,14,0,0
BRDA:214,14,1,0
BRDA:214,15,0,0
BRDA:214,15,1,0
BRDA:220,16,0,0
BRDA:220,16,1,0
BRDA:233,17,0,0
BRDA:233,17,1,0
BRDA:245,18,0,0
BRDA:245,18,1,0
BRDA:249,19,0,0
BRDA:249,19,1,0
BRDA:257,20,0,0
BRDA:257,20,1,0
BRF:42
BRH:0
end_of_record
TN:
SF:src/client/js/interface/enchant.js
FN:5,(anonymous_0)
FN:21,(anonymous_1)
FN:25,(anonymous_2)
FN:30,(anonymous_3)
FN:72,(anonymous_4)
FN:110,(anonymous_5)
FN:120,(anonymous_6)
FN:127,(anonymous_7)
FN:131,(anonymous_8)
FN:136,(anonymous_9)
FN:140,(anonymous_10)
FN:147,(anonymous_11)
FN:154,(anonymous_12)
FN:158,(anonymous_13)
FN:162,(anonymous_14)
FN:167,(anonymous_15)
FN:173,(anonymous_16)
FN:177,(anonymous_17)
FN:181,(anonymous_18)
FN:185,(anonymous_19)
FNF:20
FNH:0
FNDA:0,(anonymous_0)
FNDA:0,(anonymous_1)
FNDA:0,(anonymous_2)
FNDA:0,(anonymous_3)
FNDA:0,(anonymous_4)
FNDA:0,(anonymous_5)
FNDA:0,(anonymous_6)
FNDA:0,(anonymous_7)
FNDA:0,(anonymous_8)
FNDA:0,(anonymous_9)
FNDA:0,(anonymous_10)
FNDA:0,(anonymous_11)
FNDA:0,(anonymous_12)
FNDA:0,(anonymous_13)
FNDA:0,(anonymous_14)
FNDA:0,(anonymous_15)
FNDA:0,(anonymous_16)
FNDA:0,(anonymous_17)
FNDA:0,(anonymous_18)
FNDA:0,(anonymous_19)
DA:6,0
DA:7,0
DA:8,0
DA:9,0
DA:10,0
DA:11,0
DA:12,0
DA:13,0
DA:14,0
DA:16,0
DA:21,0
DA:22,0
DA:25,0
DA:26,0
DA:31,0
DA:34,0
DA:36,0
DA:38,0
DA:40,0
DA:45,0
DA:48,0
DA:55,0
DA:57,0
DA:58,0
DA:61,0
DA:64,0
DA:66,0
DA:73,0
DA:74,0
DA:77,0
DA:79,0
DA:81,0
DA:83,0
DA:88,0
DA:90,0
DA:92,0
DA:95,0
DA:100,0
DA:102,0
DA:104,0
DA:106,0
DA:111,0
DA:112,0
DA:114,0
DA:116,0
DA:117,0
DA:118,0
DA:120,0
DA:121,0
DA:124,0
DA:127,0
DA:128,0
DA:131,0
DA:132,0
DA:137,0
DA:141,0
DA:148,0
DA:155,0
DA:159,0
DA:163,0
DA:164,0
DA:168,0
DA:169,0
DA:170,0
DA:174,0
DA:178,0
DA:182,0
DA:186,0
LF:68
LH:0
BRDA:36,0,0,0
BRDA:36,0,1,0
BRDA:36,0,2,0
BRDA:57,1,0,0
BRDA:57,1,1,0
BRDA:79,2,0,0
BRDA:79,2,1,0
BRDA:79,2,2,0
BRDA:88,3,0,0
BRDA:88,3,1,0
BRDA:100,4,0,0
BRDA:100,4,1,0
BRF:12
BRH:0
end_of_record
TN:
SF:src/client/js/interface/inventory.js
FN:6,(anonymous_0)
FN:18,(anonymous_1)
FN:37,(anonymous_2)
FN:41,(anonymous_3)
FN:55,(anonymous_4)
FN:63,(anonymous_5)
FN:94,(anonymous_6)
FN:115,(anonymous_7)
FN:176,(anonymous_8)
FN:211,(anonymous_9)
FN:230,(anonymous_10)
FN:250,(anonymous_11)
FN:258,(anonymous_12)
FN:263,(anonymous_13)
FN:271,(anonymous_14)
FN:275,(anonymous_15)
FN:279,(anonymous_16)
FN:285,(anonymous_17)
FNF:18
FNH:0
FNDA:0,(anonymous_0)
FNDA:0,(anonymous_1)
FNDA:0,(anonymous_2)
FNDA:0,(anonymous_3)
FNDA:0,(anonymous_4)
FNDA:0,(anonymous_5)
FNDA:0,(anonymous_6)
FNDA:0,(anonymous_7)
FNDA:0,(anonymous_8)
FNDA:0,(anonymous_9)
FNDA:0,(anonymous_10)
FNDA:0,(anonymous_11)
FNDA:0,(anonymous_12)
FNDA:0,(anonymous_13)
FNDA:0,(anonymous_14)
FNDA:0,(anonymous_15)
FNDA:0,(anonymous_16)
FNDA:0,(anonymous_17)
DA:7,0
DA:8,0
DA:9,0
DA:10,0
DA:11,0
DA:12,0
DA:13,0
DA:14,0
DA:15,0
DA:19,0
DA:21,0
DA:22,0
DA:24,0
DA:26,0
DA:28,0
DA:29,0
DA:35,0
DA:37,0
DA:38,0
DA:41,0
DA:42,0
DA:45,0
DA:47,0
DA:48,0
DA:52,0
DA:55,0
DA:56,0
DA:58,0
DA:59,0
DA:64,0
DA:65,0
DA:66,0
DA:68,0
DA:70,0
DA:71,0
DA:74,0
DA:75,0
DA:77,0
DA:78,0
DA:80,0
DA:81,0
DA:84,0
DA:86,0
DA:88,0
DA:89,0
DA:91,0
DA:95,0
DA:96,0
DA:98,0
DA:99,0
DA:102,0
DA:103,0
DA:105,0
DA:107,0
DA:108,0
DA:110,0
DA:112,0
DA:116,0
DA:118,0
DA:119,0
DA:122,0
DA:124,0
DA:127,0
DA:131,0
DA:133,0
DA:136,0
DA:138,0
DA:140,0
DA:144,0
DA:147,0
DA:150,0
DA:152,0
DA:153,0
DA:156,0
DA:161,0
DA:162,0
DA:164,0
DA:167,0
DA:168,0
DA:170,0
DA:173,0
DA:177,0
DA:178,0
DA:180,0
DA:181,0
DA:184,0
DA:185,0
DA:195,0
DA:197,0
DA:199,0
DA:204,0
DA:206,0
DA:212,0
DA:213,0
DA:215,0
DA:216,0
DA:219,0
DA:221,0
DA:223,0
DA:224,0
DA:225,0
DA:226,0
DA:231,0
DA:233,0
DA:234,0
DA:235,0
DA:237,0
DA:238,0
DA:239,0
DA:241,0
DA:251,0
DA:253,0
DA:254,0
DA:255,0
DA:259,0
DA:260,0
DA:264,0
DA:266,0
DA:267,0
DA:268,0
DA:272,0
DA:276,0
DA:280,0
DA:286,0
LF:124
LH:0
BRDA:28,0,0,0
BRDA:28,0,1,0
BRDA:35,1,0,0
BRDA:35,1,1,0
BRDA:49,2,0,0
BRDA:49,2,1,0
BRDA:58,3,0,0
BRDA:58,3,1,0
BRDA:70,4,0,0
BRDA:70,4,1,0
BRDA:70,5,0,0
BRDA:70,5,1,0
BRDA:77,6,0,0
BRDA:77,6,1,0
BRDA:78,7,0,0
BRDA:78,7,1,0
BRDA:80,8,0,0
BRDA:80,8,1,0
BRDA:98,9,0,0
BRDA:98,9,1,0
BRDA:98,10,0,0
BRDA:98,10,1,0
BRDA:110,11,0,0
BRDA:110,11,1,0
BRDA:116,12,0,0
BRDA:116,12,1,0
BRDA:118,13,0,0
BRDA:118,13,1,0
BRDA:118,14,0,0
BRDA:118,14,1,0
BRDA:122,15,0,0
BRDA:122,15,1,0
BRDA:122,15,2,0
BRDA:122,15,3,0
BRDA:122,15,4,0
BRDA:122,15,5,0
BRDA:138,16,0,0
BRDA:138,16,1,0
BRDA:152,17,0,0
BRDA:152,17,1,0
BRDA:152,18,0,0
BRDA:152,18,1,0
BRDA:180,19,0,0
BRDA:180,19,1,0
BRDA:180,20,0,0
BRDA:180,20,1,0
BRDA:184,21,0,0
BRDA:184,21,1,0
BRDA:204,22,0,0
BRDA:204,22,1,0
BRDA:208,23,0,0
BRDA:208,23,1,0
BRDA:215,24,0,0
BRDA:215,24,1,0
BRDA:215,25,0,0
BRDA:215,25,1,0
BRDA:223,26,0,0
BRDA:223,26,1,0
BRDA:237,27,0,0
BRDA:237,27,1,0
BRDA:238,28,0,0
BRDA:238,28,1,0
BRDA:251,29,0,0
BRDA:251,29,1,0
BRF:64
BRH:0
[...]
FNDA:0,(anonymous_89)
FNDA:0,(anonymous_90)
FNDA:0,(anonymous_91)
FNDA:0,(anonymous_92)
FNDA:0,(anonymous_93)
FNDA:0,(anonymous_94)
FNDA:0,(anonymous_95)
FNDA:0,(anonymous_96)
FNDA:0,(anonymous_97)
FNDA:0,(anonymous_98)
DA:12,1
DA:13,0
DA:14,0
DA:17,0
DA:24,0
DA:25,0
DA:26,0
DA:27,0
DA:28,0
DA:30,0
DA:31,0
DA:32,0
DA:33,0
DA:34,0
DA:36,0
DA:37,0
DA:38,0
DA:39,0
DA:40,0
DA:42,0
DA:43,0
DA:51,0
DA:52,0
DA:53,0
DA:54,0
DA:56,0
DA:58,0
DA:59,0
DA:60,0
DA:62,0
DA:63,0
DA:65,0
DA:67,0
DA:68,0
DA:69,0
DA:70,0
DA:72,0
DA:74,0
DA:75,0
DA:77,0
DA:78,0
DA:80,0
DA:81,0
DA:82,0
DA:83,0
DA:84,0
DA:85,0
DA:86,0
DA:87,0
DA:89,0
DA:95,0
DA:96,0
DA:97,0
DA:99,0
DA:100,0
DA:101,0
DA:108,0
DA:109,0
DA:111,0
DA:112,0
DA:113,0
DA:114,0
DA:115,0
DA:116,0
DA:123,0
DA:124,0
DA:127,0
DA:128,0
DA:130,0
DA:131,0
DA:133,0
DA:134,0
DA:135,0
DA:142,0
DA:143,0
DA:145,0
DA:147,0
DA:154,0
DA:156,0
DA:157,0
DA:164,0
DA:166,0
DA:167,0
DA:169,0
DA:170,0
DA:171,0
DA:172,0
DA:174,0
DA:175,0
DA:178,0
DA:180,0
DA:182,0
DA:183,0
DA:186,0
DA:187,0
DA:190,0
DA:191,0
DA:194,0
DA:195,0
DA:198,0
DA:199,0
DA:200,0
DA:208,0
DA:209,0
DA:212,0
DA:213,0
DA:214,0
DA:219,0
DA:220,0
DA:225,0
DA:226,0
DA:227,0
DA:228,0
DA:229,0
DA:230,0
DA:240,0
DA:242,0
DA:245,0
DA:246,0
DA:248,0
DA:249,0
DA:250,0
DA:252,0
DA:253,0
DA:264,0
DA:270,0
DA:272,0
DA:273,0
DA:276,0
DA:277,0
DA:285,0
DA:292,0
DA:293,0
DA:296,0
DA:297,0
DA:299,0
DA:300,0
DA:301,0
DA:302,0
DA:303,0
DA:311,0
DA:318,0
DA:319,0
DA:322,0
DA:324,0
DA:325,0
DA:326,0
DA:333,0
DA:334,0
DA:336,0
DA:344,0
DA:345,0
DA:346,0
DA:348,0
DA:349,0
DA:352,0
DA:353,0
DA:354,0
DA:355,0
DA:356,0
DA:357,0
DA:358,0
DA:360,0
DA:362,0
DA:363,0
DA:364,0
DA:365,0
DA:366,0
DA:367,0
DA:368,0
DA:370,0
DA:371,0
DA:374,0
DA:375,0
DA:376,0
DA:377,0
DA:381,0
DA:382,0
DA:385,0
DA:386,0
DA:387,0
DA:388,0
DA:389,0
DA:390,0
DA:391,0
DA:393,0
DA:394,0
DA:397,0
DA:398,0
DA:411,0
DA:413,0
DA:425,0
DA:431,0
DA:433,0
DA:434,0
DA:435,0
DA:438,0
DA:440,0
DA:445,0
DA:446,0
DA:447,0
DA:448,0
DA:450,0
DA:464,0
DA:467,0
DA:468,0
DA:470,0
DA:471,0
DA:472,0
DA:474,0
DA:475,0
DA:478,0
DA:491,0
DA:493,0
DA:495,0
DA:496,0
DA:516,0
DA:522,0
DA:524,0
DA:525,0
DA:528,0
DA:529,0
DA:530,0
DA:531,0
DA:532,0
DA:533,0
DA:534,0
DA:535,0
DA:536,0
DA:538,0
DA:556,0
DA:557,0
DA:560,0
DA:561,0
DA:562,0
DA:564,0
DA:570,0
DA:572,0
DA:573,0
DA:574,0
DA:575,0
DA:581,0
DA:582,0
DA:583,0
DA:589,0
DA:590,0
DA:593,0
DA:594,0
DA:596,0
DA:597,0
DA:598,0
DA:599,0
DA:602,0
DA:603,0
DA:606,0
DA:607,0
DA:608,0
DA:610,0
DA:611,0
DA:612,0
DA:621,0
DA:625,0
DA:634,0
DA:635,0
DA:644,0
DA:645,0
DA:646,0
DA:649,0
DA:650,0
DA:653,0
DA:662,0
DA:668,0
DA:669,0
DA:672,0
DA:674,0
DA:675,0
DA:677,0
DA:678,0
DA:679,0
DA:682,0
DA:683,0
DA:697,0
DA:703,0
DA:704,0
DA:706,0
DA:707,0
DA:708,0
DA:709,0
DA:710,0
DA:713,0
DA:715,0
DA:721,0
DA:723,0
DA:735,0
DA:737,0
DA:738,0
DA:741,0
DA:742,0
DA:743,0
DA:746,0
DA:747,0
DA:755,0
DA:756,0
DA:759,0
DA:760,0
DA:764,0
DA:765,0
DA:776,0
DA:777,0
DA:780,0
DA:795,0
DA:796,0
DA:797,0
DA:799,0
DA:805,0
DA:806,0
DA:808,0
DA:809,0
DA:812,0
DA:813,0
DA:815,0
DA:816,0
DA:819,0
DA:820,0
DA:821,0
DA:822,0
DA:823,0
DA:825,0
DA:832,0
DA:833,0
DA:836,0
DA:852,0
DA:853,0
DA:856,0
DA:858,0
DA:865,0
DA:866,0
DA:873,0
DA:875,0
DA:876,0
DA:877,0
DA:880,0
DA:887,0
DA:889,0
DA:890,0
DA:893,0
DA:899,0
DA:900,0
DA:902,0
DA:903,0
DA:907,0
DA:908,0
DA:909,0
DA:910,0
DA:915,0
DA:916,0
DA:918,0
DA:919,0
DA:920,0
DA:928,0
DA:930,0
DA:931,0
DA:932,0
DA:933,0
DA:934,0
DA:935,0
DA:941,0
DA:951,0
DA:958,0
DA:961,0
DA:963,0
DA:969,0
DA:980,0
DA:981,0
DA:988,0
DA:989,0
DA:992,0
DA:993,0
DA:994,0
DA:995,0
DA:997,0
DA:998,0
DA:1006,0
DA:1007,0
DA:1014,0
DA:1015,0
DA:1018,0
DA:1020,0
DA:1021,0
DA:1022,0
DA:1023,0
DA:1032,0
DA:1043,0
DA:1049,0
DA:1051,0
DA:1052,0
DA:1055,0
DA:1061,0
DA:1063,0
DA:1064,0
DA:1067,0
DA:1073,0
DA:1084,0
DA:1095,0
DA:1096,0
DA:1103,0
DA:1104,0
DA:1111,0
DA:1112,0
DA:1119,0
DA:1120,0
DA:1127,0
DA:1128,0
DA:1135,0
DA:1136,0
DA:1147,0
DA:1148,0
DA:1155,0
DA:1156,0
DA:1163,0
DA:1164,0
DA:1167,0
DA:1176,0
DA:1187,0
DA:1188,0
DA:1191,0
DA:1192,0
DA:1195,0
DA:1204,0
DA:1205,0
DA:1206,0
DA:1213,0
DA:1214,0
DA:1217,0
DA:1224,0
DA:1226,0
DA:1232,0
DA:1246,0
DA:1247,0
DA:1254,0
DA:1255,0
DA:1256,0
DA:1264,0
DA:1265,0
DA:1272,0
DA:1273,0
DA:1274,0
DA:1280,0
DA:1286,0
DA:1296,0
DA:1302,0
DA:1308,0
DA:1314,0
DA:1324,0
DA:1325,0
DA:1327,0
DA:1330,0
DA:1332,0
DA:1333,0
DA:1334,0
DA:1335,0
DA:1336,0
DA:1337,0
DA:1339,0
DA:1345,0
DA:1346,0
DA:1350,0
DA:1351,0
DA:1353,0
DA:1354,0
DA:1355,0
DA:1356,0
DA:1357,0
DA:1358,0
DA:1359,0
DA:1360,0
DA:1363,0
DA:1369,0
DA:1370,0
DA:1371,0
DA:1373,0
DA:1374,0
DA:1375,0
DA:1376,0
DA:1377,0
DA:1378,0
DA:1379,0
DA:1380,0
DA:1382,0
DA:1388,0
LF:490
LH:1
BRDA:13,0,0,0
BRDA:13,0,1,0
BRDA:17,1,0,0
BRDA:17,1,1,0
BRDA:123,2,0,0
BRDA:123,2,1,0
BRDA:147,3,0,0
BRDA:147,3,1,0
BRDA:148,4,0,0
BRDA:148,4,1,0
BRDA:148,4,2,0
BRDA:148,4,3,0
BRDA:148,4,4,0
BRDA:169,5,0,0
BRDA:169,5,1,0
BRDA:174,6,0,0
BRDA:174,6,1,0
BRDA:182,7,0,0
BRDA:182,7,1,0
BRDA:186,8,0,0
BRDA:186,8,1,0
BRDA:190,9,0,0
BRDA:190,9,1,0
BRDA:194,10,0,0
BRDA:194,10,1,0
BRDA:208,11,0,0
BRDA:208,11,1,0
BRDA:240,12,0,0
BRDA:240,12,1,0
BRDA:250,13,0,0
BRDA:250,13,1,0
BRDA:252,14,0,0
BRDA:252,14,1,0
BRDA:252,15,0,0
BRDA:252,15,1,0
BRDA:272,16,0,0
BRDA:272,16,1,0
BRDA:292,17,0,0
BRDA:292,17,1,0
BRDA:297,18,0,0
BRDA:297,18,1,0
BRDA:318,19,0,0
BRDA:318,19,1,0
BRDA:324,20,0,0
BRDA:324,20,1,0
BRDA:334,21,0,0
BRDA:334,21,1,0
BRDA:348,22,0,0
BRDA:348,22,1,0
BRDA:348,23,0,0
BRDA:348,23,1,0
BRDA:348,23,2,0
BRDA:362,24,0,0
BRDA:362,24,1,0
BRDA:362,25,0,0
BRDA:362,25,1,0
BRDA:370,26,0,0
BRDA:370,26,1,0
BRDA:374,27,0,0
BRDA:374,27,1,0
BRDA:381,28,0,0
BRDA:381,28,1,0
BRDA:385,29,0,0
BRDA:385,29,1,0
BRDA:388,30,0,0
BRDA:388,30,1,0
BRDA:393,31,0,0
BRDA:393,31,1,0
BRDA:397,32,0,0
BRDA:397,32,1,0
BRDA:425,33,0,0
BRDA:425,33,1,0
BRDA:426,34,0,0
BRDA:426,34,1,0
BRDA:426,34,2,0
BRDA:426,34,3,0
BRDA:433,35,0,0
BRDA:433,35,1,0
BRDA:434,36,0,0
BRDA:434,36,1,0
BRDA:440,37,0,0
BRDA:440,37,1,0
BRDA:464,38,0,0
BRDA:464,38,1,0
BRDA:470,39,0,0
BRDA:470,39,1,0
BRDA:516,40,0,0
BRDA:516,40,1,0
BRDA:517,41,0,0
BRDA:517,41,1,0
BRDA:517,41,2,0
BRDA:517,41,3,0
BRDA:524,42,0,0
BRDA:524,42,1,0
BRDA:528,43,0,0
BRDA:528,43,1,0
BRDA:556,44,0,0
BRDA:556,44,1,0
BRDA:556,45,0,0
BRDA:556,45,1,0
BRDA:556,45,2,0
BRDA:589,46,0,0
BRDA:589,46,1,0
BRDA:589,47,0,0
BRDA:589,47,1,0
BRDA:589,47,2,0
BRDA:593,48,0,0
BRDA:593,48,1,0
BRDA:594,49,0,0
BRDA:594,49,1,0
BRDA:596,50,0,0
BRDA:596,50,1,0
BRDA:598,51,0,0
BRDA:598,51,1,0
BRDA:602,52,0,0
BRDA:602,52,1,0
BRDA:610,53,0,0
BRDA:610,53,1,0
BRDA:611,54,0,0
BRDA:611,54,1,0
BRDA:611,55,0,0
BRDA:611,55,1,0
BRDA:615,56,0,0
BRDA:615,56,1,0
BRDA:621,57,0,0
BRDA:621,57,1,0
BRDA:622,58,0,0
BRDA:622,58,1,0
BRDA:622,58,2,0
BRDA:634,59,0,0
BRDA:634,59,1,0
BRDA:634,60,0,0
BRDA:634,60,1,0
BRDA:644,61,0,0
BRDA:644,61,1,0
BRDA:649,62,0,0
BRDA:649,62,1,0
BRDA:668,63,0,0
BRDA:668,63,1,0
BRDA:668,64,0,0
BRDA:668,64,1,0
BRDA:677,65,0,0
BRDA:677,65,1,0
BRDA:677,66,0,0
BRDA:677,66,1,0
BRDA:678,67,0,0
BRDA:678,67,1,0
BRDA:682,68,0,0
BRDA:682,68,1,0
BRDA:706,69,0,0
BRDA:706,69,1,0
BRDA:737,70,0,0
BRDA:737,70,1,0
BRDA:742,71,0,0
BRDA:742,71,1,0
BRDA:742,72,0,0
BRDA:742,72,1,0
BRDA:746,73,0,0
BRDA:746,73,1,0
BRDA:755,74,0,0
BRDA:755,74,1,0
BRDA:764,75,0,0
BRDA:764,75,1,0
BRDA:776,76,0,0
BRDA:776,76,1,0
BRDA:808,77,0,0
BRDA:808,77,1,0
BRDA:812,78,0,0
BRDA:812,78,1,0
BRDA:812,79,0,0
BRDA:812,79,1,0
BRDA:812,79,2,0
BRDA:815,80,0,0
BRDA:815,80,1,0
BRDA:819,81,0,0
BRDA:819,81,1,0
BRDA:822,82,0,0
BRDA:822,82,1,0
BRDA:832,83,0,0
BRDA:832,83,1,0
BRDA:852,84,0,0
BRDA:852,84,1,0
BRDA:865,85,0,0
BRDA:865,85,1,0
BRDA:875,86,0,0
BRDA:875,86,1,0
BRDA:900,87,0,0
BRDA:900,87,1,0
BRDA:900,88,0,0
BRDA:900,88,1,0
BRDA:900,88,2,0
BRDA:902,89,0,0
BRDA:902,89,1,0
BRDA:902,90,0,0
BRDA:902,90,1,0
BRDA:907,91,0,0
BRDA:907,91,1,0
BRDA:907,92,0,0
BRDA:907,92,1,0
BRDA:909,93,0,0
BRDA:909,93,1,0
BRDA:909,94,0,0
BRDA:909,94,1,0
BRDA:915,95,0,0
BRDA:915,95,1,0
BRDA:915,96,0,0
BRDA:915,96,1,0
BRDA:918,97,0,0
BRDA:918,97,1,0
BRDA:951,98,0,0
BRDA:951,98,1,0
BRDA:952,99,0,0
BRDA:952,99,1,0
BRDA:952,99,2,0
BRDA:952,99,3,0
BRDA:952,99,4,0
BRDA:963,100,0,0
BRDA:963,100,1,0
BRDA:965,101,0,0
BRDA:965,101,1,0
BRDA:981,102,0,0
BRDA:981,102,1,0
BRDA:988,103,0,0
BRDA:988,103,1,0
BRDA:988,104,0,0
BRDA:988,104,1,0
BRDA:993,105,0,0
BRDA:993,105,1,0
BRDA:997,106,0,0
BRDA:997,106,1,0
BRDA:1014,107,0,0
BRDA:1014,107,1,0
BRDA:1014,108,0,0
BRDA:1014,108,1,0
BRDA:1021,109,0,0
BRDA:1021,109,1,0
BRDA:1021,110,0,0
BRDA:1021,110,1,0
BRDA:1033,111,0,0
BRDA:1033,111,1,0
BRDA:1033,111,2,0
BRDA:1033,111,3,0
BRDA:1051,112,0,0
BRDA:1051,112,1,0
BRDA:1063,113,0,0
BRDA:1063,113,1,0
BRDA:1163,114,0,0
BRDA:1163,114,1,0
BRDA:1163,115,0,0
BRDA:1163,115,1,0
BRDA:1187,116,0,0
BRDA:1187,116,1,0
BRDA:1191,117,0,0
BRDA:1191,117,1,0
BRDA:1191,118,0,0
BRDA:1191,118,1,0
BRDA:1191,118,2,0
BRDA:1196,119,0,0
BRDA:1196,119,1,0
BRDA:1204,120,0,0
BRDA:1204,120,1,0
BRDA:1213,121,0,0
BRDA:1213,121,1,0
BRDA:1213,122,0,0
BRDA:1213,122,1,0
BRDA:1255,123,0,0
BRDA:1255,123,1,0
BRDA:1280,124,0,0
BRDA:1280,124,1,0
BRDA:1280,124,2,0
BRDA:1286,125,0,0
BRDA:1286,125,1,0
BRDA:1350,126,0,0
BRDA:1350,126,1,0
BRDA:1370,127,0,0
BRDA:1370,127,1,0
BRDA:1371,128,0,0
BRDA:1371,128,1,0
BRF:278
BRH:0
end_of_record
TN:
SF:src/client/js/renderer/tile.js
FN:2,(anonymous_0)
FN:12,(anonymous_1)
FN:17,(anonymous_2)
FN:23,(anonymous_3)
FN:33,(anonymous_4)
FNF:5
FNH:0
FNDA:0,(anonymous_0)
FNDA:0,(anonymous_1)
FNDA:0,(anonymous_2)
FNDA:0,(anonymous_3)
FNDA:0,(anonymous_4)
DA:3,0
DA:4,0
DA:5,0
DA:6,0
DA:7,0
DA:8,0
DA:9,0
DA:13,0
DA:14,0
DA:18,0
DA:24,0
DA:25,0
DA:26,0
DA:27,0
DA:30,0
DA:34,0
DA:35,0
DA:38,0
LF:18
LH:0
BRDA:18,0,0,0
BRDA:18,0,1,0
BRDA:24,1,0,0
BRDA:24,1,1,0
BRDA:34,2,0,0
BRDA:34,2,1,0
BRDA:34,3,0,0
BRDA:34,3,1,0
BRF:8
BRH:0
end_of_record
TN:
SF:src/client/js/renderer/updater.js
FN:5,(anonymous_0)
FN:13,(anonymous_1)
FN:28,(anonymous_2)
FN:33,(anonymous_3)
FN:41,(anonymous_4)
FN:42,(anonymous_5)
FN:78,(anonymous_6)
FN:82,(anonymous_7)
FN:97,(anonymous_8)
FN:101,(anonymous_9)
FN:116,(anonymous_10)
FN:120,(anonymous_11)
FN:135,(anonymous_12)
FN:139,(anonymous_13)
FN:174,(anonymous_14)
FN:193,(anonymous_15)
FN:222,(anonymous_16)
FN:241,(anonymous_17)
FN:249,(anonymous_18)
FN:255,(anonymous_19)
FN:265,(anonymous_20)
FNF:21
FNH:0
FNDA:0,(anonymous_0)
FNDA:0,(anonymous_1)
FNDA:0,(anonymous_2)
FNDA:0,(anonymous_3)
FNDA:0,(anonymous_4)
FNDA:0,(anonymous_5)
FNDA:0,(anonymous_6)
FNDA:0,(anonymous_7)
FNDA:0,(anonymous_8)
FNDA:0,(anonymous_9)
FNDA:0,(anonymous_10)
FNDA:0,(anonymous_11)
FNDA:0,(anonymous_12)
FNDA:0,(anonymous_13)
FNDA:0,(anonymous_14)
FNDA:0,(anonymous_15)
FNDA:0,(anonymous_16)
FNDA:0,(anonymous_17)
FNDA:0,(anonymous_18)
FNDA:0,(anonymous_19)
FNDA:0,(anonymous_20)
DA:6,0
DA:7,0
DA:8,0
DA:9,0
DA:10,0
DA:14,0
DA:16,0
DA:17,0
DA:18,0
DA:19,0
DA:20,0
DA:21,0
DA:22,0
DA:23,0
DA:25,0
DA:31,0
DA:33,0
DA:34,0
DA:35,0
DA:36,0
DA:42,0
DA:43,0
DA:44,0
DA:46,0
DA:48,0
DA:50,0
DA:51,0
DA:52,0
DA:55,0
DA:56,0
DA:59,0
DA:60,0
DA:63,0
DA:64,0
DA:67,0
DA:68,0
DA:71,0
DA:72,0
DA:74,0
DA:76,0
DA:79,0
DA:80,0
DA:83,0
DA:84,0
DA:85,0
DA:92,0
DA:95,0
DA:98,0
DA:99,0
DA:102,0
DA:103,0
DA:104,0
DA:111,0
DA:114,0
DA:117,0
DA:118,0
DA:121,0
DA:122,0
DA:123,0
DA:130,0
DA:133,0
DA:136,0
DA:137,0
DA:140,0
DA:141,0
DA:142,0
DA:149,0
DA:151,0
DA:154,0
DA:155,0
DA:156,0
DA:157,0
DA:158,0
DA:159,0
DA:161,0
DA:162,0
DA:165,0
DA:166,0
DA:168,0
DA:175,0
DA:176,0
DA:179,0
DA:182,0
DA:183,0
DA:185,0
DA:186,0
DA:187,0
DA:189,0
DA:196,0
DA:198,0
DA:203,0
DA:204,0
DA:207,0
DA:208,0
DA:209,0
DA:210,0
DA:211,0
DA:212,0
DA:213,0
DA:214,0
DA:217,0
DA:218,0
DA:223,0
DA:226,0
DA:227,0
DA:230,0
DA:231,0
DA:234,0
DA:236,0
DA:237,0
DA:242,0
DA:244,0
DA:245,0
DA:250,0
DA:251,0
DA:256,0
DA:257,0
DA:260,0
DA:261,0
DA:266,0
LF:120
LH:0
BRDA:34,0,0,0
BRDA:34,0,1,0
BRDA:43,1,0,0
BRDA:43,1,1,0
BRDA:48,2,0,0
BRDA:48,2,1,0
BRDA:50,3,0,0
BRDA:50,3,1,0
BRDA:51,4,0,0
BRDA:51,4,1,0
BRDA:51,5,0,0
BRDA:51,5,1,0
BRDA:55,6,0,0
BRDA:55,6,1,0
BRDA:55,7,0,0
BRDA:55,7,1,0
BRDA:59,8,0,0
BRDA:59,8,1,0
BRDA:59,9,0,0
BRDA:59,9,1,0
BRDA:63,10,0,0
BRDA:63,10,1,0
BRDA:63,11,0,0
BRDA:63,11,1,0
BRDA:67,12,0,0
BRDA:67,12,1,0
BRDA:67,13,0,0
BRDA:67,13,1,0
BRDA:71,14,0,0
BRDA:71,14,1,0
BRDA:71,15,0,0
BRDA:71,15,1,0
BRDA:74,16,0,0
BRDA:74,16,1,0
BRDA:74,16,2,0
BRDA:74,16,3,0
BRDA:74,16,4,0
BRDA:154,17,0,0
BRDA:154,17,1,0
BRDA:161,18,0,0
BRDA:161,18,1,0
BRDA:168,19,0,0
BRDA:168,19,1,0
BRDA:175,20,0,0
BRDA:175,20,1,0
BRDA:175,21,0,0
BRDA:175,21,1,0
BRDA:185,22,0,0
BRDA:185,22,1,0
BRDA:203,23,0,0
BRDA:203,23,1,0
BRDA:207,24,0,0
BRDA:207,24,1,0
BRDA:209,25,0,0
BRDA:209,25,1,0
BRDA:211,26,0,0
BRDA:211,26,1,0
BRDA:213,27,0,0
BRDA:213,27,1,0
BRDA:217,28,0,0
BRDA:217,28,1,0
BRDA:226,29,0,0
BRDA:226,29,1,0
BRDA:226,30,0,0
BRDA:226,30,1,0
BRDA:226,30,2,0
BRDA:230,31,0,0
BRDA:230,31,1,0
BRDA:236,32,0,0
BRDA:236,32,1,0
BRDA:244,33,0,0
BRDA:244,33,1,0
BRDA:244,34,0,0
BRDA:244,34,1,0
BRDA:250,35,0,0
BRDA:250,35,1,0
BRDA:256,36,0,0
BRDA:256,36,1,0
BRDA:260,37,0,0
BRDA:260,37,1,0
BRF:80
BRH:0
end_of_record
TN:
SF:src/client/js/renderer/bubbles/blob.js
FN:9,(anonymous_0)
FN:17,(anonymous_1)
FN:21,(anonymous_2)
FN:25,(anonymous_3)
FN:29,(anonymous_4)
FNF:5
FNH:0
FNDA:0,(anonymous_0)
FNDA:0,(anonymous_1)
FNDA:0,(anonymous_2)
FNDA:0,(anonymous_3)
FNDA:0,(anonymous_4)
DA:10,0
DA:11,0
DA:12,0
DA:13,0
DA:14,0
DA:18,0
DA:22,0
DA:26,0
DA:30,0
LF:9
LH:0
BRDA:13,0,0,0
BRDA:13,0,1,0
BRF:2
BRH:0
end_of_record
TN:
SF:src/client/js/renderer/infos/splat.js
FN:2,(anonymous_0)
FN:18,(anonymous_1)
FN:23,(anonymous_2)
FN:27,(anonymous_3)
FN:39,(anonymous_4)
FN:46,(anonymous_5)
FN:52,(anonymous_6)
FNF:7
FNH:0
FNDA:0,(anonymous_0)
FNDA:0,(anonymous_1)
FNDA:0,(anonymous_2)
FNDA:0,(anonymous_3)
FNDA:0,(anonymous_4)
FNDA:0,(anonymous_5)
FNDA:0,(anonymous_6)
DA:3,0
DA:4,0
DA:5,0
DA:6,0
DA:7,0
DA:9,0
DA:11,0
DA:12,0
DA:13,0
DA:15,0
DA:19,0
DA:20,0
DA:24,0
DA:28,0
DA:29,0
DA:32,0
DA:34,0
DA:35,0
DA:40,0
DA:41,0
DA:42,0
DA:47,0
DA:48,0
DA:53,0
LF:24
LH:0
BRDA:28,0,0,0
BRDA:28,0,1,0
BRDA:34,1,0,0
BRDA:34,1,1,0
BRDA:40,2,0,0
BRDA:40,2,1,0
BRDA:47,3,0,0
BRDA:47,3,1,0
BRF:8
BRH:0
end_of_record
TN:
SF:src/client/js/renderer/pointers/pointer.js
FN:2,(anonymous_0)
FN:16,(anonymous_1)
FN:17,(anonymous_2)
FN:28,(anonymous_3)
FN:33,(anonymous_4)
FN:38,(anonymous_5)
FN:42,(anonymous_6)
FNF:7
FNH:0
FNDA:0,(anonymous_0)
FNDA:0,(anonymous_1)
FNDA:0,(anonymous_2)
FNDA:0,(anonymous_3)
FNDA:0,(anonymous_4)
FNDA:0,(anonymous_5)
FNDA:0,(anonymous_6)
DA:3,0
DA:4,0
DA:5,0
DA:7,0
DA:8,0
DA:10,0
DA:11,0
DA:13,0
DA:17,0
DA:18,0
DA:19,0
DA:21,0
DA:24,0
DA:29,0
DA:30,0
DA:34,0
DA:35,0
DA:39,0
DA:43,0
LF:19
LH:0
BRDA:18,0,0,0
BRDA:18,0,1,0
BRF:2
BRH:0
end_of_record
TN:
SF:src/client/js/utils/detect.js
FN:3,(anonymous_0)
FN:6,(anonymous_1)
FN:7,(anonymous_2)
FN:8,(anonymous_3)
FN:9,(anonymous_4)
FN:10,(anonymous_5)
FN:11,(anonymous_6)
FN:12,(anonymous_7)
FN:13,(anonymous_8)
FN:14,(anonymous_9)
FN:15,(anonymous_10)
FN:16,(anonymous_11)
FN:23,(anonymous_12)
FN:46,(anonymous_13)
FN:57,(anonymous_14)
FNF:15
FNH:0
FNDA:0,(anonymous_0)
FNDA:0,(anonymous_1)
FNDA:0,(anonymous_2)
FNDA:0,(anonymous_3)
FNDA:0,(anonymous_4)
FNDA:0,(anonymous_5)
FNDA:0,(anonymous_6)
FNDA:0,(anonymous_7)
FNDA:0,(anonymous_8)
FNDA:0,(anonymous_9)
FNDA:0,(anonymous_10)
FNDA:0,(anonymous_11)
FNDA:0,(anonymous_12)
FNDA:0,(anonymous_13)
FNDA:0,(anonymous_14)
DA:3,1
DA:6,0
DA:7,0
DA:8,0
DA:9,0
DA:10,0
DA:11,0
DA:12,0
DA:13,0
DA:14,0
DA:15,0
DA:17,0
DA:18,0
DA:19,0
DA:20,0
DA:24,0
DA:27,0
DA:29,0
DA:34,0
DA:35,0
DA:40,0
DA:43,0
DA:47,0
DA:50,0
DA:51,0
DA:54,0
DA:58,0
DA:67,0
DA:68,0
DA:69,0
DA:70,0
DA:71,0
DA:76,0
LF:33
LH:1
BRDA:9,0,0,0
BRDA:9,0,1,0
BRDA:10,1,0,0
BRDA:10,1,1,0
BRDA:11,2,0,0
BRDA:11,2,1,0
BRDA:13,3,0,0
BRDA:13,3,1,0
BRDA:15,4,0,0
BRDA:15,4,1,0
BRDA:20,5,0,0
BRDA:20,5,1,0
BRDA:20,5,2,0
BRDA:24,6,0,0
BRDA:24,6,1,0
BRDA:34,7,0,0
BRDA:34,7,1,0
BRDA:34,8,0,0
BRDA:34,8,1,0
BRDA:38,9,0,0
BRDA:38,9,1,0
BRDA:50,10,0,0
BRDA:50,10,1,0
BRDA:67,11,0,0
BRDA:67,11,1,0
BRDA:70,12,0,0
BRDA:70,12,1,0
BRF:27
BRH:0
end_of_record
TN:
SF:src/client/js/utils/modules.js
FN:7,(anonymous_0)
FNF:1
FNH:0
FNDA:0,(anonymous_0)
DA:1,2
DA:8,0
DA:10,0
DA:12,0
DA:14,0
DA:16,0
DA:18,0
LF:7
LH:1
BRDA:8,0,0,0
BRDA:8,0,1,0
BRDA:8,0,2,0
BRDA:8,0,3,0
BRDA:8,0,4,0
BRF:5
BRH:0
end_of_record
TN:
SF:src/client/js/utils/pathfinder.js
FN:6,(anonymous_0)
FN:19,(anonymous_1)
FN:31,(anonymous_2)
FN:49,(anonymous_3)
FN:70,(anonymous_4)
FN:75,(anonymous_5)
FN:85,(anonymous_6)
FN:95,(anonymous_7)
FNF:8
FNH:0
FNDA:0,(anonymous_0)
FNDA:0,(anonymous_1)
FNDA:0,(anonymous_2)
FNDA:0,(anonymous_3)
FNDA:0,(anonymous_4)
FNDA:0,(anonymous_5)
FNDA:0,(anonymous_6)
FNDA:0,(anonymous_7)
DA:9,0
DA:10,0
DA:12,0
DA:13,0
DA:14,0
DA:16,0
DA:22,0
DA:23,0
DA:25,0
DA:28,0
DA:33,0
DA:34,0
DA:37,0
DA:38,0
DA:40,0
DA:42,0
DA:43,0
DA:46,0
DA:51,0
DA:55,0
DA:57,0
DA:58,0
DA:59,0
DA:61,0
DA:62,0
DA:63,0
DA:67,0
DA:75,0
DA:76,0
DA:77,0
DA:79,0
DA:80,0
DA:88,0
DA:89,0
DA:92,0
DA:98,0
DA:99,0
LF:37
LH:0
BRDA:42,0,0,0
BRDA:42,0,1,0
BRDA:42,1,0,0
BRDA:42,1,1,0
BRDA:61,2,0,0
BRDA:61,2,1,0
BRDA:76,3,0,0
BRDA:76,3,1,0
BRDA:77,4,0,0
BRDA:77,4,1,0
BRDA:79,5,0,0
BRDA:79,5,1,0
BRDA:79,6,0,0
BRDA:79,6,1,0
BRDA:80,7,0,0
BRDA:80,7,1,0
BRDA:88,8,0,0
BRDA:88,8,1,0
BRF:18
BRH:0
end_of_record
TN:
SF:src/client/js/utils/queue.js
FN:9,(anonymous_0)
FN:15,(anonymous_1)
FN:19,(anonymous_2)
FN:23,(anonymous_3)
FN:27,(anonymous_4)
FN:28,(anonymous_5)
FNF:6
FNH:0
FNDA:0,(anonymous_0)
FNDA:0,(anonymous_1)
FNDA:0,(anonymous_2)
FNDA:0,(anonymous_3)
FNDA:0,(anonymous_4)
FNDA:0,(anonymous_5)
DA:12,0
DA:16,0
DA:20,0
DA:24,0
DA:28,0
DA:29,0
LF:6
LH:0
BRF:0
BRH:0
end_of_record
TN:
SF:src/client/js/utils/storage.js
FN:8,(anonymous_0)
FN:17,(anonymous_1)
FN:32,(anonymous_2)
FN:61,(anonymous_3)
FN:69,(anonymous_4)
FN:76,(anonymous_5)
FN:83,(anonymous_6)
FN:95,(anonymous_7)
FN:107,(anonymous_8)
FN:112,(anonymous_9)
FNF:10
FNH:0
FNDA:0,(anonymous_0)
FNDA:0,(anonymous_1)
FNDA:0,(anonymous_2)
FNDA:0,(anonymous_3)
FNDA:0,(anonymous_4)
FNDA:0,(anonymous_5)
FNDA:0,(anonymous_6)
FNDA:0,(anonymous_7)
FNDA:0,(anonymous_8)
FNDA:0,(anonymous_9)
DA:4,1
DA:5,1
DA:9,0
DA:11,0
DA:12,0
DA:14,0
DA:18,0
DA:19,0
DA:21,0
DA:24,0
DA:26,0
DA:27,0
DA:28,0
DA:33,0
DA:35,0
DA:62,0
DA:64,0
DA:65,0
DA:70,0
DA:72,0
DA:73,0
DA:77,0
DA:79,0
DA:80,0
DA:84,0
DA:86,0
DA:88,0
DA:89,0
DA:92,0
DA:96,0
DA:98,0
DA:100,0
DA:101,0
DA:104,0
DA:108,0
DA:109,0
DA:113,0
DA:114,0
LF:38
LH:2
BRDA:18,0,0,0
BRDA:18,0,1,0
BRDA:26,1,0,0
BRDA:26,1,1,0
BRDA:64,2,0,0
BRDA:64,2,1,0
BRDA:88,3,0,0
BRDA:88,3,1,0
BRDA:100,4,0,0
BRDA:100,4,1,0
BRDA:114,5,0,0
BRDA:114,5,1,0
BRF:12
BRH:0
end_of_record
TN:
SF:src/client/js/utils/timer.js
FN:2,(anonymous_0)
FN:7,(anonymous_1)
FNF:2
FNH:0
FNDA:0,(anonymous_0)
FNDA:0,(anonymous_1)
DA:3,0
DA:4,0
DA:8,0
DA:10,0
DA:11,0
DA:12,0
DA:15,0
LF:7
LH:0
BRDA:10,0,0,0
BRDA:10,0,1,0
BRF:2
BRH:0
end_of_record
TN:
SF:src/client/js/utils/transition.js
FN:2,(anonymous_0)
FN:9,(anonymous_1)
FN:28,(anonymous_2)
FN:59,(anonymous_3)
FN:71,(anonymous_4)
FNF:5
FNH:0
FNDA:0,(anonymous_0)
FNDA:0,(anonymous_1)
FNDA:0,(anonymous_2)
FNDA:0,(anonymous_3)
FNDA:0,(anonymous_4)
DA:3,0
DA:4,0
DA:5,0
DA:6,0
DA:17,0
DA:18,0
DA:19,0
DA:20,0
DA:21,0
DA:22,0
DA:24,0
DA:25,0
DA:29,0
DA:30,0
DA:33,0
DA:34,0
DA:36,0
DA:38,0
DA:39,0
DA:42,0
DA:44,0
DA:48,0
DA:49,0
DA:50,0
DA:51,0
DA:53,0
DA:54,0
DA:60,0
DA:68,0
DA:72,0
LF:30
LH:0
BRDA:29,0,0,0
BRDA:29,0,1,0
BRDA:33,1,0,0
BRDA:33,1,1,0
BRDA:38,2,0,0
BRDA:38,2,1,0
BRDA:48,3,0,0
BRDA:48,3,1,0
BRDA:48,4,0,0
BRDA:48,4,1,0
BRDA:50,5,0,0
BRDA:50,5,1,0
BRDA:53,6,0,0
BRDA:53,6,1,0
BRF:14
BRH:0
end_of_record
TN:
SF:src/client/js/utils/util.js
FN:3,(anonymous_0)
FN:8,requestAnmiF
FN:14,(anonymous_2)
FN:19,(anonymous_3)
FNF:4
FNH:1
FNDA:0,(anonymous_0)
FNDA:1,requestAnmiF
FNDA:0,(anonymous_2)
FNDA:0,(anonymous_3)
DA:3,1
DA:5,1
DA:8,1
DA:9,1
DA:15,0
DA:19,1
DA:20,0
LF:7
LH:5
BRDA:9,0,0,1
BRDA:9,0,1,0
BRDA:9,0,2,0
BRDA:9,0,3,0
BRDA:9,0,4,0
BRDA:9,0,5,0
BRDA:20,1,0,0
BRDA:20,1,1,0
BRDA:20,1,2,0
BRDA:20,1,3,0
BRF:10
BRH:1
end_of_record
