TN:
SF:/Applications/MAMP/htdocs/WTF-Adventure/setupTests.js
FNF:0
FNH:0
DA:3,2
LF:1
LH:1
BRF:0
BRH:0
end_of_record
TN:
SF:/Applications/MAMP/htdocs/WTF-Adventure/src/client/js/app.js
FN:18,(anonymous_0)
FN:249,(anonymous_1)
FN:252,(anonymous_2)
FN:253,(anonymous_3)
FN:254,(anonymous_4)
FN:255,(anonymous_5)
FN:256,(anonymous_6)
FN:257,(anonymous_7)
FN:258,(anonymous_8)
FN:260,(anonymous_9)
FN:261,(anonymous_10)
FN:262,(anonymous_11)
FN:263,(anonymous_12)
FN:264,(anonymous_13)
FN:265,(anonymous_14)
FN:270,(anonymous_15)
FN:285,(anonymous_16)
FN:294,(anonymous_17)
FN:313,(anonymous_18)
FN:334,(anonymous_19)
FN:351,(anonymous_20)
FN:375,(anonymous_21)
FN:394,(anonymous_22)
FN:410,(anonymous_23)
FN:438,(anonymous_24)
FN:455,(anonymous_25)
FN:473,(anonymous_26)
FN:490,(anonymous_27)
FN:519,(anonymous_28)
FN:524,(anonymous_29)
FN:534,(anonymous_30)
FN:547,(anonymous_31)
FN:564,(anonymous_32)
FN:588,(anonymous_33)
FN:610,(anonymous_34)
FN:658,(anonymous_35)
FN:687,(anonymous_36)
FN:700,(anonymous_37)
FN:723,(anonymous_38)
FN:735,(anonymous_39)
FN:746,(anonymous_40)
FN:766,(anonymous_41)
FN:776,(anonymous_42)
FN:786,(anonymous_43)
FN:795,(anonymous_44)
FN:806,(anonymous_45)
FN:817,(anonymous_46)
FN:828,(anonymous_47)
FN:850,(anonymous_48)
FN:860,(anonymous_49)
FN:877,(anonymous_50)
FN:900,(anonymous_51)
FN:904,(anonymous_52)
FN:910,(anonymous_53)
FN:920,(anonymous_54)
FN:937,(anonymous_55)
FN:948,(anonymous_56)
FN:958,(anonymous_57)
FN:970,(anonymous_58)
FN:980,(anonymous_59)
FN:990,(anonymous_60)
FNF:61
FNH:26
FNDA:5,(anonymous_0)
FNDA:6,(anonymous_1)
FNDA:0,(anonymous_2)
FNDA:0,(anonymous_3)
FNDA:0,(anonymous_4)
FNDA:0,(anonymous_5)
FNDA:0,(anonymous_6)
FNDA:0,(anonymous_7)
FNDA:0,(anonymous_8)
FNDA:0,(anonymous_9)
FNDA:0,(anonymous_10)
FNDA:0,(anonymous_11)
FNDA:0,(anonymous_12)
FNDA:0,(anonymous_13)
FNDA:0,(anonymous_14)
FNDA:0,(anonymous_15)
FNDA:0,(anonymous_16)
FNDA:2,(anonymous_17)
FNDA:3,(anonymous_18)
FNDA:2,(anonymous_19)
FNDA:1,(anonymous_20)
FNDA:2,(anonymous_21)
FNDA:2,(anonymous_22)
FNDA:2,(anonymous_23)
FNDA:2,(anonymous_24)
FNDA:2,(anonymous_25)
FNDA:2,(anonymous_26)
FNDA:11,(anonymous_27)
FNDA:0,(anonymous_28)
FNDA:0,(anonymous_29)
FNDA:0,(anonymous_30)
FNDA:0,(anonymous_31)
FNDA:0,(anonymous_32)
FNDA:1,(anonymous_33)
FNDA:0,(anonymous_34)
FNDA:0,(anonymous_35)
FNDA:0,(anonymous_36)
FNDA:5,(anonymous_37)
FNDA:0,(anonymous_38)
FNDA:0,(anonymous_39)
FNDA:5,(anonymous_40)
FNDA:6,(anonymous_41)
FNDA:0,(anonymous_42)
FNDA:0,(anonymous_43)
FNDA:0,(anonymous_44)
FNDA:0,(anonymous_45)
FNDA:0,(anonymous_46)
FNDA:11,(anonymous_47)
FNDA:1,(anonymous_48)
FNDA:1,(anonymous_49)
FNDA:1,(anonymous_50)
FNDA:1,(anonymous_51)
FNDA:2,(anonymous_52)
FNDA:0,(anonymous_53)
FNDA:0,(anonymous_54)
FNDA:5,(anonymous_55)
FNDA:5,(anonymous_56)
FNDA:0,(anonymous_57)
FNDA:5,(anonymous_58)
FNDA:0,(anonymous_59)
FNDA:0,(anonymous_60)
DA:19,5
DA:26,5
DA:32,5
DA:38,5
DA:44,5
DA:50,5
DA:56,5
DA:62,5
DA:68,5
DA:74,5
DA:80,5
DA:86,5
DA:92,5
DA:98,5
DA:104,5
DA:110,5
DA:116,5
DA:122,5
DA:128,5
DA:134,5
DA:140,5
DA:146,5
DA:152,5
DA:158,5
DA:164,5
DA:170,5
DA:176,5
DA:182,5
DA:188,5
DA:194,5
DA:200,5
DA:206,5
DA:212,5
DA:218,5
DA:224,5
DA:230,5
DA:233,5
DA:234,5
DA:235,5
DA:236,5
DA:237,5
DA:239,5
DA:241,5
DA:242,5
DA:243,5
DA:250,6
DA:252,6
DA:253,6
DA:254,6
DA:255,6
DA:256,6
DA:257,6
DA:258,6
DA:260,6
DA:261,6
DA:262,6
DA:263,6
DA:264,6
DA:265,6
DA:267,6
DA:268,6
DA:270,6
DA:271,0
DA:272,0
DA:274,0
DA:275,0
DA:276,0
DA:280,6
DA:281,6
DA:282,6
DA:283,6
DA:285,6
DA:286,0
DA:295,2
DA:297,2
DA:298,1
DA:302,1
DA:303,1
DA:304,1
DA:305,1
DA:314,3
DA:316,3
DA:322,2
DA:324,1
DA:325,1
DA:326,1
DA:335,2
DA:337,2
DA:338,1
DA:341,1
DA:342,1
DA:343,1
DA:352,1
DA:354,1
DA:359,0
DA:360,0
DA:361,0
DA:364,1
DA:376,2
DA:378,2
DA:379,1
DA:382,1
DA:384,1
DA:385,1
DA:386,1
DA:395,2
DA:397,2
DA:398,1
DA:401,1
DA:402,1
DA:411,2
DA:413,2
DA:415,2
DA:416,1
DA:419,1
DA:421,1
DA:422,0
DA:423,0
DA:426,1
DA:427,0
DA:430,1
DA:439,2
DA:441,2
DA:443,2
DA:444,1
DA:447,1
DA:448,1
DA:456,2
DA:458,2
DA:459,1
DA:462,1
DA:463,1
DA:465,1
DA:474,2
DA:476,2
DA:477,1
DA:480,1
DA:481,1
DA:483,1
DA:491,11
DA:493,11
DA:494,11
DA:495,11
DA:496,11
DA:497,11
DA:499,11
DA:500,0
DA:503,11
DA:504,11
DA:507,11
DA:512,11
DA:513,11
DA:520,0
DA:522,0
DA:524,0
DA:525,0
DA:526,0
DA:527,0
DA:535,0
DA:537,0
DA:538,0
DA:539,0
DA:548,0
DA:550,0
DA:551,0
DA:554,0
DA:556,0
DA:557,0
DA:565,0
DA:567,0
DA:569,0
DA:570,0
DA:571,0
DA:573,0
DA:574,0
DA:577,0
DA:578,0
DA:580,0
DA:581,0
DA:589,1
DA:591,1
DA:593,1
DA:594,0
DA:597,1
DA:598,0
DA:599,0
DA:600,1
DA:603,1
DA:611,0
DA:613,0
DA:614,0
DA:615,0
DA:616,0
DA:618,0
DA:619,0
DA:627,0
DA:628,0
DA:629,0
DA:632,0
DA:633,0
DA:634,0
DA:637,0
DA:638,0
DA:642,0
DA:645,0
DA:646,0
DA:647,0
DA:650,0
DA:659,0
DA:661,0
DA:662,0
DA:664,0
DA:665,0
DA:668,0
DA:669,0
DA:670,0
DA:673,0
DA:674,0
DA:675,0
DA:678,0
DA:688,0
DA:690,0
DA:701,5
DA:703,5
DA:705,5
DA:707,5
DA:708,0
DA:709,0
DA:710,0
DA:713,5
DA:714,5
DA:724,0
DA:726,0
DA:727,0
DA:728,0
DA:730,0
DA:731,0
DA:734,0
DA:735,0
DA:736,0
DA:737,0
DA:738,0
DA:747,5
DA:749,5
DA:750,5
DA:754,5
DA:755,0
DA:758,5
DA:759,5
DA:767,6
DA:769,6
DA:777,0
DA:779,0
DA:787,0
DA:789,0
DA:796,0
DA:798,0
DA:799,0
DA:807,0
DA:809,0
DA:810,0
DA:818,0
DA:820,0
DA:829,11
DA:830,11
DA:831,11
DA:832,11
DA:841,11
DA:851,1
DA:853,1
DA:861,1
DA:863,1
DA:864,0
DA:865,0
DA:866,0
DA:869,1
DA:870,1
DA:878,1
DA:880,1
DA:881,1
DA:882,1
DA:884,1
DA:885,1
DA:886,1
DA:887,1
DA:889,0
DA:890,0
DA:891,0
DA:901,1
DA:903,1
DA:904,1
DA:905,2
DA:909,1
DA:910,1
DA:911,0
DA:921,0
DA:923,0
DA:924,0
DA:926,0
DA:938,5
DA:941,5
DA:949,5
DA:951,5
DA:959,0
DA:961,0
DA:971,5
DA:973,5
DA:981,0
DA:983,0
DA:991,0
DA:993,0
LF:311
LH:190
BRDA:274,0,0,0
BRDA:274,0,1,0
BRDA:297,1,0,1
BRDA:297,1,1,1
BRDA:316,2,0,2
BRDA:316,2,1,1
BRDA:317,3,0,3
BRDA:317,3,1,2
BRDA:317,3,2,2
BRDA:317,3,3,1
BRDA:317,3,4,1
BRDA:337,4,0,1
BRDA:337,4,1,1
BRDA:354,5,0,0
BRDA:354,5,1,1
BRDA:355,6,0,1
BRDA:355,6,1,1
BRDA:355,6,2,1
BRDA:378,7,0,1
BRDA:378,7,1,1
BRDA:378,8,0,2
BRDA:378,8,1,2
BRDA:397,9,0,1
BRDA:397,9,1,1
BRDA:397,10,0,2
BRDA:397,10,1,2
BRDA:397,10,2,1
BRDA:415,11,0,1
BRDA:415,11,1,1
BRDA:421,12,0,0
BRDA:421,12,1,1
BRDA:421,13,0,1
BRDA:421,13,1,0
BRDA:426,14,0,0
BRDA:426,14,1,1
BRDA:443,15,0,1
BRDA:443,15,1,1
BRDA:443,16,0,2
BRDA:443,16,1,2
BRDA:458,17,0,1
BRDA:458,17,1,1
BRDA:458,18,0,2
BRDA:458,18,1,1
BRDA:458,18,2,1
BRDA:476,19,0,1
BRDA:476,19,1,1
BRDA:476,20,0,2
BRDA:476,20,1,1
BRDA:476,20,2,1
BRDA:499,21,0,0
BRDA:499,21,1,11
BRDA:503,22,0,11
BRDA:503,22,1,0
BRDA:550,23,0,0
BRDA:550,23,1,0
BRDA:550,24,0,0
BRDA:550,24,1,0
BRDA:569,25,0,0
BRDA:569,25,1,0
BRDA:573,26,0,0
BRDA:573,26,1,0
BRDA:577,27,0,0
BRDA:577,27,1,0
BRDA:580,28,0,0
BRDA:580,28,1,0
BRDA:581,29,0,0
BRDA:581,29,1,0
BRDA:593,30,0,0
BRDA:593,30,1,1
BRDA:597,31,0,0
BRDA:597,31,1,0
BRDA:597,31,2,1
BRDA:618,32,0,0
BRDA:618,32,1,0
BRDA:627,33,0,0
BRDA:627,33,1,0
BRDA:632,34,0,0
BRDA:632,34,1,0
BRDA:637,35,0,0
BRDA:637,35,1,0
BRDA:645,36,0,0
BRDA:645,36,1,0
BRDA:645,37,0,0
BRDA:645,37,1,0
BRDA:664,38,0,0
BRDA:664,38,1,0
BRDA:668,39,0,0
BRDA:668,39,1,0
BRDA:668,40,0,0
BRDA:668,40,1,0
BRDA:673,41,0,0
BRDA:673,41,1,0
BRDA:673,42,0,0
BRDA:673,42,1,0
BRDA:707,43,0,0
BRDA:707,43,1,5
BRDA:730,44,0,0
BRDA:730,44,1,0
BRDA:750,45,0,0
BRDA:750,45,1,5
BRDA:769,46,0,6
BRDA:769,46,1,6
BRDA:769,46,2,0
BRDA:798,47,0,0
BRDA:798,47,1,0
BRDA:832,48,0,11
BRDA:832,48,1,0
BRDA:832,49,0,11
BRDA:832,49,1,0
BRDA:841,50,0,0
BRDA:841,50,1,11
BRDA:863,51,0,0
BRDA:863,51,1,1
BRDA:884,52,0,1
BRDA:884,52,1,0
BRDA:903,53,0,1
BRDA:903,53,1,0
BRDA:909,54,0,1
BRDA:909,54,1,0
BRDA:951,55,0,0
BRDA:951,55,1,5
BRDA:993,56,0,0
BRDA:993,56,1,0
BRDA:993,56,2,0
BRF:124
BRH:59
end_of_record
TN:
SF:/Applications/MAMP/htdocs/WTF-Adventure/src/client/js/game.js
FN:35,(anonymous_0)
FN:224,(anonymous_1)
FN:242,(anonymous_2)
FN:254,(anonymous_3)
FN:278,(anonymous_4)
FN:309,(anonymous_5)
FN:330,(anonymous_6)
FN:382,(anonymous_7)
FN:386,(anonymous_8)
FN:397,(anonymous_9)
FN:423,(anonymous_10)
FN:432,(anonymous_11)
FN:436,(anonymous_12)
FN:443,(anonymous_13)
FN:444,(anonymous_14)
FN:445,(anonymous_15)
FN:446,(anonymous_16)
FN:447,(anonymous_17)
FN:448,(anonymous_18)
FN:449,(anonymous_19)
FN:450,(anonymous_20)
FN:451,(anonymous_21)
FN:452,(anonymous_22)
FN:453,(anonymous_23)
FN:454,(anonymous_24)
FN:455,(anonymous_25)
FN:456,(anonymous_26)
FN:457,(anonymous_27)
FN:459,(anonymous_28)
FN:460,(anonymous_29)
FN:461,(anonymous_30)
FN:462,(anonymous_31)
FN:463,(anonymous_32)
FN:464,(anonymous_33)
FN:465,(anonymous_34)
FN:466,(anonymous_35)
FN:467,(anonymous_36)
FN:468,(anonymous_37)
FN:469,(anonymous_38)
FN:470,(anonymous_39)
FN:471,(anonymous_40)
FN:472,(anonymous_41)
FN:473,(anonymous_42)
FN:474,(anonymous_43)
FN:475,(anonymous_44)
FN:476,(anonymous_45)
FN:489,(anonymous_46)
FN:561,(anonymous_47)
FN:579,(anonymous_48)
FN:626,(anonymous_49)
FN:637,(anonymous_50)
FN:645,(anonymous_51)
FN:662,(anonymous_52)
FN:704,(anonymous_53)
FN:770,(anonymous_54)
FN:792,(anonymous_55)
FN:821,(anonymous_56)
FN:840,(anonymous_57)
FN:862,(anonymous_58)
FN:886,(anonymous_59)
FN:894,(anonymous_60)
FN:975,(anonymous_61)
FN:990,(anonymous_62)
FN:1002,(anonymous_63)
FN:1008,(anonymous_64)
FN:1035,(anonymous_65)
FN:1041,(anonymous_66)
FN:1066,(anonymous_67)
FN:1107,(anonymous_68)
FN:1134,(anonymous_69)
FN:1154,(anonymous_70)
FN:1174,(anonymous_71)
FN:1186,(anonymous_72)
FN:1228,(anonymous_73)
FN:1249,(anonymous_74)
FN:1265,(anonymous_75)
FN:1277,(anonymous_76)
FN:1311,(anonymous_77)
FN:1358,(anonymous_78)
FN:1376,(anonymous_79)
FN:1396,(anonymous_80)
FN:1411,(anonymous_81)
FN:1444,(anonymous_82)
FN:1458,(anonymous_83)
FN:1481,(anonymous_84)
FN:1521,(anonymous_85)
FN:1545,(anonymous_86)
FN:1551,(anonymous_87)
FN:1557,(anonymous_88)
FN:1567,(anonymous_89)
FN:1578,(anonymous_90)
FN:1590,(anonymous_91)
FN:1601,(anonymous_92)
FN:1627,(anonymous_93)
FN:1636,(anonymous_94)
FN:1646,(anonymous_95)
FN:1656,(anonymous_96)
FN:1662,(anonymous_97)
FN:1666,(anonymous_98)
FN:1672,(anonymous_99)
FN:1678,(anonymous_100)
FN:1684,(anonymous_101)
FN:1696,(anonymous_102)
FN:1709,(anonymous_103)
FN:1715,(anonymous_104)
FN:1721,(anonymous_105)
FN:1727,(anonymous_106)
FN:1735,(anonymous_107)
FN:1743,(anonymous_108)
FN:1751,(anonymous_109)
FN:1759,(anonymous_110)
FN:1767,(anonymous_111)
FN:1776,(anonymous_112)
FN:1785,(anonymous_113)
FN:1793,(anonymous_114)
FN:1801,(anonymous_115)
FN:1809,(anonymous_116)
FN:1817,(anonymous_117)
FN:1825,(anonymous_118)
FNF:119
FNH:0
FNDA:0,(anonymous_0)
FNDA:0,(anonymous_1)
FNDA:0,(anonymous_2)
FNDA:0,(anonymous_3)
FNDA:0,(anonymous_4)
FNDA:0,(anonymous_5)
FNDA:0,(anonymous_6)
FNDA:0,(anonymous_7)
FNDA:0,(anonymous_8)
FNDA:0,(anonymous_9)
FNDA:0,(anonymous_10)
FNDA:0,(anonymous_11)
FNDA:0,(anonymous_12)
FNDA:0,(anonymous_13)
FNDA:0,(anonymous_14)
FNDA:0,(anonymous_15)
FNDA:0,(anonymous_16)
FNDA:0,(anonymous_17)
FNDA:0,(anonymous_18)
FNDA:0,(anonymous_19)
FNDA:0,(anonymous_20)
FNDA:0,(anonymous_21)
FNDA:0,(anonymous_22)
FNDA:0,(anonymous_23)
FNDA:0,(anonymous_24)
FNDA:0,(anonymous_25)
FNDA:0,(anonymous_26)
FNDA:0,(anonymous_27)
FNDA:0,(anonymous_28)
FNDA:0,(anonymous_29)
FNDA:0,(anonymous_30)
FNDA:0,(anonymous_31)
FNDA:0,(anonymous_32)
FNDA:0,(anonymous_33)
FNDA:0,(anonymous_34)
FNDA:0,(anonymous_35)
FNDA:0,(anonymous_36)
FNDA:0,(anonymous_37)
FNDA:0,(anonymous_38)
FNDA:0,(anonymous_39)
FNDA:0,(anonymous_40)
FNDA:0,(anonymous_41)
FNDA:0,(anonymous_42)
FNDA:0,(anonymous_43)
FNDA:0,(anonymous_44)
FNDA:0,(anonymous_45)
FNDA:0,(anonymous_46)
FNDA:0,(anonymous_47)
FNDA:0,(anonymous_48)
FNDA:0,(anonymous_49)
FNDA:0,(anonymous_50)
FNDA:0,(anonymous_51)
FNDA:0,(anonymous_52)
FNDA:0,(anonymous_53)
FNDA:0,(anonymous_54)
FNDA:0,(anonymous_55)
FNDA:0,(anonymous_56)
FNDA:0,(anonymous_57)
FNDA:0,(anonymous_58)
FNDA:0,(anonymous_59)
FNDA:0,(anonymous_60)
FNDA:0,(anonymous_61)
FNDA:0,(anonymous_62)
FNDA:0,(anonymous_63)
FNDA:0,(anonymous_64)
FNDA:0,(anonymous_65)
FNDA:0,(anonymous_66)
FNDA:0,(anonymous_67)
FNDA:0,(anonymous_68)
FNDA:0,(anonymous_69)
FNDA:0,(anonymous_70)
FNDA:0,(anonymous_71)
FNDA:0,(anonymous_72)
FNDA:0,(anonymous_73)
FNDA:0,(anonymous_74)
FNDA:0,(anonymous_75)
FNDA:0,(anonymous_76)
FNDA:0,(anonymous_77)
FNDA:0,(anonymous_78)
FNDA:0,(anonymous_79)
FNDA:0,(anonymous_80)
FNDA:0,(anonymous_81)
FNDA:0,(anonymous_82)
FNDA:0,(anonymous_83)
FNDA:0,(anonymous_84)
FNDA:0,(anonymous_85)
FNDA:0,(anonymous_86)
FNDA:0,(anonymous_87)
FNDA:0,(anonymous_88)
FNDA:0,(anonymous_89)
FNDA:0,(anonymous_90)
FNDA:0,(anonymous_91)
FNDA:0,(anonymous_92)
FNDA:0,(anonymous_93)
FNDA:0,(anonymous_94)
FNDA:0,(anonymous_95)
FNDA:0,(anonymous_96)
FNDA:0,(anonymous_97)
FNDA:0,(anonymous_98)
FNDA:0,(anonymous_99)
FNDA:0,(anonymous_100)
FNDA:0,(anonymous_101)
FNDA:0,(anonymous_102)
FNDA:0,(anonymous_103)
FNDA:0,(anonymous_104)
FNDA:0,(anonymous_105)
FNDA:0,(anonymous_106)
FNDA:0,(anonymous_107)
FNDA:0,(anonymous_108)
FNDA:0,(anonymous_109)
FNDA:0,(anonymous_110)
FNDA:0,(anonymous_111)
FNDA:0,(anonymous_112)
FNDA:0,(anonymous_113)
FNDA:0,(anonymous_114)
FNDA:0,(anonymous_115)
FNDA:0,(anonymous_116)
FNDA:0,(anonymous_117)
FNDA:0,(anonymous_118)
DA:36,0
DA:42,0
DA:49,0
DA:55,0
DA:61,0
DA:67,0
DA:73,0
DA:79,0
DA:85,0
DA:91,0
DA:97,0
DA:103,0
DA:109,0
DA:115,0
DA:123,0
DA:129,0
DA:135,0
DA:141,0
DA:147,0
DA:153,0
DA:159,0
DA:165,0
DA:171,0
DA:177,0
DA:183,0
DA:189,0
DA:195,0
DA:201,0
DA:207,0
DA:213,0
DA:215,0
DA:216,0
DA:225,0
DA:227,0
DA:228,0
DA:231,0
DA:233,0
DA:234,0
DA:236,0
DA:243,0
DA:245,0
DA:246,0
DA:257,0
DA:259,0
DA:260,0
DA:261,0
DA:263,0
DA:266,0
DA:279,0
DA:281,0
DA:282,0
DA:283,0
DA:284,0
DA:285,0
DA:286,0
DA:287,0
DA:288,0
DA:289,0
DA:290,0
DA:291,0
DA:292,0
DA:293,0
DA:294,0
DA:295,0
DA:297,0
DA:310,0
DA:311,0
DA:312,0
DA:313,0
DA:314,0
DA:316,0
DA:317,0
DA:319,0
DA:321,0
DA:323,0
DA:331,0
DA:333,0
DA:335,0
DA:337,0
DA:338,0
DA:341,0
DA:342,0
DA:343,0
DA:345,0
DA:346,0
DA:347,0
DA:348,0
DA:350,0
DA:351,0
DA:353,0
DA:354,0
DA:356,0
DA:357,0
DA:359,0
DA:360,0
DA:362,0
DA:363,0
DA:365,0
DA:366,0
DA:368,0
DA:370,0
DA:371,0
DA:372,0
DA:375,0
DA:383,0
DA:385,0
DA:386,0
DA:387,0
DA:388,0
DA:390,0
DA:398,0
DA:400,0
DA:401,0
DA:403,0
DA:404,0
DA:406,0
DA:407,0
DA:409,0
DA:410,0
DA:411,0
DA:416,0
DA:417,0
DA:418,0
DA:419,0
DA:420,0
DA:424,0
DA:433,0
DA:435,0
DA:436,0
DA:443,0
DA:444,0
DA:445,0
DA:446,0
DA:447,0
DA:448,0
DA:449,0
DA:450,0
DA:451,0
DA:452,0
DA:453,0
DA:454,0
DA:455,0
DA:456,0
DA:457,0
DA:458,0
DA:459,0
DA:460,0
DA:461,0
DA:462,0
DA:463,0
DA:464,0
DA:465,0
DA:466,0
DA:467,0
DA:468,0
DA:469,0
DA:470,0
DA:471,0
DA:472,0
DA:473,0
DA:474,0
DA:475,0
DA:476,0
DA:478,0
DA:490,0
DA:492,0
DA:493,0
DA:495,0
DA:496,0
DA:499,0
DA:500,0
DA:503,0
DA:505,0
DA:506,0
DA:508,0
DA:509,0
DA:510,0
DA:511,0
DA:513,0
DA:519,0
DA:520,0
DA:521,0
DA:528,0
DA:529,0
DA:530,0
DA:531,0
DA:533,0
DA:540,0
DA:541,0
DA:542,0
DA:544,0
DA:545,0
DA:548,0
DA:551,0
DA:562,0
DA:564,0
DA:565,0
DA:570,0
DA:580,0
DA:582,0
DA:584,0
DA:585,0
DA:587,0
DA:588,0
DA:590,0
DA:591,0
DA:592,0
DA:593,0
DA:594,0
DA:595,0
DA:597,0
DA:605,0
DA:606,0
DA:608,0
DA:609,0
DA:610,0
DA:611,0
DA:612,0
DA:614,0
DA:615,0
DA:617,0
DA:627,0
DA:628,0
DA:638,0
DA:639,0
DA:640,0
DA:641,0
DA:643,0
DA:645,0
DA:649,0
DA:650,0
DA:651,0
DA:663,0
DA:665,0
DA:667,0
DA:668,0
DA:671,0
DA:672,0
DA:673,0
DA:676,0
DA:677,0
DA:678,0
DA:681,0
DA:682,0
DA:683,0
DA:686,0
DA:687,0
DA:688,0
DA:691,0
DA:692,0
DA:695,0
DA:696,0
DA:705,0
DA:707,0
DA:708,0
DA:710,0
DA:712,0
DA:714,0
DA:715,0
DA:716,0
DA:717,0
DA:718,0
DA:719,0
DA:721,0
DA:722,0
DA:725,0
DA:726,0
DA:729,0
DA:730,0
DA:732,0
DA:733,0
DA:735,0
DA:736,0
DA:739,0
DA:740,0
DA:743,0
DA:744,0
DA:746,0
DA:747,0
DA:750,0
DA:751,0
DA:754,0
DA:755,0
DA:756,0
DA:757,0
DA:759,0
DA:762,0
DA:771,0
DA:773,0
DA:774,0
DA:775,0
DA:776,0
DA:777,0
DA:778,0
DA:780,0
DA:781,0
DA:784,0
DA:785,0
DA:792,0
DA:793,0
DA:795,0
DA:796,0
DA:798,0
DA:799,0
DA:800,0
DA:801,0
DA:802,0
DA:803,0
DA:804,0
DA:805,0
DA:808,0
DA:809,0
DA:811,0
DA:812,0
DA:815,0
DA:816,0
DA:817,0
DA:818,0
DA:819,0
DA:821,0
DA:822,0
DA:823,0
DA:824,0
DA:825,0
DA:826,0
DA:829,0
DA:832,0
DA:841,0
DA:843,0
DA:845,0
DA:846,0
DA:849,0
DA:850,0
DA:852,0
DA:854,0
DA:856,0
DA:857,0
DA:859,0
DA:860,0
DA:862,0
DA:863,0
DA:864,0
DA:866,0
DA:869,0
DA:870,0
DA:873,0
DA:875,0
DA:876,0
DA:882,0
DA:883,0
DA:884,0
DA:886,0
DA:887,0
DA:888,0
DA:891,0
DA:895,0
DA:897,0
DA:898,0
DA:899,0
DA:901,0
DA:902,0
DA:905,0
DA:907,0
DA:909,0
DA:910,0
DA:912,0
DA:913,0
DA:919,0
DA:921,0
DA:922,0
DA:924,0
DA:925,0
DA:926,0
DA:930,0
DA:931,0
DA:934,0
DA:936,0
DA:937,0
DA:939,0
DA:940,0
DA:945,0
DA:948,0
DA:955,0
DA:956,0
DA:958,0
DA:959,0
DA:961,0
DA:963,0
DA:964,0
DA:965,0
DA:968,0
DA:969,0
DA:971,0
DA:976,0
DA:978,0
DA:979,0
DA:980,0
DA:981,0
DA:983,0
DA:984,0
DA:987,0
DA:991,0
DA:993,0
DA:995,0
DA:997,0
DA:998,0
DA:1003,0
DA:1005,0
DA:1009,0
DA:1011,0
DA:1012,0
DA:1013,0
DA:1014,0
DA:1016,0
DA:1017,0
DA:1020,0
DA:1021,0
DA:1023,0
DA:1027,0
DA:1030,0
DA:1031,0
DA:1036,0
DA:1038,0
DA:1042,0
DA:1044,0
DA:1045,0
DA:1048,0
DA:1049,0
DA:1051,0
DA:1052,0
DA:1053,0
DA:1055,0
DA:1059,0
DA:1060,0
DA:1063,0
DA:1067,0
DA:1069,0
DA:1071,0
DA:1073,0
DA:1074,0
DA:1076,0
DA:1077,0
DA:1079,0
DA:1080,0
DA:1083,0
DA:1085,0
DA:1086,0
DA:1089,0
DA:1090,0
DA:1092,0
DA:1093,0
DA:1096,0
DA:1098,0
DA:1099,0
DA:1102,0
DA:1103,0
DA:1108,0
DA:1110,0
DA:1112,0
DA:1114,0
DA:1115,0
DA:1117,0
DA:1118,0
DA:1121,0
DA:1122,0
DA:1125,0
DA:1126,0
DA:1129,0
DA:1130,0
DA:1135,0
DA:1137,0
DA:1139,0
DA:1142,0
DA:1146,0
DA:1150,0
DA:1155,0
DA:1157,0
DA:1159,0
DA:1161,0
DA:1162,0
DA:1165,0
DA:1166,0
DA:1169,0
DA:1170,0
DA:1175,0
DA:1177,0
DA:1179,0
DA:1180,0
DA:1183,0
DA:1187,0
DA:1189,0
DA:1191,0
DA:1192,0
DA:1195,0
DA:1197,0
DA:1199,0
DA:1206,0
DA:1209,0
DA:1216,0
DA:1219,0
DA:1220,0
DA:1222,0
DA:1225,0
DA:1229,0
DA:1231,0
DA:1233,0
DA:1234,0
DA:1237,0
DA:1239,0
DA:1240,0
DA:1241,0
DA:1242,0
DA:1243,0
DA:1246,0
DA:1250,0
DA:1252,0
DA:1254,0
DA:1255,0
DA:1258,0
DA:1259,0
DA:1260,0
DA:1261,0
DA:1262,0
DA:1266,0
DA:1268,0
DA:1270,0
DA:1271,0
DA:1274,0
DA:1278,0
DA:1280,0
DA:1282,0
DA:1284,0
DA:1285,0
DA:1286,0
DA:1288,0
DA:1289,0
DA:1292,0
DA:1293,0
DA:1294,0
DA:1297,0
DA:1299,0
DA:1300,0
DA:1302,0
DA:1304,0
DA:1305,0
DA:1308,0
DA:1309,0
DA:1311,0
DA:1312,0
DA:1314,0
DA:1315,0
DA:1323,0
DA:1324,0
DA:1327,0
DA:1329,0
DA:1330,0
DA:1331,0
DA:1334,0
DA:1336,0
DA:1339,0
DA:1340,0
DA:1343,0
DA:1344,0
DA:1347,0
DA:1348,0
DA:1350,0
DA:1351,0
DA:1354,0
DA:1359,0
DA:1361,0
DA:1362,0
DA:1363,0
DA:1366,0
DA:1367,0
DA:1368,0
DA:1369,0
DA:1370,0
DA:1371,0
DA:1372,0
DA:1373,0
DA:1377,0
DA:1382,0
DA:1384,0
DA:1386,0
DA:1388,0
DA:1389,0
DA:1391,0
DA:1392,0
DA:1397,0
DA:1399,0
DA:1401,0
DA:1403,0
DA:1405,0
DA:1408,0
DA:1412,0
DA:1414,0
DA:1416,0
DA:1418,0
DA:1420,0
DA:1421,0
DA:1424,0
DA:1425,0
DA:1426,0
DA:1429,0
DA:1430,0
DA:1431,0
DA:1434,0
DA:1435,0
DA:1436,0
DA:1439,0
DA:1440,0
DA:1445,0
DA:1447,0
DA:1448,0
DA:1450,0
DA:1452,0
DA:1453,0
DA:1459,0
DA:1461,0
DA:1463,0
DA:1465,0
DA:1467,0
DA:1469,0
DA:1471,0
DA:1474,0
DA:1482,0
DA:1485,0
DA:1487,0
DA:1489,0
DA:1491,0
DA:1493,0
DA:1494,0
DA:1496,0
DA:1497,0
DA:1499,0
DA:1501,0
DA:1503,0
DA:1505,0
DA:1507,0
DA:1509,0
DA:1511,0
DA:1512,0
DA:1513,0
DA:1516,0
DA:1517,0
DA:1522,0
DA:1524,0
DA:1525,0
DA:1527,0
DA:1528,0
DA:1530,0
DA:1531,0
DA:1534,0
DA:1535,0
DA:1538,0
DA:1539,0
DA:1542,0
DA:1546,0
DA:1548,0
DA:1552,0
DA:1554,0
DA:1558,0
DA:1560,0
DA:1561,0
DA:1564,0
DA:1568,0
DA:1570,0
DA:1571,0
DA:1573,0
DA:1574,0
DA:1577,0
DA:1578,0
DA:1579,0
DA:1583,0
DA:1585,0
DA:1587,0
DA:1591,0
DA:1593,0
DA:1602,0
DA:1604,0
DA:1605,0
DA:1608,0
DA:1609,0
DA:1611,0
DA:1613,0
DA:1615,0
DA:1616,0
DA:1617,0
DA:1620,0
DA:1621,0
DA:1623,0
DA:1624,0
DA:1628,0
DA:1630,0
DA:1631,0
DA:1633,0
DA:1637,0
DA:1639,0
DA:1640,0
DA:1643,0
DA:1647,0
DA:1649,0
DA:1651,0
DA:1652,0
DA:1657,0
DA:1659,0
DA:1663,0
DA:1667,0
DA:1669,0
DA:1673,0
DA:1675,0
DA:1679,0
DA:1681,0
DA:1685,0
DA:1687,0
DA:1689,0
DA:1690,0
DA:1693,0
DA:1695,0
DA:1696,0
DA:1697,0
DA:1698,0
DA:1700,0
DA:1703,0
DA:1706,0
DA:1710,0
DA:1712,0
DA:1716,0
DA:1718,0
DA:1722,0
DA:1724,0
DA:1728,0
DA:1730,0
DA:1731,0
DA:1736,0
DA:1738,0
DA:1739,0
DA:1744,0
DA:1746,0
DA:1747,0
DA:1752,0
DA:1754,0
DA:1755,0
DA:1760,0
DA:1762,0
DA:1763,0
DA:1768,0
DA:1770,0
DA:1771,0
DA:1772,0
DA:1777,0
DA:1779,0
DA:1780,0
DA:1781,0
DA:1786,0
DA:1788,0
DA:1789,0
DA:1794,0
DA:1796,0
DA:1797,0
DA:1802,0
DA:1804,0
DA:1805,0
DA:1810,0
DA:1812,0
DA:1813,0
DA:1818,0
DA:1820,0
DA:1821,0
DA:1826,0
DA:1828,0
DA:1829,0
LF:772
LH:0
BRDA:227,0,0,0
BRDA:227,0,1,0
BRDA:257,1,0,0
BRDA:257,1,1,0
BRDA:263,2,0,0
BRDA:263,2,1,0
BRDA:335,3,0,0
BRDA:335,3,1,0
BRDA:337,4,0,0
BRDA:337,4,1,0
BRDA:370,5,0,0
BRDA:370,5,1,0
BRDA:495,6,0,0
BRDA:495,6,1,0
BRDA:499,7,0,0
BRDA:499,7,1,0
BRDA:505,8,0,0
BRDA:505,8,1,0
BRDA:519,9,0,0
BRDA:519,9,1,0
BRDA:540,10,0,0
BRDA:540,10,1,0
BRDA:582,11,0,0
BRDA:582,11,1,0
BRDA:582,11,2,0
BRDA:582,11,3,0
BRDA:610,12,0,0
BRDA:610,12,1,0
BRDA:645,13,0,0
BRDA:645,13,1,0
BRDA:667,14,0,0
BRDA:667,14,1,0
BRDA:667,15,0,0
BRDA:667,15,1,0
BRDA:671,16,0,0
BRDA:671,16,1,0
BRDA:676,17,0,0
BRDA:676,17,1,0
BRDA:681,18,0,0
BRDA:681,18,1,0
BRDA:686,19,0,0
BRDA:686,19,1,0
BRDA:691,20,0,0
BRDA:691,20,1,0
BRDA:710,21,0,0
BRDA:710,21,1,0
BRDA:710,21,2,0
BRDA:710,21,3,0
BRDA:710,21,4,0
BRDA:721,22,0,0
BRDA:721,22,1,0
BRDA:725,23,0,0
BRDA:725,23,1,0
BRDA:735,24,0,0
BRDA:735,24,1,0
BRDA:735,25,0,0
BRDA:735,25,1,0
BRDA:746,26,0,0
BRDA:746,26,1,0
BRDA:750,27,0,0
BRDA:750,27,1,0
BRDA:754,28,0,0
BRDA:754,28,1,0
BRDA:756,29,0,0
BRDA:756,29,1,0
BRDA:780,30,0,0
BRDA:780,30,1,0
BRDA:798,31,0,0
BRDA:798,31,1,0
BRDA:803,32,0,0
BRDA:803,32,1,0
BRDA:815,33,0,0
BRDA:815,33,1,0
BRDA:845,34,0,0
BRDA:845,34,1,0
BRDA:852,35,0,0
BRDA:852,35,1,0
BRDA:852,35,2,0
BRDA:869,36,0,0
BRDA:869,36,1,0
BRDA:869,37,0,0
BRDA:869,37,1,0
BRDA:875,38,0,0
BRDA:875,38,1,0
BRDA:875,39,0,0
BRDA:875,39,1,0
BRDA:901,40,0,0
BRDA:901,40,1,0
BRDA:901,41,0,0
BRDA:901,41,1,0
BRDA:905,42,0,0
BRDA:905,42,1,0
BRDA:905,42,2,0
BRDA:905,42,3,0
BRDA:912,43,0,0
BRDA:912,43,1,0
BRDA:912,44,0,0
BRDA:912,44,1,0
BRDA:924,45,0,0
BRDA:924,45,1,0
BRDA:930,46,0,0
BRDA:930,46,1,0
BRDA:934,47,0,0
BRDA:934,47,1,0
BRDA:939,48,0,0
BRDA:939,48,1,0
BRDA:939,49,0,0
BRDA:939,49,1,0
BRDA:958,50,0,0
BRDA:958,50,1,0
BRDA:958,51,0,0
BRDA:958,51,1,0
BRDA:963,52,0,0
BRDA:963,52,1,0
BRDA:968,53,0,0
BRDA:968,53,1,0
BRDA:983,54,0,0
BRDA:983,54,1,0
BRDA:993,55,0,0
BRDA:993,55,1,0
BRDA:1016,56,0,0
BRDA:1016,56,1,0
BRDA:1020,57,0,0
BRDA:1020,57,1,0
BRDA:1023,58,0,0
BRDA:1023,58,1,0
BRDA:1024,59,0,0
BRDA:1024,59,1,0
BRDA:1024,59,2,0
BRDA:1030,60,0,0
BRDA:1030,60,1,0
BRDA:1044,61,0,0
BRDA:1044,61,1,0
BRDA:1048,62,0,0
BRDA:1048,62,1,0
BRDA:1051,63,0,0
BRDA:1051,63,1,0
BRDA:1059,64,0,0
BRDA:1059,64,1,0
BRDA:1069,65,0,0
BRDA:1069,65,1,0
BRDA:1069,65,2,0
BRDA:1069,65,3,0
BRDA:1079,66,0,0
BRDA:1079,66,1,0
BRDA:1085,67,0,0
BRDA:1085,67,1,0
BRDA:1092,68,0,0
BRDA:1092,68,1,0
BRDA:1098,69,0,0
BRDA:1098,69,1,0
BRDA:1110,70,0,0
BRDA:1110,70,1,0
BRDA:1110,70,2,0
BRDA:1110,70,3,0
BRDA:1121,71,0,0
BRDA:1121,71,1,0
BRDA:1137,72,0,0
BRDA:1137,72,1,0
BRDA:1137,72,2,0
BRDA:1137,72,3,0
BRDA:1157,73,0,0
BRDA:1157,73,1,0
BRDA:1157,73,2,0
BRDA:1157,73,3,0
BRDA:1179,74,0,0
BRDA:1179,74,1,0
BRDA:1191,75,0,0
BRDA:1191,75,1,0
BRDA:1195,76,0,0
BRDA:1195,76,1,0
BRDA:1195,76,2,0
BRDA:1219,77,0,0
BRDA:1219,77,1,0
BRDA:1233,78,0,0
BRDA:1233,78,1,0
BRDA:1233,79,0,0
BRDA:1233,79,1,0
BRDA:1239,80,0,0
BRDA:1239,80,1,0
BRDA:1242,81,0,0
BRDA:1242,81,1,0
BRDA:1254,82,0,0
BRDA:1254,82,1,0
BRDA:1254,83,0,0
BRDA:1254,83,1,0
BRDA:1270,84,0,0
BRDA:1270,84,1,0
BRDA:1270,85,0,0
BRDA:1270,85,1,0
BRDA:1280,86,0,0
BRDA:1280,86,1,0
BRDA:1280,86,2,0
BRDA:1280,86,3,0
BRDA:1280,86,4,0
BRDA:1288,87,0,0
BRDA:1288,87,1,0
BRDA:1292,88,0,0
BRDA:1292,88,1,0
BRDA:1297,89,0,0
BRDA:1297,89,1,0
BRDA:1299,90,0,0
BRDA:1299,90,1,0
BRDA:1304,91,0,0
BRDA:1304,91,1,0
BRDA:1304,92,0,0
BRDA:1304,92,1,0
BRDA:1308,93,0,0
BRDA:1308,93,1,0
BRDA:1314,94,0,0
BRDA:1314,94,1,0
BRDA:1329,95,0,0
BRDA:1329,95,1,0
BRDA:1329,96,0,0
BRDA:1329,96,1,0
BRDA:1350,97,0,0
BRDA:1350,97,1,0
BRDA:1361,98,0,0
BRDA:1361,98,1,0
BRDA:1384,99,0,0
BRDA:1384,99,1,0
BRDA:1384,99,2,0
BRDA:1399,100,0,0
BRDA:1399,100,1,0
BRDA:1399,100,2,0
BRDA:1414,101,0,0
BRDA:1414,101,1,0
BRDA:1414,101,2,0
BRDA:1414,101,3,0
BRDA:1414,101,4,0
BRDA:1420,102,0,0
BRDA:1420,102,1,0
BRDA:1447,103,0,0
BRDA:1447,103,1,0
BRDA:1452,104,0,0
BRDA:1452,104,1,0
BRDA:1461,105,0,0
BRDA:1461,105,1,0
BRDA:1461,105,2,0
BRDA:1461,105,3,0
BRDA:1461,105,4,0
BRDA:1511,106,0,0
BRDA:1511,106,1,0
BRDA:1516,107,0,0
BRDA:1516,107,1,0
BRDA:1530,108,0,0
BRDA:1530,108,1,0
BRDA:1534,109,0,0
BRDA:1534,109,1,0
BRDA:1538,110,0,0
BRDA:1538,110,1,0
BRDA:1560,111,0,0
BRDA:1560,111,1,0
BRDA:1573,112,0,0
BRDA:1573,112,1,0
BRDA:1573,113,0,0
BRDA:1573,113,1,0
BRDA:1573,113,2,0
BRDA:1577,114,0,0
BRDA:1577,114,1,0
BRDA:1585,115,0,0
BRDA:1585,115,1,0
BRDA:1604,116,0,0
BRDA:1604,116,1,0
BRDA:1615,117,0,0
BRDA:1615,117,1,0
BRDA:1639,118,0,0
BRDA:1639,118,1,0
BRDA:1639,119,0,0
BRDA:1639,119,1,0
BRDA:1651,120,0,0
BRDA:1651,120,1,0
BRDA:1689,121,0,0
BRDA:1689,121,1,0
BRDA:1690,122,0,0
BRDA:1690,122,1,0
BRDA:1695,123,0,0
BRDA:1695,123,1,0
BRDA:1697,124,0,0
BRDA:1697,124,1,0
BRDA:1730,125,0,0
BRDA:1730,125,1,0
BRDA:1738,126,0,0
BRDA:1738,126,1,0
BRDA:1746,127,0,0
BRDA:1746,127,1,0
BRDA:1754,128,0,0
BRDA:1754,128,1,0
BRDA:1762,129,0,0
BRDA:1762,129,1,0
BRDA:1770,130,0,0
BRDA:1770,130,1,0
BRDA:1779,131,0,0
BRDA:1779,131,1,0
BRDA:1788,132,0,0
BRDA:1788,132,1,0
BRDA:1796,133,0,0
BRDA:1796,133,1,0
BRDA:1804,134,0,0
BRDA:1804,134,1,0
BRDA:1812,135,0,0
BRDA:1812,135,1,0
BRDA:1820,136,0,0
BRDA:1820,136,1,0
BRDA:1828,137,0,0
BRDA:1828,137,1,0
BRF:306
BRH:0
end_of_record
TN:
SF:/Applications/MAMP/htdocs/WTF-Adventure/src/client/js/main.js
FN:15,(anonymous_0)
FN:46,(anonymous_1)
FN:47,(anonymous_2)
FN:50,(anonymous_3)
FN:62,(anonymous_4)
FN:85,(anonymous_5)
FN:88,(anonymous_6)
FN:89,(anonymous_7)
FN:98,(anonymous_8)
FN:107,(anonymous_9)
FN:108,(anonymous_10)
FNF:11
FNH:7
FNDA:3,(anonymous_0)
FNDA:2,(anonymous_1)
FNDA:0,(anonymous_2)
FNDA:4,(anonymous_3)
FNDA:5,(anonymous_4)
FNDA:5,(anonymous_5)
FNDA:0,(anonymous_6)
FNDA:1,(anonymous_7)
FNDA:0,(anonymous_8)
FNDA:5,(anonymous_9)
FNDA:0,(anonymous_10)
DA:20,3
DA:26,3
DA:32,3
DA:38,3
DA:40,3
DA:47,2
DA:51,4
DA:52,4
DA:53,4
DA:54,4
DA:55,4
DA:56,4
DA:63,5
DA:64,5
DA:67,5
DA:68,5
DA:71,5
DA:72,5
DA:86,5
DA:88,5
DA:89,5
DA:90,1
DA:91,1
DA:94,5
DA:95,5
DA:96,5
DA:98,5
DA:99,0
DA:108,5
DA:109,0
DA:111,0
DA:112,0
DA:117,1
LF:33
LH:29
BRDA:63,0,0,5
BRDA:63,0,1,0
BRDA:67,1,0,5
BRDA:67,1,1,0
BRDA:71,2,0,5
BRDA:71,2,1,0
BRF:6
BRH:3
end_of_record
TN:
SF:/Applications/MAMP/htdocs/WTF-Adventure/src/client/js/controllers/audio.js
FN:15,(anonymous_0)
FN:71,(anonymous_1)
FN:110,(anonymous_2)
FN:116,callbackPlayThrough
FN:128,(anonymous_4)
FN:145,(anonymous_5)
FN:162,(anonymous_6)
FN:172,(anonymous_7)
FN:209,(anonymous_8)
FN:234,(anonymous_9)
FN:255,(anonymous_10)
FN:262,(anonymous_11)
FN:279,(anonymous_12)
FN:286,(anonymous_13)
FN:309,(anonymous_14)
FN:314,(anonymous_15)
FN:326,(anonymous_16)
FN:339,(anonymous_17)
FN:352,(anonymous_18)
FN:370,(anonymous_19)
FN:375,(anonymous_20)
FN:388,(anonymous_21)
FN:397,(anonymous_22)
FN:402,(anonymous_23)
FN:422,(anonymous_24)
FN:434,(anonymous_25)
FN:443,(anonymous_26)
FN:451,(anonymous_27)
FN:459,(anonymous_28)
FNF:29
FNH:0
FNDA:0,(anonymous_0)
FNDA:0,(anonymous_1)
FNDA:0,(anonymous_2)
FNDA:0,callbackPlayThrough
FNDA:0,(anonymous_4)
FNDA:0,(anonymous_5)
FNDA:0,(anonymous_6)
FNDA:0,(anonymous_7)
FNDA:0,(anonymous_8)
FNDA:0,(anonymous_9)
FNDA:0,(anonymous_10)
FNDA:0,(anonymous_11)
FNDA:0,(anonymous_12)
FNDA:0,(anonymous_13)
FNDA:0,(anonymous_14)
FNDA:0,(anonymous_15)
FNDA:0,(anonymous_16)
FNDA:0,(anonymous_17)
FNDA:0,(anonymous_18)
FNDA:0,(anonymous_19)
FNDA:0,(anonymous_20)
FNDA:0,(anonymous_21)
FNDA:0,(anonymous_22)
FNDA:0,(anonymous_23)
FNDA:0,(anonymous_24)
FNDA:0,(anonymous_25)
FNDA:0,(anonymous_26)
FNDA:0,(anonymous_27)
FNDA:0,(anonymous_28)
DA:20,0
DA:26,0
DA:32,0
DA:38,0
DA:44,0
DA:50,0
DA:57,0
DA:63,0
DA:65,0
DA:72,0
DA:81,0
DA:111,0
DA:112,0
DA:114,0
DA:117,0
DA:119,0
DA:120,0
DA:126,0
DA:129,0
DA:133,0
DA:138,0
DA:139,0
DA:140,0
DA:141,0
DA:143,0
DA:145,0
DA:146,0
DA:149,0
DA:150,0
DA:151,0
DA:152,0
DA:163,0
DA:164,0
DA:165,0
DA:168,0
DA:170,0
DA:172,0
DA:173,0
DA:176,0
DA:177,0
DA:178,0
DA:181,0
DA:182,0
DA:183,0
DA:184,0
DA:186,0
DA:187,0
DA:190,0
DA:191,0
DA:192,0
DA:195,0
DA:196,0
DA:197,0
DA:199,0
DA:202,0
DA:210,0
DA:212,0
DA:213,0
DA:214,0
DA:217,0
DA:219,0
DA:220,0
DA:221,0
DA:223,0
DA:226,0
DA:227,0
DA:229,0
DA:231,0
DA:232,0
DA:235,0
DA:241,0
DA:242,0
DA:243,0
DA:245,0
DA:248,0
DA:256,0
DA:257,0
DA:260,0
DA:262,0
DA:263,0
DA:265,0
DA:266,0
DA:267,0
DA:271,0
DA:280,0
DA:281,0
DA:284,0
DA:286,0
DA:287,0
DA:288,0
DA:291,0
DA:292,0
DA:294,0
DA:295,0
DA:298,0
DA:302,0
DA:310,0
DA:311,0
DA:314,0
DA:315,0
DA:318,0
DA:319,0
DA:327,0
DA:328,0
DA:329,0
DA:330,0
DA:332,0
DA:340,0
DA:341,0
DA:342,0
DA:343,0
DA:345,0
DA:353,0
DA:354,0
DA:357,0
DA:358,0
DA:361,0
DA:362,0
DA:363,0
DA:371,0
DA:372,0
DA:375,0
DA:376,0
DA:377,0
DA:380,0
DA:389,0
DA:398,0
DA:399,0
DA:402,0
DA:404,0
DA:405,0
DA:407,0
DA:410,0
DA:423,0
DA:435,0
DA:436,0
DA:444,0
DA:452,0
DA:460,0
LF:139
LH:0
BRDA:119,0,0,0
BRDA:119,0,1,0
BRDA:149,1,0,0
BRDA:149,1,1,0
BRDA:151,2,0,0
BRDA:151,2,1,0
BRDA:163,3,0,0
BRDA:163,3,1,0
BRDA:163,4,0,0
BRDA:163,4,1,0
BRDA:170,5,0,0
BRDA:170,5,1,0
BRDA:170,5,2,0
BRDA:176,6,0,0
BRDA:176,6,1,0
BRDA:186,7,0,0
BRDA:186,7,1,0
BRDA:190,8,0,0
BRDA:190,8,1,0
BRDA:212,9,0,0
BRDA:212,9,1,0
BRDA:219,10,0,0
BRDA:219,10,1,0
BRDA:219,11,0,0
BRDA:219,11,1,0
BRDA:219,12,0,0
BRDA:219,12,1,0
BRDA:220,13,0,0
BRDA:220,13,1,0
BRDA:226,14,0,0
BRDA:226,14,1,0
BRDA:226,15,0,0
BRDA:226,15,1,0
BRDA:242,16,0,0
BRDA:242,16,1,0
BRDA:256,17,0,0
BRDA:256,17,1,0
BRDA:256,18,0,0
BRDA:256,18,1,0
BRDA:265,19,0,0
BRDA:265,19,1,0
BRDA:280,20,0,0
BRDA:280,20,1,0
BRDA:280,21,0,0
BRDA:280,21,1,0
BRDA:287,22,0,0
BRDA:287,22,1,0
BRDA:291,23,0,0
BRDA:291,23,1,0
BRDA:294,24,0,0
BRDA:294,24,1,0
BRDA:310,25,0,0
BRDA:310,25,1,0
BRDA:327,26,0,0
BRDA:327,26,1,0
BRDA:340,27,0,0
BRDA:340,27,1,0
BRDA:353,28,0,0
BRDA:353,28,1,0
BRDA:357,29,0,0
BRDA:357,29,1,0
BRDA:357,30,0,0
BRDA:357,30,1,0
BRDA:371,31,0,0
BRDA:371,31,1,0
BRDA:389,32,0,0
BRDA:389,32,1,0
BRDA:398,33,0,0
BRDA:398,33,1,0
BRDA:402,34,0,0
BRDA:402,34,1,0
BRDA:404,35,0,0
BRDA:404,35,1,0
BRDA:404,36,0,0
BRDA:404,36,1,0
BRDA:460,37,0,0
BRDA:460,37,1,0
BRF:77
BRH:0
end_of_record
TN:
SF:/Applications/MAMP/htdocs/WTF-Adventure/src/client/js/controllers/bubble.js
FN:14,(anonymous_0)
FN:42,(anonymous_1)
FN:67,(anonymous_2)
FN:94,(anonymous_3)
FN:95,(anonymous_4)
FN:114,(anonymous_5)
FN:126,(anonymous_6)
FN:127,(anonymous_7)
FN:139,(anonymous_8)
FNF:9
FNH:0
FNDA:0,(anonymous_0)
FNDA:0,(anonymous_1)
FNDA:0,(anonymous_2)
FNDA:0,(anonymous_3)
FNDA:0,(anonymous_4)
FNDA:0,(anonymous_5)
FNDA:0,(anonymous_6)
FNDA:0,(anonymous_7)
FNDA:0,(anonymous_8)
DA:19,0
DA:25,0
DA:31,0
DA:43,0
DA:44,0
DA:45,0
DA:47,0
DA:54,0
DA:56,0
DA:59,0
DA:68,0
DA:70,0
DA:71,0
DA:74,0
DA:75,0
DA:76,0
DA:77,0
DA:78,0
DA:79,0
DA:80,0
DA:82,0
DA:86,0
DA:95,0
DA:96,0
DA:98,0
DA:99,0
DA:102,0
DA:103,0
DA:104,0
DA:115,0
DA:116,0
DA:119,0
DA:127,0
DA:128,0
DA:131,0
DA:140,0
DA:142,0
DA:143,0
DA:146,0
DA:148,0
LF:40
LH:0
BRDA:43,0,0,0
BRDA:43,0,1,0
BRDA:70,1,0,0
BRDA:70,1,1,0
BRDA:70,2,0,0
BRDA:70,2,1,0
BRDA:98,3,0,0
BRDA:98,3,1,0
BRDA:102,4,0,0
BRDA:102,4,1,0
BRDA:115,5,0,0
BRDA:115,5,1,0
BRDA:142,6,0,0
BRDA:142,6,1,0
BRF:14
BRH:0
end_of_record
TN:
SF:/Applications/MAMP/htdocs/WTF-Adventure/src/client/js/controllers/chat.js
FN:14,(anonymous_0)
FN:67,(anonymous_1)
FN:86,(anonymous_2)
FN:114,(anonymous_3)
FN:133,(anonymous_4)
FN:142,(anonymous_5)
FN:159,(anonymous_6)
FN:169,(anonymous_7)
FN:183,(anonymous_8)
FN:189,(anonymous_9)
FN:202,(anonymous_10)
FN:216,(anonymous_11)
FN:226,(anonymous_12)
FNF:13
FNH:0
FNDA:0,(anonymous_0)
FNDA:0,(anonymous_1)
FNDA:0,(anonymous_2)
FNDA:0,(anonymous_3)
FNDA:0,(anonymous_4)
FNDA:0,(anonymous_5)
FNDA:0,(anonymous_6)
FNDA:0,(anonymous_7)
FNDA:0,(anonymous_8)
FNDA:0,(anonymous_9)
FNDA:0,(anonymous_10)
FNDA:0,(anonymous_11)
FNDA:0,(anonymous_12)
DA:19,0
DA:25,0
DA:31,0
DA:37,0
DA:43,0
DA:49,0
DA:55,0
DA:61,0
DA:67,0
DA:68,0
DA:70,0
DA:71,0
DA:73,0
DA:87,0
DA:88,0
DA:90,0
DA:97,0
DA:99,0
DA:100,0
DA:103,0
DA:105,0
DA:106,0
DA:115,0
DA:117,0
DA:118,0
DA:120,0
DA:123,0
DA:125,0
DA:134,0
DA:135,0
DA:143,0
DA:145,0
DA:146,0
DA:147,0
DA:148,0
DA:150,0
DA:151,0
DA:160,0
DA:162,0
DA:170,0
DA:172,0
DA:173,0
DA:174,0
DA:176,0
DA:184,0
DA:185,0
DA:186,0
DA:189,0
DA:190,0
DA:191,0
DA:193,0
DA:203,0
DA:205,0
DA:206,0
DA:207,0
DA:209,0
DA:217,0
DA:218,0
DA:227,0
LF:59
LH:0
BRDA:70,0,0,0
BRDA:70,0,1,0
BRDA:87,1,0,0
BRDA:87,1,1,0
BRDA:88,2,0,0
BRDA:88,2,1,0
BRDA:99,3,0,0
BRDA:99,3,1,0
BRDA:115,4,0,0
BRDA:115,4,1,0
BRDA:117,5,0,0
BRDA:117,5,1,0
BRDA:145,6,0,0
BRDA:145,6,1,0
BRDA:145,7,0,0
BRDA:145,7,1,0
BRDA:146,8,0,0
BRDA:146,8,1,0
BRDA:184,9,0,0
BRDA:184,9,1,0
BRDA:190,10,0,0
BRDA:190,10,1,0
BRF:22
BRH:0
end_of_record
TN:
SF:/Applications/MAMP/htdocs/WTF-Adventure/src/client/js/controllers/entities.js
FN:30,(anonymous_0)
FN:69,(anonymous_1)
FN:77,(anonymous_2)
FN:99,(anonymous_3)
FN:113,(anonymous_4)
FN:196,(anonymous_5)
FN:304,(anonymous_6)
FN:314,(anonymous_7)
FN:329,(anonymous_8)
FN:339,(anonymous_9)
FN:341,(anonymous_10)
FN:363,(anonymous_11)
FN:386,(anonymous_12)
FN:404,(anonymous_13)
FN:437,(anonymous_14)
FN:464,(anonymous_15)
FN:479,(anonymous_16)
FN:488,(anonymous_17)
FN:498,(anonymous_18)
FN:500,(anonymous_19)
FN:514,(anonymous_20)
FN:520,(anonymous_21)
FNF:22
FNH:0
FNDA:0,(anonymous_0)
FNDA:0,(anonymous_1)
FNDA:0,(anonymous_2)
FNDA:0,(anonymous_3)
FNDA:0,(anonymous_4)
FNDA:0,(anonymous_5)
FNDA:0,(anonymous_6)
FNDA:0,(anonymous_7)
FNDA:0,(anonymous_8)
FNDA:0,(anonymous_9)
FNDA:0,(anonymous_10)
FNDA:0,(anonymous_11)
FNDA:0,(anonymous_12)
FNDA:0,(anonymous_13)
FNDA:0,(anonymous_14)
FNDA:0,(anonymous_15)
FNDA:0,(anonymous_16)
FNDA:0,(anonymous_17)
FNDA:0,(anonymous_18)
FNDA:0,(anonymous_19)
FNDA:0,(anonymous_20)
FNDA:0,(anonymous_21)
DA:31,0
DA:32,0
DA:38,0
DA:44,0
DA:50,0
DA:56,0
DA:62,0
DA:70,0
DA:71,0
DA:73,0
DA:74,0
DA:75,0
DA:77,0
DA:78,0
DA:80,0
DA:82,0
DA:83,0
DA:87,0
DA:89,0
DA:90,0
DA:91,0
DA:100,0
DA:102,0
DA:103,0
DA:114,0
DA:118,0
DA:119,0
DA:122,0
DA:124,0
DA:132,0
DA:133,0
DA:134,0
DA:137,0
DA:138,0
DA:139,0
DA:142,0
DA:149,0
DA:150,0
DA:153,0
DA:155,0
DA:156,0
DA:158,0
DA:159,0
DA:161,0
DA:163,0
DA:166,0
DA:167,0
DA:169,0
DA:170,0
DA:173,0
DA:175,0
DA:181,0
DA:183,0
DA:184,0
DA:186,0
DA:187,0
DA:189,0
DA:190,0
DA:196,0
DA:202,0
DA:203,0
DA:210,0
DA:211,0
DA:214,0
DA:221,0
DA:223,0
DA:224,0
DA:227,0
DA:229,0
DA:230,0
DA:231,0
DA:234,0
DA:235,0
DA:237,0
DA:238,0
DA:239,0
DA:241,0
DA:242,0
DA:243,0
DA:244,0
DA:245,0
DA:246,0
DA:248,0
DA:249,0
DA:251,0
DA:252,0
DA:254,0
DA:255,0
DA:257,0
DA:258,0
DA:260,0
DA:261,0
DA:262,0
DA:263,0
DA:264,0
DA:266,0
DA:268,0
DA:269,0
DA:273,0
DA:274,0
DA:277,0
DA:278,0
DA:280,0
DA:288,0
DA:289,0
DA:291,0
DA:293,0
DA:294,0
DA:295,0
DA:305,0
DA:306,0
DA:315,0
DA:317,0
DA:318,0
DA:321,0
DA:330,0
DA:331,0
DA:340,0
DA:341,0
DA:342,0
DA:343,0
DA:349,0
DA:351,0
DA:355,0
DA:364,0
DA:366,0
DA:367,0
DA:370,0
DA:371,0
DA:373,0
DA:377,0
DA:387,0
DA:389,0
DA:390,0
DA:393,0
DA:394,0
DA:396,0
DA:406,0
DA:408,0
DA:409,0
DA:412,0
DA:418,0
DA:420,0
DA:421,0
DA:425,0
DA:426,0
DA:429,0
DA:438,0
DA:440,0
DA:441,0
DA:444,0
DA:446,0
DA:448,0
DA:449,0
DA:453,0
DA:454,0
DA:465,0
DA:467,0
DA:468,0
DA:471,0
DA:480,0
DA:481,0
DA:482,0
DA:489,0
DA:490,0
DA:500,0
DA:501,0
DA:515,0
DA:517,0
DA:518,0
DA:519,0
DA:520,0
DA:521,0
LF:173
LH:0
BRDA:73,0,0,0
BRDA:73,0,1,0
BRDA:89,1,0,0
BRDA:89,1,1,0
BRDA:102,2,0,0
BRDA:102,2,1,0
BRDA:118,3,0,0
BRDA:118,3,1,0
BRDA:122,4,0,0
BRDA:122,4,1,0
BRDA:122,4,2,0
BRDA:122,4,3,0
BRDA:122,4,4,0
BRDA:122,4,5,0
BRDA:122,4,6,0
BRDA:169,5,0,0
BRDA:169,5,1,0
BRDA:169,6,0,0
BRDA:169,6,1,0
BRDA:202,7,0,0
BRDA:202,7,1,0
BRDA:202,8,0,0
BRDA:202,8,1,0
BRDA:210,9,0,0
BRDA:210,9,1,0
BRDA:273,10,0,0
BRDA:273,10,1,0
BRDA:282,11,0,0
BRDA:282,11,1,0
BRDA:293,12,0,0
BRDA:293,12,1,0
BRDA:293,13,0,0
BRDA:293,13,1,0
BRDA:317,14,0,0
BRDA:317,14,1,0
BRDA:342,15,0,0
BRDA:342,15,1,0
BRDA:342,16,0,0
BRDA:342,16,1,0
BRDA:366,17,0,0
BRDA:366,17,1,0
BRDA:373,18,0,0
BRDA:373,18,1,0
BRDA:374,19,0,0
BRDA:374,19,1,0
BRDA:374,20,0,0
BRDA:374,20,1,0
BRDA:389,21,0,0
BRDA:389,21,1,0
BRDA:408,22,0,0
BRDA:408,22,1,0
BRDA:412,23,0,0
BRDA:412,23,1,0
BRDA:413,24,0,0
BRDA:413,24,1,0
BRDA:413,24,2,0
BRDA:413,24,3,0
BRDA:420,25,0,0
BRDA:420,25,1,0
BRDA:420,26,0,0
BRDA:420,26,1,0
BRDA:425,27,0,0
BRDA:425,27,1,0
BRDA:440,28,0,0
BRDA:440,28,1,0
BRDA:448,29,0,0
BRDA:448,29,1,0
BRDA:448,30,0,0
BRDA:448,30,1,0
BRDA:453,31,0,0
BRDA:453,31,1,0
BRDA:467,32,0,0
BRDA:467,32,1,0
BRDA:519,33,0,0
BRDA:519,33,1,0
BRF:75
BRH:0
end_of_record
TN:
SF:/Applications/MAMP/htdocs/WTF-Adventure/src/client/js/controllers/info.js
FN:16,(anonymous_0)
FN:22,(anonymous_1)
FN:42,(anonymous_2)
FN:62,(anonymous_3)
FN:90,(anonymous_4)
FN:99,(anonymous_5)
FN:103,(anonymous_6)
FN:106,(anonymous_7)
FN:111,(anonymous_8)
FN:112,(anonymous_9)
FN:116,(anonymous_10)
FN:123,(anonymous_11)
FN:124,(anonymous_12)
FN:129,(anonymous_13)
FNF:14
FNH:0
FNDA:0,(anonymous_0)
FNDA:0,(anonymous_1)
FNDA:0,(anonymous_2)
FNDA:0,(anonymous_3)
FNDA:0,(anonymous_4)
FNDA:0,(anonymous_5)
FNDA:0,(anonymous_6)
FNDA:0,(anonymous_7)
FNDA:0,(anonymous_8)
FNDA:0,(anonymous_9)
FNDA:0,(anonymous_10)
FNDA:0,(anonymous_11)
FNDA:0,(anonymous_12)
FNDA:0,(anonymous_13)
DA:17,0
DA:18,0
DA:19,0
DA:23,0
DA:27,0
DA:28,0
DA:32,0
DA:33,0
DA:35,0
DA:36,0
DA:38,0
DA:43,0
DA:44,0
DA:45,0
DA:47,0
DA:48,0
DA:51,0
DA:53,0
DA:57,0
DA:59,0
DA:63,0
DA:64,0
DA:65,0
DA:66,0
DA:68,0
DA:69,0
DA:72,0
DA:73,0
DA:76,0
DA:78,0
DA:79,0
DA:80,0
DA:81,0
DA:82,0
DA:83,0
DA:86,0
DA:87,0
DA:91,0
DA:92,0
DA:93,0
DA:95,0
DA:96,0
DA:100,0
DA:104,0
DA:106,0
DA:107,0
DA:112,0
DA:113,0
DA:116,0
DA:117,0
DA:120,0
DA:124,0
DA:125,0
DA:130,0
LF:54
LH:0
BRDA:23,0,0,0
BRDA:23,0,1,0
BRDA:23,0,2,0
BRDA:23,0,3,0
BRDA:23,0,4,0
BRDA:23,0,5,0
BRDA:23,0,6,0
BRDA:23,0,7,0
BRDA:47,1,0,0
BRDA:47,1,1,0
BRDA:47,2,0,0
BRDA:47,2,1,0
BRDA:53,3,0,0
BRDA:53,3,1,0
BRDA:68,4,0,0
BRDA:68,4,1,0
BRDA:68,5,0,0
BRDA:68,5,1,0
BRDA:72,6,0,0
BRDA:72,6,1,0
BRDA:78,7,0,0
BRDA:78,7,1,0
BRDA:80,8,0,0
BRDA:80,8,1,0
BRDA:82,9,0,0
BRDA:82,9,1,0
BRF:26
BRH:0
end_of_record
TN:
SF:/Applications/MAMP/htdocs/WTF-Adventure/src/client/js/controllers/input.js
FN:14,(anonymous_0)
FN:42,(anonymous_1)
FN:54,(anonymous_2)
FN:71,(anonymous_3)
FN:125,(anonymous_4)
FN:155,(anonymous_5)
FN:161,(anonymous_6)
FN:236,(anonymous_7)
FN:244,(anonymous_8)
FN:296,(anonymous_9)
FN:301,(anonymous_10)
FN:323,(anonymous_11)
FN:328,(anonymous_12)
FN:333,(anonymous_13)
FN:338,(anonymous_14)
FN:342,(anonymous_15)
FN:359,(anonymous_16)
FN:383,(anonymous_17)
FN:391,(anonymous_18)
FN:398,(anonymous_19)
FN:402,(anonymous_20)
FNF:21
FNH:0
FNDA:0,(anonymous_0)
FNDA:0,(anonymous_1)
FNDA:0,(anonymous_2)
FNDA:0,(anonymous_3)
FNDA:0,(anonymous_4)
FNDA:0,(anonymous_5)
FNDA:0,(anonymous_6)
FNDA:0,(anonymous_7)
FNDA:0,(anonymous_8)
FNDA:0,(anonymous_9)
FNDA:0,(anonymous_10)
FNDA:0,(anonymous_11)
FNDA:0,(anonymous_12)
FNDA:0,(anonymous_13)
FNDA:0,(anonymous_14)
FNDA:0,(anonymous_15)
FNDA:0,(anonymous_16)
FNDA:0,(anonymous_17)
FNDA:0,(anonymous_18)
FNDA:0,(anonymous_19)
FNDA:0,(anonymous_20)
DA:15,0
DA:16,0
DA:17,0
DA:19,0
DA:20,0
DA:21,0
DA:22,0
DA:23,0
DA:24,0
DA:25,0
DA:26,0
DA:27,0
DA:28,0
DA:29,0
DA:30,0
DA:31,0
DA:32,0
DA:33,0
DA:34,0
DA:39,0
DA:47,0
DA:48,0
DA:50,0
DA:51,0
DA:55,0
DA:57,0
DA:58,0
DA:59,0
DA:60,0
DA:61,0
DA:62,0
DA:63,0
DA:64,0
DA:65,0
DA:67,0
DA:68,0
DA:72,0
DA:74,0
DA:76,0
DA:77,0
DA:78,0
DA:81,0
DA:83,0
DA:86,0
DA:88,0
DA:92,0
DA:94,0
DA:98,0
DA:100,0
DA:104,0
DA:106,0
DA:109,0
DA:111,0
DA:114,0
DA:117,0
DA:118,0
DA:119,0
DA:121,0
DA:126,0
DA:128,0
DA:130,0
DA:133,0
DA:134,0
DA:138,0
DA:139,0
DA:143,0
DA:144,0
DA:148,0
DA:149,0
DA:152,0
DA:156,0
DA:158,0
DA:162,0
DA:164,0
DA:165,0
DA:168,0
DA:175,0
DA:179,0
DA:181,0
DA:183,0
DA:189,0
DA:190,0
DA:192,0
DA:194,0
DA:199,0
DA:203,0
DA:204,0
DA:207,0
DA:208,0
DA:219,0
DA:220,0
DA:221,0
DA:224,0
DA:225,0
DA:227,0
DA:229,0
DA:231,0
DA:233,0
DA:237,0
DA:239,0
DA:241,0
DA:245,0
DA:247,0
DA:250,0
DA:253,0
DA:259,0
DA:261,0
DA:262,0
DA:263,0
DA:265,0
DA:267,0
DA:270,0
DA:271,0
DA:272,0
DA:275,0
DA:276,0
DA:277,0
DA:280,0
DA:285,0
DA:286,0
DA:289,0
DA:290,0
DA:291,0
DA:297,0
DA:298,0
DA:302,0
DA:307,0
DA:309,0
DA:312,0
DA:316,0
DA:317,0
DA:319,0
DA:320,0
DA:324,0
DA:325,0
DA:329,0
DA:330,0
DA:334,0
DA:335,0
DA:339,0
DA:343,0
DA:344,0
DA:347,0
DA:348,0
DA:349,0
DA:350,0
DA:351,0
DA:353,0
DA:360,0
DA:361,0
DA:362,0
DA:364,0
DA:365,0
DA:368,0
DA:380,0
DA:384,0
DA:392,0
DA:399,0
DA:403,0
LF:159
LH:0
BRDA:72,0,0,0
BRDA:72,0,1,0
BRDA:72,0,2,0
BRDA:76,1,0,0
BRDA:76,1,1,0
BRDA:81,2,0,0
BRDA:81,2,1,0
BRDA:81,2,2,0
BRDA:81,2,3,0
BRDA:81,2,4,0
BRDA:81,2,5,0
BRDA:81,2,6,0
BRDA:81,2,7,0
BRDA:81,2,8,0
BRDA:81,2,9,0
BRDA:128,3,0,0
BRDA:128,3,1,0
BRDA:128,3,2,0
BRDA:128,3,3,0
BRDA:128,3,4,0
BRDA:128,3,5,0
BRDA:128,3,6,0
BRDA:128,3,7,0
BRDA:128,3,8,0
BRDA:158,4,0,0
BRDA:158,4,1,0
BRDA:164,5,0,0
BRDA:164,5,1,0
BRDA:175,6,0,0
BRDA:175,6,1,0
BRDA:176,7,0,0
BRDA:176,7,1,0
BRDA:176,7,2,0
BRDA:181,8,0,0
BRDA:181,8,1,0
BRDA:181,9,0,0
BRDA:181,9,1,0
BRDA:186,10,0,0
BRDA:186,10,1,0
BRDA:189,11,0,0
BRDA:189,11,1,0
BRDA:189,12,0,0
BRDA:189,12,1,0
BRDA:192,13,0,0
BRDA:192,13,1,0
BRDA:194,14,0,0
BRDA:194,14,1,0
BRDA:195,15,0,0
BRDA:195,15,1,0
BRDA:195,15,2,0
BRDA:207,16,0,0
BRDA:207,16,1,0
BRDA:207,17,0,0
BRDA:207,17,1,0
BRDA:219,18,0,0
BRDA:219,18,1,0
BRDA:231,19,0,0
BRDA:231,19,1,0
BRDA:233,20,0,0
BRDA:233,20,1,0
BRDA:233,21,0,0
BRDA:233,21,1,0
BRDA:237,22,0,0
BRDA:237,22,1,0
BRDA:239,23,0,0
BRDA:239,23,1,0
BRDA:241,24,0,0
BRDA:241,24,1,0
BRDA:245,25,0,0
BRDA:245,25,1,0
BRDA:245,26,0,0
BRDA:245,26,1,0
BRDA:245,26,2,0
BRDA:256,27,0,0
BRDA:256,27,1,0
BRDA:261,28,0,0
BRDA:261,28,1,0
BRDA:261,29,0,0
BRDA:261,29,1,0
BRDA:265,30,0,0
BRDA:265,30,1,0
BRDA:265,30,2,0
BRDA:265,30,3,0
BRDA:265,30,4,0
BRDA:265,30,5,0
BRDA:281,31,0,0
BRDA:281,31,1,0
BRDA:281,32,0,0
BRDA:281,32,1,0
BRDA:316,33,0,0
BRDA:316,33,1,0
BRDA:317,34,0,0
BRDA:317,34,1,0
BRDA:319,35,0,0
BRDA:319,35,1,0
BRDA:320,36,0,0
BRDA:320,36,1,0
BRDA:324,37,0,0
BRDA:324,37,1,0
BRDA:339,38,0,0
BRDA:339,38,1,0
BRDA:343,39,0,0
BRDA:343,39,1,0
BRDA:343,40,0,0
BRDA:343,40,1,0
BRDA:364,41,0,0
BRDA:364,41,1,0
BRDA:385,42,0,0
BRDA:385,42,1,0
BRDA:385,42,2,0
BRDA:393,43,0,0
BRDA:393,43,1,0
BRDA:393,43,2,0
BRDA:393,43,3,0
BRF:114
BRH:0
end_of_record
TN:
SF:/Applications/MAMP/htdocs/WTF-Adventure/src/client/js/controllers/interface.js
FN:15,(anonymous_0)
FN:33,(anonymous_1)
FN:38,(anonymous_2)
FN:60,(anonymous_3)
FN:69,(anonymous_4)
FN:75,(anonymous_5)
FN:81,(anonymous_6)
FN:87,(anonymous_7)
FN:93,(anonymous_8)
FN:99,(anonymous_9)
FN:107,(anonymous_10)
FN:116,(anonymous_11)
FN:121,(anonymous_12)
FN:127,(anonymous_13)
FN:162,(anonymous_14)
FN:174,(anonymous_15)
FN:183,(anonymous_16)
FN:189,(anonymous_17)
FN:193,(anonymous_18)
FN:197,(anonymous_19)
FN:201,(anonymous_20)
FNF:21
FNH:0
FNDA:0,(anonymous_0)
FNDA:0,(anonymous_1)
FNDA:0,(anonymous_2)
FNDA:0,(anonymous_3)
FNDA:0,(anonymous_4)
FNDA:0,(anonymous_5)
FNDA:0,(anonymous_6)
FNDA:0,(anonymous_7)
FNDA:0,(anonymous_8)
FNDA:0,(anonymous_9)
FNDA:0,(anonymous_10)
FNDA:0,(anonymous_11)
FNDA:0,(anonymous_12)
FNDA:0,(anonymous_13)
FNDA:0,(anonymous_14)
FNDA:0,(anonymous_15)
FNDA:0,(anonymous_16)
FNDA:0,(anonymous_17)
FNDA:0,(anonymous_18)
FNDA:0,(anonymous_19)
FNDA:0,(anonymous_20)
DA:16,0
DA:18,0
DA:19,0
DA:20,0
DA:21,0
DA:22,0
DA:24,0
DA:25,0
DA:26,0
DA:27,0
DA:29,0
DA:30,0
DA:31,0
DA:33,0
DA:34,0
DA:39,0
DA:40,0
DA:43,0
DA:44,0
DA:47,0
DA:48,0
DA:51,0
DA:52,0
DA:61,0
DA:62,0
DA:70,0
DA:71,0
DA:72,0
DA:76,0
DA:77,0
DA:82,0
DA:83,0
DA:88,0
DA:89,0
DA:94,0
DA:95,0
DA:100,0
DA:101,0
DA:102,0
DA:107,0
DA:108,0
DA:109,0
DA:116,0
DA:117,0
DA:118,0
DA:121,0
DA:122,0
DA:123,0
DA:128,0
DA:129,0
DA:132,0
DA:133,0
DA:136,0
DA:139,0
DA:141,0
DA:146,0
DA:149,0
DA:150,0
DA:153,0
DA:154,0
DA:157,0
DA:158,0
DA:163,0
DA:164,0
DA:167,0
DA:168,0
DA:169,0
DA:171,0
DA:175,0
DA:176,0
DA:179,0
DA:180,0
DA:184,0
DA:185,0
DA:186,0
DA:190,0
DA:194,0
DA:198,0
DA:202,0
LF:79
LH:0
BRDA:39,0,0,0
BRDA:39,0,1,0
BRDA:43,1,0,0
BRDA:43,1,1,0
BRDA:47,2,0,0
BRDA:47,2,1,0
BRDA:51,3,0,0
BRDA:51,3,1,0
BRDA:76,4,0,0
BRDA:76,4,1,0
BRDA:82,5,0,0
BRDA:82,5,1,0
BRDA:88,6,0,0
BRDA:88,6,1,0
BRDA:94,7,0,0
BRDA:94,7,1,0
BRDA:128,8,0,0
BRDA:128,8,1,0
BRDA:128,9,0,0
BRDA:128,9,1,0
BRDA:132,10,0,0
BRDA:132,10,1,0
BRDA:132,11,0,0
BRDA:132,11,1,0
BRDA:136,12,0,0
BRDA:136,12,1,0
BRDA:137,13,0,0
BRDA:137,13,1,0
BRDA:137,13,2,0
BRDA:141,14,0,0
BRDA:141,14,1,0
BRDA:142,15,0,0
BRDA:142,15,1,0
BRDA:142,15,2,0
BRDA:149,16,0,0
BRDA:149,16,1,0
BRDA:149,17,0,0
BRDA:149,17,1,0
BRDA:153,18,0,0
BRDA:153,18,1,0
BRDA:153,19,0,0
BRDA:153,19,1,0
BRDA:157,20,0,0
BRDA:157,20,1,0
BRDA:157,21,0,0
BRDA:157,21,1,0
BRDA:163,22,0,0
BRDA:163,22,1,0
BRDA:175,23,0,0
BRDA:175,23,1,0
BRF:50
BRH:0
end_of_record
TN:
SF:/Applications/MAMP/htdocs/WTF-Adventure/src/client/js/controllers/overlay.js
FN:10,(anonymous_0)
FN:20,(anonymous_1)
FN:53,(anonymous_2)
FN:75,(anonymous_3)
FN:83,(anonymous_4)
FN:88,(anonymous_5)
FN:92,(anonymous_6)
FN:96,(anonymous_7)
FN:100,(anonymous_8)
FN:104,(anonymous_9)
FN:108,(anonymous_10)
FNF:11
FNH:0
FNDA:0,(anonymous_0)
FNDA:0,(anonymous_1)
FNDA:0,(anonymous_2)
FNDA:0,(anonymous_3)
FNDA:0,(anonymous_4)
FNDA:0,(anonymous_5)
FNDA:0,(anonymous_6)
FNDA:0,(anonymous_7)
FNDA:0,(anonymous_8)
FNDA:0,(anonymous_9)
FNDA:0,(anonymous_10)
DA:11,0
DA:12,0
DA:13,0
DA:14,0
DA:15,0
DA:16,0
DA:17,0
DA:21,0
DA:22,0
DA:24,0
DA:25,0
DA:28,0
DA:31,0
DA:32,0
DA:35,0
DA:37,0
DA:41,0
DA:42,0
DA:47,0
DA:49,0
DA:50,0
DA:53,0
DA:54,0
DA:60,0
DA:61,0
DA:63,0
DA:69,0
DA:76,0
DA:84,0
DA:85,0
DA:89,0
DA:93,0
DA:97,0
DA:101,0
DA:105,0
DA:109,0
LF:36
LH:0
BRDA:21,0,0,0
BRDA:21,0,1,0
BRDA:24,1,0,0
BRDA:24,1,1,0
BRDA:31,2,0,0
BRDA:31,2,1,0
BRDA:37,3,0,0
BRDA:37,3,1,0
BRDA:41,4,0,0
BRDA:41,4,1,0
BRDA:54,5,0,0
BRDA:54,5,1,0
BRDA:55,6,0,0
BRDA:55,6,1,0
BRDA:55,6,2,0
BRDA:55,6,3,0
BRDA:60,7,0,0
BRDA:60,7,1,0
BRDA:77,8,0,0
BRDA:77,8,1,0
BRDA:77,8,2,0
BRDA:89,9,0,0
BRDA:89,9,1,0
BRF:23
BRH:0
end_of_record
TN:
SF:/Applications/MAMP/htdocs/WTF-Adventure/src/client/js/controllers/pointer.js
FN:12,(anonymous_0)
FN:19,(anonymous_1)
FN:33,(anonymous_2)
FN:34,(anonymous_3)
FN:57,(anonymous_4)
FN:76,(anonymous_5)
FN:77,(anonymous_6)
FN:84,(anonymous_7)
FN:89,(anonymous_8)
FN:103,(anonymous_9)
FN:115,(anonymous_10)
FN:126,(anonymous_11)
FN:151,(anonymous_12)
FN:152,(anonymous_13)
FN:174,(anonymous_14)
FN:182,(anonymous_15)
FN:186,(anonymous_16)
FN:190,(anonymous_17)
FN:194,(anonymous_18)
FNF:19
FNH:0
FNDA:0,(anonymous_0)
FNDA:0,(anonymous_1)
FNDA:0,(anonymous_2)
FNDA:0,(anonymous_3)
FNDA:0,(anonymous_4)
FNDA:0,(anonymous_5)
FNDA:0,(anonymous_6)
FNDA:0,(anonymous_7)
FNDA:0,(anonymous_8)
FNDA:0,(anonymous_9)
FNDA:0,(anonymous_10)
FNDA:0,(anonymous_11)
FNDA:0,(anonymous_12)
FNDA:0,(anonymous_13)
FNDA:0,(anonymous_14)
FNDA:0,(anonymous_15)
FNDA:0,(anonymous_16)
FNDA:0,(anonymous_17)
FNDA:0,(anonymous_18)
DA:13,0
DA:14,0
DA:15,0
DA:16,0
DA:20,0
DA:21,0
DA:24,0
DA:26,0
DA:28,0
DA:30,0
DA:34,0
DA:35,0
DA:37,0
DA:38,0
DA:39,0
DA:40,0
DA:41,0
DA:43,0
DA:44,0
DA:45,0
DA:48,0
DA:49,0
DA:50,0
DA:52,0
DA:58,0
DA:59,0
DA:60,0
DA:62,0
DA:64,0
DA:77,0
DA:78,0
DA:81,0
DA:85,0
DA:86,0
DA:90,0
DA:91,0
DA:93,0
DA:94,0
DA:95,0
DA:96,0
DA:97,0
DA:99,0
DA:100,0
DA:104,0
DA:106,0
DA:108,0
DA:109,0
DA:112,0
DA:116,0
DA:118,0
DA:119,0
DA:122,0
DA:123,0
DA:127,0
DA:129,0
DA:130,0
DA:133,0
DA:134,0
DA:135,0
DA:141,0
DA:142,0
DA:143,0
DA:146,0
DA:147,0
DA:148,0
DA:152,0
DA:153,0
DA:155,0
DA:157,0
DA:158,0
DA:160,0
DA:162,0
DA:164,0
DA:165,0
DA:167,0
DA:169,0
DA:175,0
DA:176,0
DA:179,0
DA:183,0
DA:187,0
DA:191,0
DA:195,0
LF:83
LH:0
BRDA:20,0,0,0
BRDA:20,0,1,0
BRDA:35,1,0,0
BRDA:35,1,1,0
BRDA:43,2,0,0
BRDA:43,2,1,0
BRDA:108,3,0,0
BRDA:108,3,1,0
BRDA:118,4,0,0
BRDA:118,4,1,0
BRDA:129,5,0,0
BRDA:129,5,1,0
BRDA:141,6,0,0
BRDA:141,6,1,0
BRDA:153,7,0,0
BRDA:153,7,1,0
BRDA:153,7,2,0
BRDA:157,8,0,0
BRDA:157,8,1,0
BRDA:164,9,0,0
BRDA:164,9,1,0
BRDA:164,10,0,0
BRDA:164,10,1,0
BRDA:175,11,0,0
BRDA:175,11,1,0
BRF:25
BRH:0
end_of_record
TN:
SF:/Applications/MAMP/htdocs/WTF-Adventure/src/client/js/controllers/sprites.js
FN:12,(anonymous_0)
FN:19,(anonymous_1)
FN:26,(anonymous_2)
FN:29,(anonymous_3)
FN:42,(anonymous_4)
FN:48,(anonymous_5)
FN:51,(anonymous_6)
FN:56,(anonymous_7)
FNF:8
FNH:0
FNDA:0,(anonymous_0)
FNDA:0,(anonymous_1)
FNDA:0,(anonymous_2)
FNDA:0,(anonymous_3)
FNDA:0,(anonymous_4)
FNDA:0,(anonymous_5)
FNDA:0,(anonymous_6)
FNDA:0,(anonymous_7)
DA:13,0
DA:15,0
DA:16,0
DA:17,0
DA:19,0
DA:20,0
DA:23,0
DA:27,0
DA:29,0
DA:30,0
DA:36,0
DA:37,0
DA:38,0
DA:43,0
DA:44,0
DA:45,0
DA:49,0
DA:51,0
DA:52,0
DA:57,0
DA:58,0
LF:21
LH:0
BRDA:36,0,0,0
BRDA:36,0,1,0
BRF:2
BRH:0
end_of_record
TN:
SF:/Applications/MAMP/htdocs/WTF-Adventure/src/client/js/controllers/zoning.js
FN:8,(anonymous_0)
FN:16,(anonymous_1)
FN:20,(anonymous_2)
FN:24,(anonymous_3)
FN:28,(anonymous_4)
FN:32,(anonymous_5)
FN:36,(anonymous_6)
FNF:7
FNH:0
FNDA:0,(anonymous_0)
FNDA:0,(anonymous_1)
FNDA:0,(anonymous_2)
FNDA:0,(anonymous_3)
FNDA:0,(anonymous_4)
FNDA:0,(anonymous_5)
FNDA:0,(anonymous_6)
DA:9,0
DA:10,0
DA:11,0
DA:12,0
DA:13,0
DA:17,0
DA:21,0
DA:25,0
DA:29,0
DA:33,0
DA:37,0
LF:11
LH:0
BRF:0
BRH:0
end_of_record
TN:
SF:/Applications/MAMP/htdocs/WTF-Adventure/src/client/js/entity/animation.js
FN:2,(anonymous_0)
FN:12,(anonymous_1)
FN:33,(anonymous_2)
FN:47,(anonymous_3)
FN:52,(anonymous_4)
FN:56,(anonymous_5)
FN:60,(anonymous_6)
FN:64,(anonymous_7)
FNF:8
FNH:0
FNDA:0,(anonymous_0)
FNDA:0,(anonymous_1)
FNDA:0,(anonymous_2)
FNDA:0,(anonymous_3)
FNDA:0,(anonymous_4)
FNDA:0,(anonymous_5)
FNDA:0,(anonymous_6)
FNDA:0,(anonymous_7)
DA:3,0
DA:4,0
DA:5,0
DA:6,0
DA:7,0
DA:9,0
DA:13,0
DA:15,0
DA:17,0
DA:18,0
DA:20,0
DA:21,0
DA:22,0
DA:23,0
DA:27,0
DA:28,0
DA:30,0
DA:34,0
DA:35,0
DA:38,0
DA:39,0
DA:40,0
DA:42,0
DA:44,0
DA:48,0
DA:49,0
DA:53,0
DA:57,0
DA:61,0
DA:65,0
DA:66,0
LF:31
LH:0
BRDA:15,0,0,0
BRDA:15,0,1,0
BRDA:17,1,0,0
BRDA:17,1,1,0
BRDA:17,2,0,0
BRDA:17,2,1,0
BRDA:20,3,0,0
BRDA:20,3,1,0
BRDA:34,4,0,0
BRDA:34,4,1,0
BRDA:34,5,0,0
BRDA:34,5,1,0
BRDA:38,6,0,0
BRDA:38,6,1,0
BRF:14
BRH:0
end_of_record
TN:
SF:/Applications/MAMP/htdocs/WTF-Adventure/src/client/js/entity/entity.js
FN:15,(anonymous_0)
FN:74,(anonymous_1)
FN:123,(anonymous_2)
FN:135,(anonymous_3)
FN:144,(anonymous_4)
FN:145,(anonymous_5)
FN:153,(anonymous_6)
FN:165,(anonymous_7)
FN:173,(anonymous_8)
FN:201,(anonymous_9)
FN:211,(anonymous_10)
FN:226,(anonymous_11)
FN:251,(anonymous_12)
FN:261,(anonymous_13)
FN:271,(anonymous_14)
FN:280,(anonymous_15)
FN:292,(anonymous_16)
FN:305,(anonymous_17)
FN:320,(anonymous_18)
FN:334,(anonymous_19)
FN:346,(anonymous_20)
FN:354,(anonymous_21)
FN:361,(anonymous_22)
FN:369,(anonymous_23)
FN:377,(anonymous_24)
FN:385,(anonymous_25)
FN:393,(anonymous_26)
FN:401,(anonymous_27)
FNF:28
FNH:0
FNDA:0,(anonymous_0)
FNDA:0,(anonymous_1)
FNDA:0,(anonymous_2)
FNDA:0,(anonymous_3)
FNDA:0,(anonymous_4)
FNDA:0,(anonymous_5)
FNDA:0,(anonymous_6)
FNDA:0,(anonymous_7)
FNDA:0,(anonymous_8)
FNDA:0,(anonymous_9)
FNDA:0,(anonymous_10)
FNDA:0,(anonymous_11)
FNDA:0,(anonymous_12)
FNDA:0,(anonymous_13)
FNDA:0,(anonymous_14)
FNDA:0,(anonymous_15)
FNDA:0,(anonymous_16)
FNDA:0,(anonymous_17)
FNDA:0,(anonymous_18)
FNDA:0,(anonymous_19)
FNDA:0,(anonymous_20)
FNDA:0,(anonymous_21)
FNDA:0,(anonymous_22)
FNDA:0,(anonymous_23)
FNDA:0,(anonymous_24)
FNDA:0,(anonymous_25)
FNDA:0,(anonymous_26)
FNDA:0,(anonymous_27)
DA:16,0
DA:17,0
DA:19,0
DA:20,0
DA:21,0
DA:22,0
DA:24,0
DA:26,0
DA:27,0
DA:28,0
DA:30,0
DA:31,0
DA:33,0
DA:34,0
DA:36,0
DA:37,0
DA:38,0
DA:39,0
DA:41,0
DA:42,0
DA:44,0
DA:45,0
DA:46,0
DA:48,0
DA:49,0
DA:51,0
DA:52,0
DA:53,0
DA:54,0
DA:56,0
DA:61,0
DA:76,0
DA:77,0
DA:81,0
DA:82,0
DA:86,0
DA:87,0
DA:91,0
DA:92,0
DA:96,0
DA:97,0
DA:101,0
DA:102,0
DA:106,0
DA:107,0
DA:111,0
DA:112,0
DA:115,0
DA:124,0
DA:126,0
DA:127,0
DA:136,0
DA:137,0
DA:145,0
DA:146,0
DA:154,0
DA:155,0
DA:158,0
DA:166,0
DA:174,0
DA:175,0
DA:178,0
DA:179,0
DA:182,0
DA:184,0
DA:186,0
DA:187,0
DA:188,0
DA:189,0
DA:191,0
DA:192,0
DA:202,0
DA:203,0
DA:212,0
DA:213,0
DA:215,0
DA:227,0
DA:231,0
DA:234,0
DA:236,0
DA:237,0
DA:240,0
DA:242,0
DA:243,0
DA:246,0
DA:248,0
DA:252,0
DA:262,0
DA:263,0
DA:264,0
DA:272,0
DA:281,0
DA:282,0
DA:283,0
DA:293,0
DA:294,0
DA:296,0
DA:306,0
DA:307,0
DA:321,0
DA:322,0
DA:335,0
DA:336,0
DA:339,0
DA:347,0
DA:355,0
DA:362,0
DA:370,0
DA:378,0
DA:386,0
DA:394,0
DA:402,0
LF:112
LH:0
BRDA:74,0,0,0
BRDA:76,1,0,0
BRDA:76,1,1,0
BRDA:76,2,0,0
BRDA:76,2,1,0
BRDA:76,2,2,0
BRDA:81,3,0,0
BRDA:81,3,1,0
BRDA:81,4,0,0
BRDA:81,4,1,0
BRDA:86,5,0,0
BRDA:86,5,1,0
BRDA:86,6,0,0
BRDA:86,6,1,0
BRDA:86,6,2,0
BRDA:91,7,0,0
BRDA:91,7,1,0
BRDA:91,8,0,0
BRDA:91,8,1,0
BRDA:96,9,0,0
BRDA:96,9,1,0
BRDA:96,10,0,0
BRDA:96,10,1,0
BRDA:101,11,0,0
BRDA:101,11,1,0
BRDA:101,12,0,0
BRDA:101,12,1,0
BRDA:101,12,2,0
BRDA:106,13,0,0
BRDA:106,13,1,0
BRDA:106,14,0,0
BRDA:106,14,1,0
BRDA:111,15,0,0
BRDA:111,15,1,0
BRDA:111,16,0,0
BRDA:111,16,1,0
BRDA:111,16,2,0
BRDA:126,17,0,0
BRDA:126,17,1,0
BRDA:154,18,0,0
BRDA:154,18,1,0
BRDA:174,19,0,0
BRDA:174,19,1,0
BRDA:174,20,0,0
BRDA:174,20,1,0
BRDA:174,20,2,0
BRDA:178,21,0,0
BRDA:178,21,1,0
BRDA:191,22,0,0
BRDA:191,22,1,0
BRDA:227,23,0,0
BRDA:227,23,1,0
BRDA:228,24,0,0
BRDA:228,24,1,0
BRDA:228,24,2,0
BRDA:236,25,0,0
BRDA:236,25,1,0
BRDA:242,26,0,0
BRDA:242,26,1,0
BRDA:249,27,0,0
BRDA:249,27,1,0
BRDA:250,28,0,0
BRDA:250,28,1,0
BRDA:283,29,0,0
BRDA:283,29,1,0
BRDA:296,30,0,0
BRDA:296,30,1,0
BRDA:306,31,0,0
BRDA:306,31,1,0
BRDA:308,32,0,0
BRDA:308,32,1,0
BRDA:308,32,2,0
BRDA:310,33,0,0
BRDA:310,33,1,0
BRDA:321,34,0,0
BRDA:321,34,1,0
BRDA:323,35,0,0
BRDA:323,35,1,0
BRDA:323,35,2,0
BRDA:325,36,0,0
BRDA:325,36,1,0
BRDA:335,37,0,0
BRDA:335,37,1,0
BRF:83
BRH:0
end_of_record
TN:
SF:/Applications/MAMP/htdocs/WTF-Adventure/src/client/js/entity/entityhandler.js
FN:4,(anonymous_0)
FN:10,(anonymous_1)
FN:14,(anonymous_2)
FN:20,(anonymous_3)
FN:24,(anonymous_4)
FN:27,(anonymous_5)
FN:52,(anonymous_6)
FN:65,(anonymous_7)
FN:74,(anonymous_8)
FN:80,(anonymous_9)
FNF:10
FNH:0
FNDA:0,(anonymous_0)
FNDA:0,(anonymous_1)
FNDA:0,(anonymous_2)
FNDA:0,(anonymous_3)
FNDA:0,(anonymous_4)
FNDA:0,(anonymous_5)
FNDA:0,(anonymous_6)
FNDA:0,(anonymous_7)
FNDA:0,(anonymous_8)
FNDA:0,(anonymous_9)
DA:5,0
DA:6,0
DA:7,0
DA:11,0
DA:13,0
DA:14,0
DA:15,0
DA:17,0
DA:20,0
DA:21,0
DA:24,0
DA:25,0
DA:27,0
DA:28,0
DA:32,0
DA:35,0
DA:36,0
DA:44,0
DA:49,0
DA:52,0
DA:53,0
DA:59,0
DA:60,0
DA:66,0
DA:75,0
DA:77,0
DA:81,0
LF:27
LH:0
BRDA:11,0,0,0
BRDA:11,0,1,0
BRDA:11,1,0,0
BRDA:11,1,1,0
BRDA:13,2,0,0
BRDA:13,2,1,0
BRDA:28,3,0,0
BRDA:28,3,1,0
BRDA:29,4,0,0
BRDA:29,4,1,0
BRDA:29,4,2,0
BRDA:35,5,0,0
BRDA:35,5,1,0
BRDA:44,6,0,0
BRDA:44,6,1,0
BRDA:45,7,0,0
BRDA:45,7,1,0
BRDA:45,7,2,0
BRDA:67,8,0,0
BRDA:67,8,1,0
BRDA:67,8,2,0
BRDA:67,8,3,0
BRDA:75,9,0,0
BRDA:75,9,1,0
BRDA:81,10,0,0
BRDA:81,10,1,0
BRF:26
BRH:0
end_of_record
TN:
SF:/Applications/MAMP/htdocs/WTF-Adventure/src/client/js/entity/sprite.js
FN:6,(anonymous_0)
FN:21,(anonymous_1)
FN:28,(anonymous_2)
FN:39,(anonymous_3)
FN:55,(anonymous_4)
FN:63,(anonymous_5)
FN:89,(anonymous_6)
FN:142,(anonymous_7)
FN:159,(anonymous_8)
FNF:9
FNH:0
FNDA:0,(anonymous_0)
FNDA:0,(anonymous_1)
FNDA:0,(anonymous_2)
FNDA:0,(anonymous_3)
FNDA:0,(anonymous_4)
FNDA:0,(anonymous_5)
FNDA:0,(anonymous_6)
FNDA:0,(anonymous_7)
FNDA:0,(anonymous_8)
DA:9,0
DA:10,0
DA:11,0
DA:12,0
DA:13,0
DA:14,0
DA:15,0
DA:16,0
DA:18,0
DA:22,0
DA:24,0
DA:25,0
DA:26,0
DA:28,0
DA:29,0
DA:30,0
DA:32,0
DA:33,0
DA:34,0
DA:42,0
DA:44,0
DA:45,0
DA:47,0
DA:48,0
DA:50,0
DA:51,0
DA:52,0
DA:56,0
DA:57,0
DA:59,0
DA:60,0
DA:64,0
DA:66,0
DA:68,0
DA:69,0
DA:70,0
DA:72,0
DA:82,0
DA:90,0
DA:91,0
DA:92,0
DA:95,0
DA:96,0
DA:99,0
DA:100,0
DA:103,0
DA:104,0
DA:106,0
DA:108,0
DA:109,0
DA:118,0
DA:120,0
DA:121,0
DA:122,0
DA:125,0
DA:127,0
DA:129,0
DA:138,0
DA:143,0
DA:145,0
DA:146,0
DA:147,0
DA:150,0
DA:152,0
DA:154,0
DA:155,0
DA:160,0
DA:161,0
LF:68
LH:0
BRDA:32,0,0,0
BRDA:32,0,1,0
BRDA:50,1,0,0
BRDA:50,1,1,0
BRDA:51,2,0,0
BRDA:51,2,1,0
BRDA:52,3,0,0
BRDA:52,3,1,0
BRDA:69,4,0,0
BRDA:69,4,1,0
BRDA:90,5,0,0
BRDA:90,5,1,0
BRDA:95,6,0,0
BRDA:95,6,1,0
BRDA:146,7,0,0
BRDA:146,7,1,0
BRF:16
BRH:0
end_of_record
TN:
SF:/Applications/MAMP/htdocs/WTF-Adventure/src/client/js/entity/character/character.js
FN:8,(anonymous_0)
FN:56,(anonymous_1)
FN:60,(anonymous_2)
FN:70,(anonymous_3)
FN:83,(anonymous_4)
FN:91,(anonymous_5)
FN:103,(anonymous_6)
FN:135,(anonymous_7)
FN:144,(anonymous_8)
FN:151,(anonymous_9)
FN:157,(anonymous_10)
FN:164,(anonymous_11)
FN:170,(anonymous_12)
FN:174,(anonymous_13)
FN:180,(anonymous_14)
FN:200,(anonymous_15)
FN:206,(anonymous_16)
FN:217,(anonymous_17)
FN:233,(anonymous_18)
FN:293,(anonymous_19)
FN:315,(anonymous_20)
FN:334,(anonymous_21)
FN:346,(anonymous_22)
FN:358,(anonymous_23)
FN:378,(anonymous_24)
FN:402,(anonymous_25)
FN:409,(anonymous_26)
FN:414,(anonymous_27)
FN:420,(anonymous_28)
FN:428,(anonymous_29)
FN:432,(anonymous_30)
FN:439,(anonymous_31)
FN:440,(anonymous_32)
FN:445,(anonymous_33)
FN:449,(anonymous_34)
FN:453,(anonymous_35)
FN:457,(anonymous_36)
FN:461,(anonymous_37)
FN:465,(anonymous_38)
FN:469,(anonymous_39)
FN:473,(anonymous_40)
FN:479,(anonymous_41)
FN:483,(anonymous_42)
FN:489,(anonymous_43)
FN:502,(anonymous_44)
FN:508,(anonymous_45)
FN:512,(anonymous_46)
FN:516,(anonymous_47)
FN:520,(anonymous_48)
FN:524,(anonymous_49)
FN:528,(anonymous_50)
FN:532,(anonymous_51)
FN:536,(anonymous_52)
FN:540,(anonymous_53)
FN:544,(anonymous_54)
FNF:55
FNH:0
FNDA:0,(anonymous_0)
FNDA:0,(anonymous_1)
FNDA:0,(anonymous_2)
FNDA:0,(anonymous_3)
FNDA:0,(anonymous_4)
FNDA:0,(anonymous_5)
FNDA:0,(anonymous_6)
FNDA:0,(anonymous_7)
FNDA:0,(anonymous_8)
FNDA:0,(anonymous_9)
FNDA:0,(anonymous_10)
FNDA:0,(anonymous_11)
FNDA:0,(anonymous_12)
FNDA:0,(anonymous_13)
FNDA:0,(anonymous_14)
FNDA:0,(anonymous_15)
FNDA:0,(anonymous_16)
FNDA:0,(anonymous_17)
FNDA:0,(anonymous_18)
FNDA:0,(anonymous_19)
FNDA:0,(anonymous_20)
FNDA:0,(anonymous_21)
FNDA:0,(anonymous_22)
FNDA:0,(anonymous_23)
FNDA:0,(anonymous_24)
FNDA:0,(anonymous_25)
FNDA:0,(anonymous_26)
FNDA:0,(anonymous_27)
FNDA:0,(anonymous_28)
FNDA:0,(anonymous_29)
FNDA:0,(anonymous_30)
FNDA:0,(anonymous_31)
FNDA:0,(anonymous_32)
FNDA:0,(anonymous_33)
FNDA:0,(anonymous_34)
FNDA:0,(anonymous_35)
FNDA:0,(anonymous_36)
FNDA:0,(anonymous_37)
FNDA:0,(anonymous_38)
FNDA:0,(anonymous_39)
FNDA:0,(anonymous_40)
FNDA:0,(anonymous_41)
FNDA:0,(anonymous_42)
FNDA:0,(anonymous_43)
FNDA:0,(anonymous_44)
FNDA:0,(anonymous_45)
FNDA:0,(anonymous_46)
FNDA:0,(anonymous_47)
FNDA:0,(anonymous_48)
FNDA:0,(anonymous_49)
FNDA:0,(anonymous_50)
FNDA:0,(anonymous_51)
FNDA:0,(anonymous_52)
FNDA:0,(anonymous_53)
FNDA:0,(anonymous_54)
DA:9,0
DA:11,0
DA:12,0
DA:13,0
DA:14,0
DA:16,0
DA:18,0
DA:19,0
DA:20,0
DA:21,0
DA:23,0
DA:24,0
DA:26,0
DA:27,0
DA:28,0
DA:29,0
DA:31,0
DA:32,0
DA:33,0
DA:34,0
DA:36,0
DA:37,0
DA:39,0
DA:41,0
DA:43,0
DA:44,0
DA:45,0
DA:46,0
DA:48,0
DA:49,0
DA:51,0
DA:53,0
DA:57,0
DA:58,0
DA:60,0
DA:61,0
DA:63,0
DA:64,0
DA:67,0
DA:68,0
DA:70,0
DA:71,0
DA:73,0
DA:74,0
DA:77,0
DA:78,0
DA:80,0
DA:81,0
DA:83,0
DA:84,0
DA:86,0
DA:87,0
DA:92,0
DA:96,0
DA:98,0
DA:100,0
DA:101,0
DA:103,0
DA:104,0
DA:106,0
DA:108,0
DA:111,0
DA:114,0
DA:117,0
DA:119,0
DA:123,0
DA:124,0
DA:129,0
DA:132,0
DA:136,0
DA:137,0
DA:138,0
DA:139,0
DA:141,0
DA:145,0
DA:147,0
DA:148,0
DA:152,0
DA:154,0
DA:158,0
DA:159,0
DA:161,0
DA:165,0
DA:167,0
DA:171,0
DA:175,0
DA:177,0
DA:181,0
DA:183,0
DA:185,0
DA:186,0
DA:189,0
DA:190,0
DA:193,0
DA:194,0
DA:196,0
DA:201,0
DA:203,0
DA:207,0
DA:209,0
DA:210,0
DA:211,0
DA:214,0
DA:218,0
DA:234,0
DA:237,0
DA:238,0
DA:241,0
DA:242,0
DA:244,0
DA:246,0
DA:248,0
DA:250,0
DA:251,0
DA:252,0
DA:253,0
DA:256,0
DA:258,0
DA:261,0
DA:264,0
DA:266,0
DA:268,0
DA:270,0
DA:272,0
DA:273,0
DA:274,0
DA:275,0
DA:276,0
DA:277,0
DA:279,0
DA:280,0
DA:283,0
DA:284,0
DA:285,0
DA:287,0
DA:289,0
DA:296,0
DA:298,0
DA:299,0
DA:302,0
DA:303,0
DA:306,0
DA:307,0
DA:310,0
DA:311,0
DA:322,0
DA:324,0
DA:325,0
DA:327,0
DA:329,0
DA:331,0
DA:335,0
DA:340,0
DA:342,0
DA:343,0
DA:347,0
DA:348,0
DA:349,0
DA:350,0
DA:351,0
DA:352,0
DA:353,0
DA:354,0
DA:359,0
DA:360,0
DA:363,0
DA:364,0
DA:367,0
DA:368,0
DA:371,0
DA:372,0
DA:375,0
DA:379,0
DA:380,0
DA:383,0
DA:384,0
DA:387,0
DA:388,0
DA:391,0
DA:392,0
DA:395,0
DA:403,0
DA:405,0
DA:406,0
DA:409,0
DA:410,0
DA:415,0
DA:416,0
DA:417,0
DA:421,0
DA:422,0
DA:425,0
DA:429,0
DA:433,0
DA:440,0
DA:441,0
DA:446,0
DA:450,0
DA:454,0
DA:458,0
DA:462,0
DA:466,0
DA:470,0
DA:474,0
DA:476,0
DA:480,0
DA:484,0
DA:486,0
DA:490,0
DA:491,0
DA:492,0
DA:495,0
DA:497,0
DA:499,0
DA:503,0
DA:505,0
DA:509,0
DA:513,0
DA:517,0
DA:521,0
DA:525,0
DA:529,0
DA:533,0
DA:537,0
DA:541,0
DA:545,0
LF:226
LH:0
BRDA:98,0,0,0
BRDA:98,0,1,0
BRDA:98,1,0,0
BRDA:98,1,1,0
BRDA:106,2,0,0
BRDA:106,2,1,0
BRDA:106,2,2,0
BRDA:106,2,3,0
BRDA:106,2,4,0
BRDA:123,3,0,0
BRDA:123,3,1,0
BRDA:126,4,0,0
BRDA:126,4,1,0
BRDA:136,5,0,0
BRDA:136,5,1,0
BRDA:137,6,0,0
BRDA:137,6,1,0
BRDA:138,7,0,0
BRDA:138,7,1,0
BRDA:139,8,0,0
BRDA:139,8,1,0
BRDA:165,9,0,0
BRDA:165,9,1,0
BRDA:171,10,0,0
BRDA:171,10,1,0
BRDA:175,11,0,0
BRDA:175,11,1,0
BRDA:183,12,0,0
BRDA:183,12,1,0
BRDA:183,12,2,0
BRDA:183,12,3,0
BRDA:201,13,0,0
BRDA:201,13,1,0
BRDA:207,14,0,0
BRDA:207,14,1,0
BRDA:209,15,0,0
BRDA:209,15,1,0
BRDA:237,16,0,0
BRDA:237,16,1,0
BRDA:237,17,0,0
BRDA:237,17,1,0
BRDA:244,18,0,0
BRDA:244,18,1,0
BRDA:246,19,0,0
BRDA:246,19,1,0
BRDA:250,20,0,0
BRDA:250,20,1,0
BRDA:251,21,0,0
BRDA:251,21,1,0
BRDA:256,22,0,0
BRDA:256,22,1,0
BRDA:258,23,0,0
BRDA:258,23,1,0
BRDA:268,24,0,0
BRDA:268,24,1,0
BRDA:272,25,0,0
BRDA:272,25,1,0
BRDA:274,26,0,0
BRDA:274,26,1,0
BRDA:283,27,0,0
BRDA:283,27,1,0
BRDA:287,28,0,0
BRDA:287,28,1,0
BRDA:289,29,0,0
BRDA:289,29,1,0
BRDA:298,30,0,0
BRDA:298,30,1,0
BRDA:302,31,0,0
BRDA:302,31,1,0
BRDA:306,32,0,0
BRDA:306,32,1,0
BRDA:310,33,0,0
BRDA:310,33,1,0
BRDA:322,34,0,0
BRDA:322,34,1,0
BRDA:322,35,0,0
BRDA:322,35,1,0
BRDA:327,36,0,0
BRDA:327,36,1,0
BRDA:329,37,0,0
BRDA:329,37,1,0
BRDA:342,38,0,0
BRDA:342,38,1,0
BRDA:342,39,0,0
BRDA:342,39,1,0
BRDA:347,40,0,0
BRDA:347,40,1,0
BRDA:348,41,0,0
BRDA:348,41,1,0
BRDA:359,42,0,0
BRDA:359,42,1,0
BRDA:363,43,0,0
BRDA:363,43,1,0
BRDA:367,44,0,0
BRDA:367,44,1,0
BRDA:371,45,0,0
BRDA:371,45,1,0
BRDA:379,46,0,0
BRDA:379,46,1,0
BRDA:383,47,0,0
BRDA:383,47,1,0
BRDA:387,48,0,0
BRDA:387,48,1,0
BRDA:391,49,0,0
BRDA:391,49,1,0
BRDA:405,50,0,0
BRDA:405,50,1,0
BRDA:421,51,0,0
BRDA:421,51,1,0
BRDA:434,52,0,0
BRDA:434,52,1,0
BRDA:434,52,2,0
BRDA:474,53,0,0
BRDA:474,53,1,0
BRDA:486,54,0,0
BRDA:486,54,1,0
BRDA:490,55,0,0
BRDA:490,55,1,0
BRDA:495,56,0,0
BRDA:495,56,1,0
BRDA:495,57,0,0
BRDA:495,57,1,0
BRDA:497,58,0,0
BRDA:497,58,1,0
BRDA:505,59,0,0
BRDA:505,59,1,0
BRF:126
BRH:0
end_of_record
TN:
SF:/Applications/MAMP/htdocs/WTF-Adventure/src/client/js/entity/character/mob/mob.js
FN:4,(anonymous_0)
FN:15,(anonymous_1)
FNF:2
FNH:0
FNDA:0,(anonymous_0)
FNDA:0,(anonymous_1)
DA:5,0
DA:7,0
DA:9,0
DA:10,0
DA:12,0
DA:16,0
LF:6
LH:0
BRF:0
BRH:0
end_of_record
TN:
SF:/Applications/MAMP/htdocs/WTF-Adventure/src/client/js/entity/character/npc/npc.js
FN:4,(anonymous_0)
FN:11,(anonymous_1)
FNF:2
FNH:0
FNDA:0,(anonymous_0)
FNDA:0,(anonymous_1)
DA:5,0
DA:7,0
DA:8,0
DA:12,0
DA:15,0
DA:16,0
DA:19,0
DA:20,0
DA:23,0
DA:25,0
LF:10
LH:0
BRDA:15,0,0,0
BRDA:15,0,1,0
BRDA:19,1,0,0
BRDA:19,1,1,0
BRF:4
BRH:0
end_of_record
TN:
SF:/Applications/MAMP/htdocs/WTF-Adventure/src/client/js/entity/character/player/player.js
FN:15,(anonymous_0)
FN:51,(anonymous_1)
FN:70,(anonymous_2)
FN:75,(anonymous_3)
FN:79,(anonymous_4)
FN:83,(anonymous_5)
FN:91,(anonymous_6)
FN:95,(anonymous_7)
FN:99,(anonymous_8)
FN:104,(anonymous_9)
FN:109,(anonymous_10)
FN:113,(anonymous_11)
FN:117,(anonymous_12)
FN:121,(anonymous_13)
FN:125,(anonymous_14)
FN:138,(anonymous_15)
FN:221,(anonymous_16)
FN:247,(anonymous_17)
FN:251,(anonymous_18)
FN:257,(anonymous_19)
FNF:20
FNH:0
FNDA:0,(anonymous_0)
FNDA:0,(anonymous_1)
FNDA:0,(anonymous_2)
FNDA:0,(anonymous_3)
FNDA:0,(anonymous_4)
FNDA:0,(anonymous_5)
FNDA:0,(anonymous_6)
FNDA:0,(anonymous_7)
FNDA:0,(anonymous_8)
FNDA:0,(anonymous_9)
FNDA:0,(anonymous_10)
FNDA:0,(anonymous_11)
FNDA:0,(anonymous_12)
FNDA:0,(anonymous_13)
FNDA:0,(anonymous_14)
FNDA:0,(anonymous_15)
FNDA:0,(anonymous_16)
FNDA:0,(anonymous_17)
FNDA:0,(anonymous_18)
FNDA:0,(anonymous_19)
DA:16,0
DA:18,0
DA:19,0
DA:20,0
DA:22,0
DA:24,0
DA:25,0
DA:26,0
DA:27,0
DA:28,0
DA:29,0
DA:31,0
DA:32,0
DA:33,0
DA:34,0
DA:36,0
DA:37,0
DA:39,0
DA:40,0
DA:42,0
DA:43,0
DA:44,0
DA:45,0
DA:46,0
DA:48,0
DA:52,0
DA:53,0
DA:54,0
DA:56,0
DA:57,0
DA:58,0
DA:60,0
DA:61,0
DA:62,0
DA:64,0
DA:71,0
DA:72,0
DA:76,0
DA:80,0
DA:84,0
DA:85,0
DA:86,0
DA:87,0
DA:88,0
DA:92,0
DA:96,0
DA:100,0
DA:101,0
DA:105,0
DA:106,0
DA:110,0
DA:114,0
DA:118,0
DA:122,0
DA:126,0
DA:127,0
DA:128,0
DA:129,0
DA:131,0
DA:132,0
DA:134,0
DA:135,0
DA:139,0
DA:140,0
DA:141,0
DA:142,0
DA:143,0
DA:145,0
DA:147,0
DA:149,0
DA:150,0
DA:158,0
DA:161,0
DA:162,0
DA:165,0
DA:168,0
DA:169,0
DA:177,0
DA:180,0
DA:182,0
DA:185,0
DA:186,0
DA:194,0
DA:197,0
DA:200,0
DA:201,0
DA:203,0
DA:206,0
DA:209,0
DA:210,0
DA:212,0
DA:215,0
DA:217,0
DA:222,0
DA:224,0
DA:225,0
DA:228,0
DA:229,0
DA:232,0
DA:233,0
DA:236,0
DA:237,0
DA:240,0
DA:241,0
DA:243,0
DA:248,0
DA:250,0
DA:251,0
DA:252,0
DA:258,0
LF:110
LH:0
BRDA:76,0,0,0
BRDA:76,0,1,0
BRDA:76,0,2,0
BRDA:76,0,3,0
BRDA:92,1,0,0
BRDA:92,1,1,0
BRDA:96,2,0,0
BRDA:96,2,1,0
BRDA:106,3,0,0
BRDA:106,3,1,0
BRDA:147,4,0,0
BRDA:147,4,1,0
BRDA:147,4,2,0
BRDA:147,4,3,0
BRDA:147,4,4,0
BRDA:147,4,5,0
BRDA:149,5,0,0
BRDA:149,5,1,0
BRDA:161,6,0,0
BRDA:161,6,1,0
BRDA:168,7,0,0
BRDA:168,7,1,0
BRDA:180,8,0,0
BRDA:180,8,1,0
BRDA:185,9,0,0
BRDA:185,9,1,0
BRDA:200,10,0,0
BRDA:200,10,1,0
BRDA:209,11,0,0
BRDA:209,11,1,0
BRDA:222,12,0,0
BRDA:222,12,1,0
BRDA:222,12,2,0
BRDA:222,12,3,0
BRDA:222,12,4,0
BRDA:222,12,5,0
BRDA:250,13,0,0
BRDA:250,13,1,0
BRF:38
BRH:0
end_of_record
TN:
SF:/Applications/MAMP/htdocs/WTF-Adventure/src/client/js/entity/character/player/playerhandler.js
FN:8,(anonymous_0)
FN:20,(anonymous_1)
FN:21,(anonymous_2)
FN:39,(anonymous_3)
FN:59,(anonymous_4)
FN:97,(anonymous_5)
FN:110,(anonymous_6)
FN:115,(anonymous_7)
FN:126,(anonymous_8)
FN:130,(anonymous_9)
FN:142,(anonymous_10)
FN:148,(anonymous_11)
FN:160,(anonymous_12)
FNF:13
FNH:0
FNDA:0,(anonymous_0)
FNDA:0,(anonymous_1)
FNDA:0,(anonymous_2)
FNDA:0,(anonymous_3)
FNDA:0,(anonymous_4)
FNDA:0,(anonymous_5)
FNDA:0,(anonymous_6)
FNDA:0,(anonymous_7)
FNDA:0,(anonymous_8)
FNDA:0,(anonymous_9)
FNDA:0,(anonymous_10)
FNDA:0,(anonymous_11)
FNDA:0,(anonymous_12)
DA:9,0
DA:10,0
DA:11,0
DA:12,0
DA:13,0
DA:14,0
DA:15,0
DA:17,0
DA:21,0
DA:22,0
DA:24,0
DA:26,0
DA:28,0
DA:36,0
DA:39,0
DA:40,0
DA:42,0
DA:43,0
DA:44,0
DA:46,0
DA:47,0
DA:50,0
DA:59,0
DA:60,0
DA:61,0
DA:63,0
DA:65,0
DA:67,0
DA:69,0
DA:73,0
DA:75,0
DA:83,0
DA:84,0
DA:91,0
DA:94,0
DA:97,0
DA:98,0
DA:100,0
DA:102,0
DA:103,0
DA:105,0
DA:106,0
DA:110,0
DA:111,0
DA:113,0
DA:115,0
DA:116,0
DA:119,0
DA:126,0
DA:127,0
DA:130,0
DA:135,0
DA:137,0
DA:138,0
DA:142,0
DA:143,0
DA:144,0
DA:151,0
DA:153,0
DA:154,0
DA:157,0
DA:161,0
DA:164,0
DA:166,0
DA:167,0
DA:168,0
DA:169,0
DA:171,0
DA:172,0
DA:173,0
LF:70
LH:0
BRDA:22,0,0,0
BRDA:22,0,1,0
BRDA:26,1,0,0
BRDA:26,1,1,0
BRDA:46,2,0,0
BRDA:46,2,1,0
BRDA:83,3,0,0
BRDA:83,3,1,0
BRDA:85,4,0,0
BRDA:85,4,1,0
BRDA:100,5,0,0
BRDA:100,5,1,0
BRDA:102,6,0,0
BRDA:102,6,1,0
BRDA:103,7,0,0
BRDA:103,7,1,0
BRDA:111,8,0,0
BRDA:111,8,1,0
BRDA:113,9,0,0
BRDA:113,9,1,0
BRDA:116,10,0,0
BRDA:116,10,1,0
BRDA:135,11,0,0
BRDA:135,11,1,0
BRDA:137,12,0,0
BRDA:137,12,1,0
BRDA:153,13,0,0
BRDA:153,13,1,0
BRDA:157,14,0,0
BRDA:157,14,1,0
BRDA:157,14,2,0
BRDA:166,15,0,0
BRDA:166,15,1,0
BRDA:167,16,0,0
BRDA:167,16,1,0
BRDA:168,17,0,0
BRDA:168,17,1,0
BRDA:169,18,0,0
BRDA:169,18,1,0
BRDA:171,19,0,0
BRDA:171,19,1,0
BRF:41
BRH:0
end_of_record
TN:
SF:/Applications/MAMP/htdocs/WTF-Adventure/src/client/js/entity/character/player/equipment/armour.js
FN:4,(anonymous_0)
FN:11,(anonymous_1)
FN:15,(anonymous_2)
FNF:3
FNH:0
FNDA:0,(anonymous_0)
FNDA:0,(anonymous_1)
FNDA:0,(anonymous_2)
DA:5,0
DA:7,0
DA:8,0
DA:12,0
DA:16,0
LF:5
LH:0
BRF:0
BRH:0
end_of_record
TN:
SF:/Applications/MAMP/htdocs/WTF-Adventure/src/client/js/entity/character/player/equipment/boots.js
FNF:0
FNH:0
LF:0
LH:0
BRF:0
BRH:0
end_of_record
TN:
SF:/Applications/MAMP/htdocs/WTF-Adventure/src/client/js/entity/character/player/equipment/equipment.js
FN:9,(anonymous_0)
FN:16,(anonymous_1)
FN:20,(anonymous_2)
FN:24,(anonymous_3)
FN:28,(anonymous_4)
FN:32,(anonymous_5)
FN:36,(anonymous_6)
FNF:7
FNH:0
FNDA:0,(anonymous_0)
FNDA:0,(anonymous_1)
FNDA:0,(anonymous_2)
FNDA:0,(anonymous_3)
FNDA:0,(anonymous_4)
FNDA:0,(anonymous_5)
FNDA:0,(anonymous_6)
DA:10,0
DA:11,0
DA:12,0
DA:13,0
DA:17,0
DA:21,0
DA:25,0
DA:29,0
DA:33,0
DA:37,0
DA:38,0
DA:39,0
DA:40,0
LF:13
LH:0
BRDA:17,0,0,0
BRDA:17,0,1,0
BRF:2
BRH:0
end_of_record
TN:
SF:/Applications/MAMP/htdocs/WTF-Adventure/src/client/js/entity/character/player/equipment/pendant.js
FNF:0
FNH:0
LF:0
LH:0
BRF:0
BRH:0
end_of_record
TN:
SF:/Applications/MAMP/htdocs/WTF-Adventure/src/client/js/entity/character/player/equipment/ring.js
FNF:0
FNH:0
LF:0
LH:0
BRF:0
BRH:0
end_of_record
TN:
SF:/Applications/MAMP/htdocs/WTF-Adventure/src/client/js/entity/character/player/equipment/weapon.js
FN:4,(anonymous_0)
FN:12,(anonymous_1)
FN:16,(anonymous_2)
FN:20,(anonymous_3)
FN:24,(anonymous_4)
FNF:5
FNH:0
FNDA:0,(anonymous_0)
FNDA:0,(anonymous_1)
FNDA:0,(anonymous_2)
FNDA:0,(anonymous_3)
FNDA:0,(anonymous_4)
DA:5,0
DA:7,0
DA:8,0
DA:9,0
DA:13,0
DA:17,0
DA:21,0
DA:25,0
LF:8
LH:0
BRF:0
BRH:0
end_of_record
TN:
SF:/Applications/MAMP/htdocs/WTF-Adventure/src/client/js/entity/objects/chest.js
FN:4,(anonymous_0)
FN:10,(anonymous_1)
FNF:2
FNH:0
FNDA:0,(anonymous_0)
FNDA:0,(anonymous_1)
DA:5,0
DA:7,0
DA:11,0
LF:3
LH:0
BRF:0
BRH:0
end_of_record
TN:
SF:/Applications/MAMP/htdocs/WTF-Adventure/src/client/js/entity/objects/item.js
FN:4,(anonymous_0)
FN:18,(anonymous_1)
FN:22,(anonymous_2)
FNF:3
FNH:0
FNDA:0,(anonymous_0)
FNDA:0,(anonymous_1)
FNDA:0,(anonymous_2)
DA:5,0
DA:7,0
DA:8,0
DA:9,0
DA:11,0
DA:12,0
DA:14,0
DA:15,0
DA:19,0
DA:23,0
LF:10
LH:0
BRF:0
BRH:0
end_of_record
TN:
SF:/Applications/MAMP/htdocs/WTF-Adventure/src/client/js/entity/objects/projectile.js
FN:4,(anonymous_0)
FN:29,(anonymous_1)
FN:33,(anonymous_2)
FN:39,(anonymous_3)
FN:46,(anonymous_4)
FN:55,(anonymous_5)
FN:71,(anonymous_6)
FN:79,(anonymous_7)
FN:83,(anonymous_8)
FN:88,(anonymous_9)
FN:92,(anonymous_10)
FN:97,(anonymous_11)
FNF:12
FNH:0
FNDA:0,(anonymous_0)
FNDA:0,(anonymous_1)
FNDA:0,(anonymous_2)
FNDA:0,(anonymous_3)
FNDA:0,(anonymous_4)
FNDA:0,(anonymous_5)
FNDA:0,(anonymous_6)
FNDA:0,(anonymous_7)
FNDA:0,(anonymous_8)
FNDA:0,(anonymous_9)
FNDA:0,(anonymous_10)
FNDA:0,(anonymous_11)
DA:5,0
DA:7,0
DA:9,0
DA:11,0
DA:12,0
DA:14,0
DA:15,0
DA:17,0
DA:18,0
DA:20,0
DA:21,0
DA:23,0
DA:25,0
DA:26,0
DA:30,0
DA:34,0
DA:35,0
DA:40,0
DA:42,0
DA:43,0
DA:47,0
DA:49,0
DA:50,0
DA:52,0
DA:56,0
DA:57,0
DA:60,0
DA:62,0
DA:63,0
DA:65,0
DA:67,0
DA:68,0
DA:71,0
DA:72,0
DA:73,0
DA:75,0
DA:80,0
DA:84,0
DA:85,0
DA:89,0
DA:93,0
DA:98,0
LF:42
LH:0
BRDA:34,0,0,0
BRDA:34,0,1,0
BRDA:56,1,0,0
BRDA:56,1,1,0
BRDA:67,2,0,0
BRDA:67,2,1,0
BRF:6
BRH:0
end_of_record
TN:
SF:/Applications/MAMP/htdocs/WTF-Adventure/src/client/js/interface/actions.js
FN:4,(anonymous_0)
FN:22,(anonymous_1)
FN:26,(anonymous_2)
FN:32,(anonymous_3)
FN:39,(anonymous_4)
FN:55,(anonymous_5)
FN:58,(anonymous_6)
FN:69,(anonymous_7)
FN:74,(anonymous_8)
FN:82,(anonymous_9)
FN:86,(anonymous_10)
FN:95,(anonymous_11)
FN:101,(anonymous_12)
FN:108,(anonymous_13)
FN:112,(anonymous_14)
FN:116,(anonymous_15)
FN:123,(anonymous_16)
FN:129,(anonymous_17)
FN:133,(anonymous_18)
FN:137,(anonymous_19)
FN:141,(anonymous_20)
FNF:21
FNH:0
FNDA:0,(anonymous_0)
FNDA:0,(anonymous_1)
FNDA:0,(anonymous_2)
FNDA:0,(anonymous_3)
FNDA:0,(anonymous_4)
FNDA:0,(anonymous_5)
FNDA:0,(anonymous_6)
FNDA:0,(anonymous_7)
FNDA:0,(anonymous_8)
FNDA:0,(anonymous_9)
FNDA:0,(anonymous_10)
FNDA:0,(anonymous_11)
FNDA:0,(anonymous_12)
FNDA:0,(anonymous_13)
FNDA:0,(anonymous_14)
FNDA:0,(anonymous_15)
FNDA:0,(anonymous_16)
FNDA:0,(anonymous_17)
FNDA:0,(anonymous_18)
FNDA:0,(anonymous_19)
FNDA:0,(anonymous_20)
DA:5,0
DA:7,0
DA:8,0
DA:9,0
DA:11,0
DA:12,0
DA:13,0
DA:15,0
DA:17,0
DA:19,0
DA:23,0
DA:24,0
DA:26,0
DA:27,0
DA:28,0
DA:32,0
DA:33,0
DA:34,0
DA:40,0
DA:42,0
DA:44,0
DA:46,0
DA:47,0
DA:48,0
DA:51,0
DA:56,0
DA:58,0
DA:59,0
DA:60,0
DA:64,0
DA:65,0
DA:70,0
DA:71,0
DA:75,0
DA:77,0
DA:78,0
DA:83,0
DA:87,0
DA:89,0
DA:90,0
DA:95,0
DA:96,0
DA:98,0
DA:101,0
DA:102,0
DA:104,0
DA:109,0
DA:113,0
DA:117,0
DA:118,0
DA:119,0
DA:120,0
DA:124,0
DA:125,0
DA:126,0
DA:130,0
DA:134,0
DA:138,0
DA:142,0
LF:59
LH:0
BRDA:27,0,0,0
BRDA:27,0,1,0
BRDA:33,1,0,0
BRDA:33,1,1,0
BRDA:42,2,0,0
BRDA:42,2,1,0
BRDA:42,2,2,0
BRDA:59,3,0,0
BRDA:59,3,1,0
BRDA:64,4,0,0
BRDA:64,4,1,0
BRDA:87,5,0,0
BRDA:87,5,1,0
BRF:13
BRH:0
end_of_record
TN:
SF:/Applications/MAMP/htdocs/WTF-Adventure/src/client/js/interface/bank.js
FN:6,(anonymous_0)
FN:16,(anonymous_1)
FN:21,(anonymous_2)
FN:45,(anonymous_3)
FN:92,(anonymous_4)
FN:116,(anonymous_5)
FN:167,(anonymous_6)
FN:178,(anonymous_7)
FN:210,(anonymous_8)
FN:230,(anonymous_9)
FN:254,(anonymous_10)
FN:267,(anonymous_11)
FN:271,(anonymous_12)
FN:275,(anonymous_13)
FN:279,(anonymous_14)
FN:283,(anonymous_15)
FN:287,(anonymous_16)
FN:291,(anonymous_17)
FNF:18
FNH:0
FNDA:0,(anonymous_0)
FNDA:0,(anonymous_1)
FNDA:0,(anonymous_2)
FNDA:0,(anonymous_3)
FNDA:0,(anonymous_4)
FNDA:0,(anonymous_5)
FNDA:0,(anonymous_6)
FNDA:0,(anonymous_7)
FNDA:0,(anonymous_8)
FNDA:0,(anonymous_9)
FNDA:0,(anonymous_10)
FNDA:0,(anonymous_11)
FNDA:0,(anonymous_12)
FNDA:0,(anonymous_13)
FNDA:0,(anonymous_14)
FNDA:0,(anonymous_15)
FNDA:0,(anonymous_16)
FNDA:0,(anonymous_17)
DA:7,0
DA:8,0
DA:9,0
DA:10,0
DA:11,0
DA:12,0
DA:13,0
DA:14,0
DA:15,0
DA:16,0
DA:17,0
DA:22,0
DA:23,0
DA:25,0
DA:26,0
DA:27,0
DA:29,0
DA:31,0
DA:36,0
DA:38,0
DA:39,0
DA:45,0
DA:46,0
DA:49,0
DA:50,0
DA:53,0
DA:54,0
DA:58,0
DA:64,0
DA:66,0
DA:67,0
DA:70,0
DA:71,0
DA:72,0
DA:76,0
DA:81,0
DA:85,0
DA:86,0
DA:92,0
DA:93,0
DA:96,0
DA:97,0
DA:100,0
DA:101,0
DA:105,0
DA:110,0
DA:111,0
DA:112,0
DA:117,0
DA:118,0
DA:120,0
DA:121,0
DA:122,0
DA:123,0
DA:125,0
DA:130,0
DA:136,0
DA:137,0
DA:139,0
DA:146,0
DA:147,0
DA:148,0
DA:149,0
DA:151,0
DA:156,0
DA:157,0
DA:159,0
DA:168,0
DA:169,0
DA:171,0
DA:179,0
DA:180,0
DA:182,0
DA:183,0
DA:186,0
DA:187,0
DA:190,0
DA:192,0
DA:193,0
DA:194,0
DA:196,0
DA:201,0
DA:202,0
DA:205,0
DA:206,0
DA:211,0
DA:212,0
DA:214,0
DA:215,0
DA:218,0
DA:220,0
DA:221,0
DA:223,0
DA:224,0
DA:226,0
DA:231,0
DA:233,0
DA:234,0
DA:237,0
DA:238,0
DA:240,0
DA:245,0
DA:246,0
DA:249,0
DA:250,0
DA:255,0
DA:257,0
DA:258,0
DA:261,0
DA:263,0
DA:264,0
DA:268,0
DA:272,0
DA:276,0
DA:280,0
DA:284,0
DA:288,0
DA:292,0
LF:118
LH:0
BRDA:38,0,0,0
BRDA:38,0,1,0
BRDA:49,1,0,0
BRDA:49,1,1,0
BRDA:55,2,0,0
BRDA:55,2,1,0
BRDA:85,3,0,0
BRDA:85,3,1,0
BRDA:96,4,0,0
BRDA:96,4,1,0
BRDA:102,5,0,0
BRDA:102,5,1,0
BRDA:136,6,0,0
BRDA:136,6,1,0
BRDA:156,7,0,0
BRDA:156,7,1,0
BRDA:169,8,0,0
BRDA:169,8,1,0
BRDA:182,9,0,0
BRDA:182,9,1,0
BRDA:182,10,0,0
BRDA:182,10,1,0
BRDA:186,11,0,0
BRDA:186,11,1,0
BRDA:201,12,0,0
BRDA:201,12,1,0
BRDA:205,13,0,0
BRDA:205,13,1,0
BRDA:214,14,0,0
BRDA:214,14,1,0
BRDA:214,15,0,0
BRDA:214,15,1,0
BRDA:220,16,0,0
BRDA:220,16,1,0
BRDA:233,17,0,0
BRDA:233,17,1,0
BRDA:245,18,0,0
BRDA:245,18,1,0
BRDA:249,19,0,0
BRDA:249,19,1,0
BRDA:257,20,0,0
BRDA:257,20,1,0
BRF:42
BRH:0
end_of_record
TN:
SF:/Applications/MAMP/htdocs/WTF-Adventure/src/client/js/interface/enchant.js
FN:5,(anonymous_0)
FN:21,(anonymous_1)
FN:25,(anonymous_2)
FN:30,(anonymous_3)
FN:72,(anonymous_4)
FN:110,(anonymous_5)
FN:120,(anonymous_6)
FN:127,(anonymous_7)
FN:131,(anonymous_8)
FN:136,(anonymous_9)
FN:140,(anonymous_10)
FN:147,(anonymous_11)
FN:154,(anonymous_12)
FN:158,(anonymous_13)
FN:162,(anonymous_14)
FN:167,(anonymous_15)
FN:173,(anonymous_16)
FN:177,(anonymous_17)
FN:181,(anonymous_18)
FN:185,(anonymous_19)
FNF:20
FNH:0
FNDA:0,(anonymous_0)
FNDA:0,(anonymous_1)
FNDA:0,(anonymous_2)
FNDA:0,(anonymous_3)
FNDA:0,(anonymous_4)
FNDA:0,(anonymous_5)
FNDA:0,(anonymous_6)
FNDA:0,(anonymous_7)
FNDA:0,(anonymous_8)
FNDA:0,(anonymous_9)
FNDA:0,(anonymous_10)
FNDA:0,(anonymous_11)
FNDA:0,(anonymous_12)
FNDA:0,(anonymous_13)
FNDA:0,(anonymous_14)
FNDA:0,(anonymous_15)
FNDA:0,(anonymous_16)
FNDA:0,(anonymous_17)
FNDA:0,(anonymous_18)
FNDA:0,(anonymous_19)
DA:6,0
DA:7,0
DA:8,0
DA:9,0
DA:10,0
DA:11,0
DA:12,0
DA:13,0
DA:14,0
DA:16,0
DA:21,0
DA:22,0
DA:25,0
DA:26,0
DA:31,0
DA:34,0
DA:36,0
DA:38,0
DA:40,0
DA:45,0
DA:48,0
DA:55,0
DA:57,0
DA:58,0
DA:61,0
DA:64,0
DA:66,0
DA:73,0
DA:74,0
DA:77,0
DA:79,0
DA:81,0
DA:83,0
DA:88,0
DA:90,0
DA:92,0
DA:95,0
DA:100,0
DA:102,0
DA:104,0
DA:106,0
DA:111,0
DA:112,0
DA:114,0
DA:116,0
DA:117,0
DA:118,0
DA:120,0
DA:121,0
DA:124,0
DA:127,0
DA:128,0
DA:131,0
DA:132,0
DA:137,0
DA:141,0
DA:148,0
DA:155,0
DA:159,0
DA:163,0
DA:164,0
DA:168,0
DA:169,0
DA:170,0
DA:174,0
DA:178,0
DA:182,0
DA:186,0
LF:68
LH:0
BRDA:36,0,0,0
BRDA:36,0,1,0
BRDA:36,0,2,0
BRDA:57,1,0,0
BRDA:57,1,1,0
BRDA:79,2,0,0
BRDA:79,2,1,0
BRDA:79,2,2,0
BRDA:88,3,0,0
BRDA:88,3,1,0
BRDA:100,4,0,0
BRDA:100,4,1,0
BRF:12
BRH:0
end_of_record
TN:
SF:/Applications/MAMP/htdocs/WTF-Adventure/src/client/js/interface/inventory.js
FN:6,(anonymous_0)
FN:18,(anonymous_1)
FN:37,(anonymous_2)
FN:41,(anonymous_3)
FN:55,(anonymous_4)
FN:63,(anonymous_5)
FN:94,(anonymous_6)
FN:115,(anonymous_7)
FN:176,(anonymous_8)
FN:211,(anonymous_9)
FN:230,(anonymous_10)
FN:250,(anonymous_11)
FN:258,(anonymous_12)
FN:263,(anonymous_13)
FN:271,(anonymous_14)
FN:275,(anonymous_15)
FN:279,(anonymous_16)
FN:285,(anonymous_17)
FNF:18
FNH:0
FNDA:0,(anonymous_0)
FNDA:0,(anonymous_1)
FNDA:0,(anonymous_2)
FNDA:0,(anonymous_3)
FNDA:0,(anonymous_4)
FNDA:0,(anonymous_5)
FNDA:0,(anonymous_6)
FNDA:0,(anonymous_7)
FNDA:0,(anonymous_8)
FNDA:0,(anonymous_9)
FNDA:0,(anonymous_10)
FNDA:0,(anonymous_11)
FNDA:0,(anonymous_12)
FNDA:0,(anonymous_13)
FNDA:0,(anonymous_14)
FNDA:0,(anonymous_15)
FNDA:0,(anonymous_16)
FNDA:0,(anonymous_17)
DA:7,0
DA:8,0
DA:9,0
DA:10,0
DA:11,0
DA:12,0
DA:13,0
DA:14,0
DA:15,0
DA:19,0
DA:21,0
DA:22,0
DA:24,0
DA:26,0
DA:28,0
DA:29,0
DA:35,0
DA:37,0
DA:38,0
DA:41,0
DA:42,0
DA:45,0
DA:47,0
DA:48,0
DA:52,0
DA:55,0
DA:56,0
DA:58,0
DA:59,0
DA:64,0
DA:65,0
DA:66,0
DA:68,0
DA:70,0
DA:71,0
DA:74,0
DA:75,0
DA:77,0
DA:78,0
DA:80,0
DA:81,0
DA:84,0
DA:86,0
DA:88,0
DA:89,0
DA:91,0
DA:95,0
DA:96,0
DA:98,0
DA:99,0
DA:102,0
DA:103,0
DA:105,0
DA:107,0
DA:108,0
DA:110,0
DA:112,0
DA:116,0
DA:118,0
DA:119,0
DA:122,0
DA:124,0
DA:127,0
DA:131,0
DA:133,0
DA:136,0
DA:138,0
DA:140,0
DA:144,0
DA:147,0
DA:150,0
DA:152,0
DA:153,0
DA:156,0
DA:161,0
DA:162,0
DA:164,0
DA:167,0
DA:168,0
DA:170,0
DA:173,0
DA:177,0
DA:178,0
DA:180,0
DA:181,0
DA:184,0
DA:185,0
DA:195,0
DA:197,0
DA:199,0
DA:204,0
DA:206,0
DA:212,0
DA:213,0
DA:215,0
DA:216,0
DA:219,0
DA:221,0
DA:223,0
DA:224,0
DA:225,0
DA:226,0
DA:231,0
DA:233,0
DA:234,0
DA:235,0
DA:237,0
DA:238,0
DA:239,0
DA:241,0
DA:251,0
DA:253,0
DA:254,0
DA:255,0
DA:259,0
DA:260,0
DA:264,0
DA:266,0
DA:267,0
DA:268,0
DA:272,0
DA:276,0
DA:280,0
DA:286,0
LF:124
LH:0
BRDA:28,0,0,0
BRDA:28,0,1,0
BRDA:35,1,0,0
BRDA:35,1,1,0
BRDA:49,2,0,0
BRDA:49,2,1,0
BRDA:58,3,0,0
BRDA:58,3,1,0
BRDA:70,4,0,0
BRDA:70,4,1,0
BRDA:70,5,0,0
BRDA:70,5,1,0
BRDA:77,6,0,0
BRDA:77,6,1,0
BRDA:78,7,0,0
BRDA:78,7,1,0
BRDA:80,8,0,0
BRDA:80,8,1,0
BRDA:98,9,0,0
BRDA:98,9,1,0
BRDA:98,10,0,0
BRDA:98,10,1,0
BRDA:110,11,0,0
BRDA:110,11,1,0
BRDA:116,12,0,0
BRDA:116,12,1,0
BRDA:118,13,0,0
BRDA:118,13,1,0
BRDA:118,14,0,0
BRDA:118,14,1,0
BRDA:122,15,0,0
BRDA:122,15,1,0
BRDA:122,15,2,0
BRDA:122,15,3,0
BRDA:122,15,4,0
BRDA:122,15,5,0
BRDA:138,16,0,0
BRDA:138,16,1,0
BRDA:152,17,0,0
BRDA:152,17,1,0
BRDA:152,18,0,0
BRDA:152,18,1,0
BRDA:180,19,0,0
BRDA:180,19,1,0
BRDA:180,20,0,0
BRDA:180,20,1,0
BRDA:184,21,0,0
BRDA:184,21,1,0
BRDA:204,22,0,0
BRDA:204,22,1,0
BRDA:208,23,0,0
BRDA:208,23,1,0
BRDA:215,24,0,0
BRDA:215,24,1,0
BRDA:215,25,0,0
BRDA:215,25,1,0
BRDA:223,26,0,0
BRDA:223,26,1,0
BRDA:237,27,0,0
BRDA:237,27,1,0
BRDA:238,28,0,0
BRDA:238,28,1,0
BRDA:251,29,0,0
BRDA:251,29,1,0
BRF:64
BRH:0
[...]
DA:41,0
DA:43,0
DA:44,0
DA:52,0
DA:53,0
DA:54,0
DA:55,0
DA:57,0
DA:59,0
DA:60,0
DA:61,0
DA:63,0
DA:64,0
DA:66,0
DA:68,0
DA:69,0
DA:70,0
DA:71,0
DA:73,0
DA:75,0
DA:76,0
DA:78,0
DA:79,0
DA:81,0
DA:82,0
DA:83,0
DA:84,0
DA:85,0
DA:86,0
DA:87,0
DA:88,0
DA:90,0
DA:96,0
DA:97,0
DA:98,0
DA:100,0
DA:101,0
DA:102,0
DA:109,0
DA:110,0
DA:112,0
DA:113,0
DA:114,0
DA:115,0
DA:116,0
DA:117,0
DA:124,0
DA:125,0
DA:128,0
DA:129,0
DA:131,0
DA:132,0
DA:134,0
DA:135,0
DA:136,0
DA:143,0
DA:144,0
DA:146,0
DA:148,0
DA:155,0
DA:157,0
DA:158,0
DA:165,0
DA:167,0
DA:168,0
DA:170,0
DA:171,0
DA:172,0
DA:173,0
DA:175,0
DA:176,0
DA:179,0
DA:181,0
DA:183,0
DA:184,0
DA:187,0
DA:188,0
DA:191,0
DA:192,0
DA:195,0
DA:196,0
DA:199,0
DA:200,0
DA:201,0
DA:209,0
DA:210,0
DA:213,0
DA:214,0
DA:215,0
DA:220,0
DA:221,0
DA:226,0
DA:227,0
DA:228,0
DA:229,0
DA:230,0
DA:231,0
DA:241,0
DA:243,0
DA:246,0
DA:247,0
DA:249,0
DA:250,0
DA:251,0
DA:253,0
DA:254,0
DA:265,0
DA:271,0
DA:273,0
DA:274,0
DA:277,0
DA:278,0
DA:286,0
DA:293,0
DA:294,0
DA:297,0
DA:298,0
DA:300,0
DA:301,0
DA:302,0
DA:303,0
DA:304,0
DA:312,0
DA:319,0
DA:320,0
DA:323,0
DA:325,0
DA:326,0
DA:327,0
DA:334,0
DA:335,0
DA:336,0
DA:337,0
DA:345,0
DA:346,0
DA:347,0
DA:349,0
DA:350,0
DA:353,0
DA:354,0
DA:355,0
DA:356,0
DA:357,0
DA:358,0
DA:359,0
DA:361,0
DA:363,0
DA:364,0
DA:365,0
DA:366,0
DA:367,0
DA:368,0
DA:369,0
DA:371,0
DA:372,0
DA:375,0
DA:376,0
DA:377,0
DA:378,0
DA:382,0
DA:383,0
DA:386,0
DA:387,0
DA:388,0
DA:389,0
DA:390,0
DA:391,0
DA:392,0
DA:394,0
DA:395,0
DA:398,0
DA:399,0
DA:412,0
DA:414,0
DA:426,0
DA:432,0
DA:434,0
DA:435,0
DA:436,0
DA:439,0
DA:441,0
DA:446,0
DA:447,0
DA:448,0
DA:449,0
DA:451,0
DA:465,0
DA:468,0
DA:469,0
DA:471,0
DA:472,0
DA:473,0
DA:475,0
DA:476,0
DA:479,0
DA:492,0
DA:494,0
DA:496,0
DA:497,0
DA:517,0
DA:523,0
DA:525,0
DA:526,0
DA:529,0
DA:530,0
DA:531,0
DA:532,0
DA:533,0
DA:534,0
DA:535,0
DA:536,0
DA:537,0
DA:539,0
DA:557,0
DA:558,0
DA:561,0
DA:562,0
DA:563,0
DA:565,0
DA:571,0
DA:573,0
DA:574,0
DA:575,0
DA:576,0
DA:582,0
DA:583,0
DA:584,0
DA:590,0
DA:591,0
DA:594,0
DA:595,0
DA:597,0
DA:598,0
DA:599,0
DA:600,0
DA:603,0
DA:604,0
DA:607,0
DA:608,0
DA:609,0
DA:611,0
DA:612,0
DA:613,0
DA:622,0
DA:626,0
DA:635,0
DA:636,0
DA:645,0
DA:646,0
DA:647,0
DA:650,0
DA:651,0
DA:654,0
DA:663,0
DA:669,0
DA:670,0
DA:673,0
DA:675,0
DA:676,0
DA:678,0
DA:679,0
DA:680,0
DA:683,0
DA:684,0
DA:698,0
DA:704,0
DA:705,0
DA:707,0
DA:708,0
DA:709,0
DA:710,0
DA:711,0
DA:714,0
DA:716,0
DA:722,0
DA:724,0
DA:736,0
DA:738,0
DA:739,0
DA:742,0
DA:743,0
DA:744,0
DA:747,0
DA:748,0
DA:756,0
DA:757,0
DA:760,0
DA:761,0
DA:765,0
DA:766,0
DA:777,0
DA:778,0
DA:781,0
DA:796,0
DA:797,0
DA:798,0
DA:800,0
DA:806,0
DA:807,0
DA:809,0
DA:810,0
DA:813,0
DA:814,0
DA:816,0
DA:817,0
DA:820,0
DA:821,0
DA:822,0
DA:823,0
DA:824,0
DA:826,0
DA:833,0
DA:834,0
DA:837,0
DA:853,0
DA:854,0
DA:857,0
DA:859,0
DA:866,0
DA:867,0
DA:874,0
DA:876,0
DA:877,0
DA:878,0
DA:881,0
DA:888,0
DA:890,0
DA:891,0
DA:894,0
DA:900,0
DA:901,0
DA:903,0
DA:904,0
DA:908,0
DA:909,0
DA:910,0
DA:911,0
DA:916,0
DA:917,0
DA:919,0
DA:920,0
DA:921,0
DA:929,0
DA:931,0
DA:932,0
DA:933,0
DA:934,0
DA:935,0
DA:936,0
DA:942,0
DA:952,0
DA:959,0
DA:962,0
DA:964,0
DA:970,0
DA:981,0
DA:982,0
DA:989,0
DA:990,0
DA:993,0
DA:994,0
DA:995,0
DA:996,0
DA:998,0
DA:999,0
DA:1007,0
DA:1008,0
DA:1015,0
DA:1016,0
DA:1019,0
DA:1021,0
DA:1022,0
DA:1023,0
DA:1024,0
DA:1033,0
DA:1044,0
DA:1050,0
DA:1052,0
DA:1053,0
DA:1056,0
DA:1062,0
DA:1064,0
DA:1065,0
DA:1068,0
DA:1074,0
DA:1085,0
DA:1096,0
DA:1097,0
DA:1104,0
DA:1105,0
DA:1112,0
DA:1113,0
DA:1120,0
DA:1121,0
DA:1128,0
DA:1129,0
DA:1136,0
DA:1137,0
DA:1148,0
DA:1149,0
DA:1156,0
DA:1157,0
DA:1164,0
DA:1165,0
DA:1168,0
DA:1177,0
DA:1188,0
DA:1189,0
DA:1192,0
DA:1193,0
DA:1196,0
DA:1205,0
DA:1206,0
DA:1207,0
DA:1214,0
DA:1215,0
DA:1218,0
DA:1225,0
DA:1227,0
DA:1233,0
DA:1247,0
DA:1248,0
DA:1255,0
DA:1256,0
DA:1257,0
DA:1265,0
DA:1266,0
DA:1273,0
DA:1274,0
DA:1275,0
DA:1281,0
DA:1287,0
DA:1297,0
DA:1303,0
DA:1309,0
DA:1315,0
DA:1325,0
DA:1326,0
DA:1328,0
DA:1331,0
DA:1333,0
DA:1334,0
DA:1335,0
DA:1336,0
DA:1337,0
DA:1338,0
DA:1340,0
DA:1346,0
DA:1347,0
DA:1351,0
DA:1352,0
DA:1354,0
DA:1355,0
DA:1356,0
DA:1357,0
DA:1358,0
DA:1359,0
DA:1360,0
DA:1361,0
DA:1364,0
DA:1370,0
DA:1371,0
DA:1372,0
DA:1374,0
DA:1375,0
DA:1376,0
DA:1377,0
DA:1378,0
DA:1379,0
DA:1380,0
DA:1381,0
DA:1383,0
DA:1389,0
LF:491
LH:1
BRDA:12,0,0,0
BRDA:12,0,1,0
BRDA:16,1,0,0
BRDA:16,1,1,0
BRDA:124,2,0,0
BRDA:124,2,1,0
BRDA:148,3,0,0
BRDA:148,3,1,0
BRDA:149,4,0,0
BRDA:149,4,1,0
BRDA:149,4,2,0
BRDA:149,4,3,0
BRDA:149,4,4,0
BRDA:170,5,0,0
BRDA:170,5,1,0
BRDA:175,6,0,0
BRDA:175,6,1,0
BRDA:183,7,0,0
BRDA:183,7,1,0
BRDA:187,8,0,0
BRDA:187,8,1,0
BRDA:191,9,0,0
BRDA:191,9,1,0
BRDA:195,10,0,0
BRDA:195,10,1,0
BRDA:209,11,0,0
BRDA:209,11,1,0
BRDA:241,12,0,0
BRDA:241,12,1,0
BRDA:251,13,0,0
BRDA:251,13,1,0
BRDA:253,14,0,0
BRDA:253,14,1,0
BRDA:253,15,0,0
BRDA:253,15,1,0
BRDA:273,16,0,0
BRDA:273,16,1,0
BRDA:293,17,0,0
BRDA:293,17,1,0
BRDA:298,18,0,0
BRDA:298,18,1,0
BRDA:319,19,0,0
BRDA:319,19,1,0
BRDA:325,20,0,0
BRDA:325,20,1,0
BRDA:335,21,0,0
BRDA:335,21,1,0
BRDA:349,22,0,0
BRDA:349,22,1,0
BRDA:349,23,0,0
BRDA:349,23,1,0
BRDA:349,23,2,0
BRDA:363,24,0,0
BRDA:363,24,1,0
BRDA:363,25,0,0
BRDA:363,25,1,0
BRDA:371,26,0,0
BRDA:371,26,1,0
BRDA:375,27,0,0
BRDA:375,27,1,0
BRDA:382,28,0,0
BRDA:382,28,1,0
BRDA:386,29,0,0
BRDA:386,29,1,0
BRDA:389,30,0,0
BRDA:389,30,1,0
BRDA:394,31,0,0
BRDA:394,31,1,0
BRDA:398,32,0,0
BRDA:398,32,1,0
BRDA:426,33,0,0
BRDA:426,33,1,0
BRDA:427,34,0,0
BRDA:427,34,1,0
BRDA:427,34,2,0
BRDA:427,34,3,0
BRDA:434,35,0,0
BRDA:434,35,1,0
BRDA:435,36,0,0
BRDA:435,36,1,0
BRDA:441,37,0,0
BRDA:441,37,1,0
BRDA:465,38,0,0
BRDA:465,38,1,0
BRDA:471,39,0,0
BRDA:471,39,1,0
BRDA:517,40,0,0
BRDA:517,40,1,0
BRDA:518,41,0,0
BRDA:518,41,1,0
BRDA:518,41,2,0
BRDA:518,41,3,0
BRDA:525,42,0,0
BRDA:525,42,1,0
BRDA:529,43,0,0
BRDA:529,43,1,0
BRDA:557,44,0,0
BRDA:557,44,1,0
BRDA:557,45,0,0
BRDA:557,45,1,0
BRDA:557,45,2,0
BRDA:590,46,0,0
BRDA:590,46,1,0
BRDA:590,47,0,0
BRDA:590,47,1,0
BRDA:590,47,2,0
BRDA:594,48,0,0
BRDA:594,48,1,0
BRDA:595,49,0,0
BRDA:595,49,1,0
BRDA:597,50,0,0
BRDA:597,50,1,0
BRDA:599,51,0,0
BRDA:599,51,1,0
BRDA:603,52,0,0
BRDA:603,52,1,0
BRDA:611,53,0,0
BRDA:611,53,1,0
BRDA:612,54,0,0
BRDA:612,54,1,0
BRDA:612,55,0,0
BRDA:612,55,1,0
BRDA:616,56,0,0
BRDA:616,56,1,0
BRDA:622,57,0,0
BRDA:622,57,1,0
BRDA:623,58,0,0
BRDA:623,58,1,0
BRDA:623,58,2,0
BRDA:635,59,0,0
BRDA:635,59,1,0
BRDA:635,60,0,0
BRDA:635,60,1,0
BRDA:645,61,0,0
BRDA:645,61,1,0
BRDA:650,62,0,0
BRDA:650,62,1,0
BRDA:669,63,0,0
BRDA:669,63,1,0
BRDA:669,64,0,0
BRDA:669,64,1,0
BRDA:678,65,0,0
BRDA:678,65,1,0
BRDA:678,66,0,0
BRDA:678,66,1,0
BRDA:679,67,0,0
BRDA:679,67,1,0
BRDA:683,68,0,0
BRDA:683,68,1,0
BRDA:707,69,0,0
BRDA:707,69,1,0
BRDA:738,70,0,0
BRDA:738,70,1,0
BRDA:743,71,0,0
BRDA:743,71,1,0
BRDA:743,72,0,0
BRDA:743,72,1,0
BRDA:747,73,0,0
BRDA:747,73,1,0
BRDA:756,74,0,0
BRDA:756,74,1,0
BRDA:765,75,0,0
BRDA:765,75,1,0
BRDA:777,76,0,0
BRDA:777,76,1,0
BRDA:809,77,0,0
BRDA:809,77,1,0
BRDA:813,78,0,0
BRDA:813,78,1,0
BRDA:813,79,0,0
BRDA:813,79,1,0
BRDA:813,79,2,0
BRDA:816,80,0,0
BRDA:816,80,1,0
BRDA:820,81,0,0
BRDA:820,81,1,0
BRDA:823,82,0,0
BRDA:823,82,1,0
BRDA:833,83,0,0
BRDA:833,83,1,0
BRDA:853,84,0,0
BRDA:853,84,1,0
BRDA:866,85,0,0
BRDA:866,85,1,0
BRDA:876,86,0,0
BRDA:876,86,1,0
BRDA:901,87,0,0
BRDA:901,87,1,0
BRDA:901,88,0,0
BRDA:901,88,1,0
BRDA:901,88,2,0
BRDA:903,89,0,0
BRDA:903,89,1,0
BRDA:903,90,0,0
BRDA:903,90,1,0
BRDA:908,91,0,0
BRDA:908,91,1,0
BRDA:908,92,0,0
BRDA:908,92,1,0
BRDA:910,93,0,0
BRDA:910,93,1,0
BRDA:910,94,0,0
BRDA:910,94,1,0
BRDA:916,95,0,0
BRDA:916,95,1,0
BRDA:916,96,0,0
BRDA:916,96,1,0
BRDA:919,97,0,0
BRDA:919,97,1,0
BRDA:952,98,0,0
BRDA:952,98,1,0
BRDA:953,99,0,0
BRDA:953,99,1,0
BRDA:953,99,2,0
BRDA:953,99,3,0
BRDA:953,99,4,0
BRDA:964,100,0,0
BRDA:964,100,1,0
BRDA:966,101,0,0
BRDA:966,101,1,0
BRDA:982,102,0,0
BRDA:982,102,1,0
BRDA:989,103,0,0
BRDA:989,103,1,0
BRDA:989,104,0,0
BRDA:989,104,1,0
BRDA:994,105,0,0
BRDA:994,105,1,0
BRDA:998,106,0,0
BRDA:998,106,1,0
BRDA:1015,107,0,0
BRDA:1015,107,1,0
BRDA:1015,108,0,0
BRDA:1015,108,1,0
BRDA:1022,109,0,0
BRDA:1022,109,1,0
BRDA:1022,110,0,0
BRDA:1022,110,1,0
BRDA:1034,111,0,0
BRDA:1034,111,1,0
BRDA:1034,111,2,0
BRDA:1034,111,3,0
BRDA:1052,112,0,0
BRDA:1052,112,1,0
BRDA:1064,113,0,0
BRDA:1064,113,1,0
BRDA:1164,114,0,0
BRDA:1164,114,1,0
BRDA:1164,115,0,0
BRDA:1164,115,1,0
BRDA:1188,116,0,0
BRDA:1188,116,1,0
BRDA:1192,117,0,0
BRDA:1192,117,1,0
BRDA:1192,118,0,0
BRDA:1192,118,1,0
BRDA:1192,118,2,0
BRDA:1197,119,0,0
BRDA:1197,119,1,0
BRDA:1205,120,0,0
BRDA:1205,120,1,0
BRDA:1214,121,0,0
BRDA:1214,121,1,0
BRDA:1214,122,0,0
BRDA:1214,122,1,0
BRDA:1256,123,0,0
BRDA:1256,123,1,0
BRDA:1281,124,0,0
BRDA:1281,124,1,0
BRDA:1281,124,2,0
BRDA:1287,125,0,0
BRDA:1287,125,1,0
BRDA:1351,126,0,0
BRDA:1351,126,1,0
BRDA:1371,127,0,0
BRDA:1371,127,1,0
BRDA:1372,128,0,0
BRDA:1372,128,1,0
BRF:278
BRH:0
end_of_record
TN:
SF:/Applications/MAMP/htdocs/WTF-Adventure/src/client/js/renderer/tile.js
FN:2,(anonymous_0)
FN:12,(anonymous_1)
FN:17,(anonymous_2)
FN:23,(anonymous_3)
FN:33,(anonymous_4)
FNF:5
FNH:0
FNDA:0,(anonymous_0)
FNDA:0,(anonymous_1)
FNDA:0,(anonymous_2)
FNDA:0,(anonymous_3)
FNDA:0,(anonymous_4)
DA:3,0
DA:4,0
DA:5,0
DA:6,0
DA:7,0
DA:8,0
DA:9,0
DA:13,0
DA:14,0
DA:18,0
DA:24,0
DA:25,0
DA:26,0
DA:27,0
DA:30,0
DA:34,0
DA:35,0
DA:38,0
LF:18
LH:0
BRDA:18,0,0,0
BRDA:18,0,1,0
BRDA:24,1,0,0
BRDA:24,1,1,0
BRDA:34,2,0,0
BRDA:34,2,1,0
BRDA:34,3,0,0
BRDA:34,3,1,0
BRF:8
BRH:0
end_of_record
TN:
SF:/Applications/MAMP/htdocs/WTF-Adventure/src/client/js/renderer/updater.js
FN:5,(anonymous_0)
FN:13,(anonymous_1)
FN:28,(anonymous_2)
FN:33,(anonymous_3)
FN:41,(anonymous_4)
FN:42,(anonymous_5)
FN:78,(anonymous_6)
FN:82,(anonymous_7)
FN:97,(anonymous_8)
FN:101,(anonymous_9)
FN:116,(anonymous_10)
FN:120,(anonymous_11)
FN:135,(anonymous_12)
FN:139,(anonymous_13)
FN:174,(anonymous_14)
FN:193,(anonymous_15)
FN:222,(anonymous_16)
FN:241,(anonymous_17)
FN:249,(anonymous_18)
FN:255,(anonymous_19)
FN:265,(anonymous_20)
FNF:21
FNH:0
FNDA:0,(anonymous_0)
FNDA:0,(anonymous_1)
FNDA:0,(anonymous_2)
FNDA:0,(anonymous_3)
FNDA:0,(anonymous_4)
FNDA:0,(anonymous_5)
FNDA:0,(anonymous_6)
FNDA:0,(anonymous_7)
FNDA:0,(anonymous_8)
FNDA:0,(anonymous_9)
FNDA:0,(anonymous_10)
FNDA:0,(anonymous_11)
FNDA:0,(anonymous_12)
FNDA:0,(anonymous_13)
FNDA:0,(anonymous_14)
FNDA:0,(anonymous_15)
FNDA:0,(anonymous_16)
FNDA:0,(anonymous_17)
FNDA:0,(anonymous_18)
FNDA:0,(anonymous_19)
FNDA:0,(anonymous_20)
DA:6,0
DA:7,0
DA:8,0
DA:9,0
DA:10,0
DA:14,0
DA:16,0
DA:17,0
DA:18,0
DA:19,0
DA:20,0
DA:21,0
DA:22,0
DA:23,0
DA:25,0
DA:31,0
DA:33,0
DA:34,0
DA:35,0
DA:36,0
DA:42,0
DA:43,0
DA:44,0
DA:46,0
DA:48,0
DA:50,0
DA:51,0
DA:52,0
DA:55,0
DA:56,0
DA:59,0
DA:60,0
DA:63,0
DA:64,0
DA:67,0
DA:68,0
DA:71,0
DA:72,0
DA:74,0
DA:76,0
DA:79,0
DA:80,0
DA:83,0
DA:84,0
DA:85,0
DA:92,0
DA:95,0
DA:98,0
DA:99,0
DA:102,0
DA:103,0
DA:104,0
DA:111,0
DA:114,0
DA:117,0
DA:118,0
DA:121,0
DA:122,0
DA:123,0
DA:130,0
DA:133,0
DA:136,0
DA:137,0
DA:140,0
DA:141,0
DA:142,0
DA:149,0
DA:151,0
DA:154,0
DA:155,0
DA:156,0
DA:157,0
DA:158,0
DA:159,0
DA:161,0
DA:162,0
DA:165,0
DA:166,0
DA:168,0
DA:175,0
DA:176,0
DA:179,0
DA:182,0
DA:183,0
DA:185,0
DA:186,0
DA:187,0
DA:189,0
DA:196,0
DA:198,0
DA:203,0
DA:204,0
DA:207,0
DA:208,0
DA:209,0
DA:210,0
DA:211,0
DA:212,0
DA:213,0
DA:214,0
DA:217,0
DA:218,0
DA:223,0
DA:226,0
DA:227,0
DA:230,0
DA:231,0
DA:234,0
DA:236,0
DA:237,0
DA:242,0
DA:244,0
DA:245,0
DA:250,0
DA:251,0
DA:256,0
DA:257,0
DA:260,0
DA:261,0
DA:266,0
LF:120
LH:0
BRDA:34,0,0,0
BRDA:34,0,1,0
BRDA:43,1,0,0
BRDA:43,1,1,0
BRDA:48,2,0,0
BRDA:48,2,1,0
BRDA:50,3,0,0
BRDA:50,3,1,0
BRDA:51,4,0,0
BRDA:51,4,1,0
BRDA:51,5,0,0
BRDA:51,5,1,0
BRDA:55,6,0,0
BRDA:55,6,1,0
BRDA:55,7,0,0
BRDA:55,7,1,0
BRDA:59,8,0,0
BRDA:59,8,1,0
BRDA:59,9,0,0
BRDA:59,9,1,0
BRDA:63,10,0,0
BRDA:63,10,1,0
BRDA:63,11,0,0
BRDA:63,11,1,0
BRDA:67,12,0,0
BRDA:67,12,1,0
BRDA:67,13,0,0
BRDA:67,13,1,0
BRDA:71,14,0,0
BRDA:71,14,1,0
BRDA:71,15,0,0
BRDA:71,15,1,0
BRDA:74,16,0,0
BRDA:74,16,1,0
BRDA:74,16,2,0
BRDA:74,16,3,0
BRDA:74,16,4,0
BRDA:154,17,0,0
BRDA:154,17,1,0
BRDA:161,18,0,0
BRDA:161,18,1,0
BRDA:168,19,0,0
BRDA:168,19,1,0
BRDA:175,20,0,0
BRDA:175,20,1,0
BRDA:175,21,0,0
BRDA:175,21,1,0
BRDA:185,22,0,0
BRDA:185,22,1,0
BRDA:203,23,0,0
BRDA:203,23,1,0
BRDA:207,24,0,0
BRDA:207,24,1,0
BRDA:209,25,0,0
BRDA:209,25,1,0
BRDA:211,26,0,0
BRDA:211,26,1,0
BRDA:213,27,0,0
BRDA:213,27,1,0
BRDA:217,28,0,0
BRDA:217,28,1,0
BRDA:226,29,0,0
BRDA:226,29,1,0
BRDA:226,30,0,0
BRDA:226,30,1,0
BRDA:226,30,2,0
BRDA:230,31,0,0
BRDA:230,31,1,0
BRDA:236,32,0,0
BRDA:236,32,1,0
BRDA:244,33,0,0
BRDA:244,33,1,0
BRDA:244,34,0,0
BRDA:244,34,1,0
BRDA:250,35,0,0
BRDA:250,35,1,0
BRDA:256,36,0,0
BRDA:256,36,1,0
BRDA:260,37,0,0
BRDA:260,37,1,0
BRF:80
BRH:0
end_of_record
TN:
SF:/Applications/MAMP/htdocs/WTF-Adventure/src/client/js/renderer/bubbles/blob.js
FN:9,(anonymous_0)
FN:17,(anonymous_1)
FN:21,(anonymous_2)
FN:25,(anonymous_3)
FN:29,(anonymous_4)
FNF:5
FNH:0
FNDA:0,(anonymous_0)
FNDA:0,(anonymous_1)
FNDA:0,(anonymous_2)
FNDA:0,(anonymous_3)
FNDA:0,(anonymous_4)
DA:10,0
DA:11,0
DA:12,0
DA:13,0
DA:14,0
DA:18,0
DA:22,0
DA:26,0
DA:30,0
LF:9
LH:0
BRDA:13,0,0,0
BRDA:13,0,1,0
BRF:2
BRH:0
end_of_record
TN:
SF:/Applications/MAMP/htdocs/WTF-Adventure/src/client/js/renderer/infos/splat.js
FN:2,(anonymous_0)
FN:18,(anonymous_1)
FN:23,(anonymous_2)
FN:27,(anonymous_3)
FN:39,(anonymous_4)
FN:46,(anonymous_5)
FN:52,(anonymous_6)
FNF:7
FNH:0
FNDA:0,(anonymous_0)
FNDA:0,(anonymous_1)
FNDA:0,(anonymous_2)
FNDA:0,(anonymous_3)
FNDA:0,(anonymous_4)
FNDA:0,(anonymous_5)
FNDA:0,(anonymous_6)
DA:3,0
DA:4,0
DA:5,0
DA:6,0
DA:7,0
DA:9,0
DA:11,0
DA:12,0
DA:13,0
DA:15,0
DA:19,0
DA:20,0
DA:24,0
DA:28,0
DA:29,0
DA:32,0
DA:34,0
DA:35,0
DA:40,0
DA:41,0
DA:42,0
DA:47,0
DA:48,0
DA:53,0
LF:24
LH:0
BRDA:28,0,0,0
BRDA:28,0,1,0
BRDA:34,1,0,0
BRDA:34,1,1,0
BRDA:40,2,0,0
BRDA:40,2,1,0
BRDA:47,3,0,0
BRDA:47,3,1,0
BRF:8
BRH:0
end_of_record
TN:
SF:/Applications/MAMP/htdocs/WTF-Adventure/src/client/js/renderer/pointers/pointer.js
FN:2,(anonymous_0)
FN:16,(anonymous_1)
FN:17,(anonymous_2)
FN:28,(anonymous_3)
FN:33,(anonymous_4)
FN:38,(anonymous_5)
FN:42,(anonymous_6)
FNF:7
FNH:0
FNDA:0,(anonymous_0)
FNDA:0,(anonymous_1)
FNDA:0,(anonymous_2)
FNDA:0,(anonymous_3)
FNDA:0,(anonymous_4)
FNDA:0,(anonymous_5)
FNDA:0,(anonymous_6)
DA:3,0
DA:4,0
DA:5,0
DA:7,0
DA:8,0
DA:10,0
DA:11,0
DA:13,0
DA:17,0
DA:18,0
DA:19,0
DA:21,0
DA:24,0
DA:29,0
DA:30,0
DA:34,0
DA:35,0
DA:39,0
DA:43,0
LF:19
LH:0
BRDA:18,0,0,0
BRDA:18,0,1,0
BRF:2
BRH:0
end_of_record
TN:
SF:/Applications/MAMP/htdocs/WTF-Adventure/src/client/js/utils/detect.js
FN:3,(anonymous_0)
FN:6,(anonymous_1)
FN:7,(anonymous_2)
FN:8,(anonymous_3)
FN:9,(anonymous_4)
FN:10,(anonymous_5)
FN:11,(anonymous_6)
FN:12,(anonymous_7)
FN:13,(anonymous_8)
FN:14,(anonymous_9)
FN:15,(anonymous_10)
FN:16,(anonymous_11)
FN:23,(anonymous_12)
FN:46,(anonymous_13)
FN:57,(anonymous_14)
FNF:15
FNH:0
FNDA:0,(anonymous_0)
FNDA:0,(anonymous_1)
FNDA:0,(anonymous_2)
FNDA:0,(anonymous_3)
FNDA:0,(anonymous_4)
FNDA:0,(anonymous_5)
FNDA:0,(anonymous_6)
FNDA:0,(anonymous_7)
FNDA:0,(anonymous_8)
FNDA:0,(anonymous_9)
FNDA:0,(anonymous_10)
FNDA:0,(anonymous_11)
FNDA:0,(anonymous_12)
FNDA:0,(anonymous_13)
FNDA:0,(anonymous_14)
DA:3,1
DA:6,0
DA:7,0
DA:8,0
DA:9,0
DA:10,0
DA:11,0
DA:12,0
DA:13,0
DA:14,0
DA:15,0
DA:17,0
DA:18,0
DA:19,0
DA:20,0
DA:24,0
DA:27,0
DA:29,0
DA:34,0
DA:35,0
DA:40,0
DA:43,0
DA:47,0
DA:50,0
DA:51,0
DA:54,0
DA:58,0
DA:67,0
DA:68,0
DA:69,0
DA:70,0
DA:71,0
DA:76,0
LF:33
LH:1
BRDA:9,0,0,0
BRDA:9,0,1,0
BRDA:10,1,0,0
BRDA:10,1,1,0
BRDA:11,2,0,0
BRDA:11,2,1,0
BRDA:13,3,0,0
BRDA:13,3,1,0
BRDA:15,4,0,0
BRDA:15,4,1,0
BRDA:20,5,0,0
BRDA:20,5,1,0
BRDA:20,5,2,0
BRDA:24,6,0,0
BRDA:24,6,1,0
BRDA:34,7,0,0
BRDA:34,7,1,0
BRDA:34,8,0,0
BRDA:34,8,1,0
BRDA:38,9,0,0
BRDA:38,9,1,0
BRDA:50,10,0,0
BRDA:50,10,1,0
BRDA:67,11,0,0
BRDA:67,11,1,0
BRDA:70,12,0,0
BRDA:70,12,1,0
BRF:27
BRH:0
end_of_record
TN:
SF:/Applications/MAMP/htdocs/WTF-Adventure/src/client/js/utils/modules.js
FNF:0
FNH:0
LF:0
LH:0
BRF:0
BRH:0
end_of_record
TN:
SF:/Applications/MAMP/htdocs/WTF-Adventure/src/client/js/utils/pathfinder.js
FN:6,(anonymous_0)
FN:19,(anonymous_1)
FN:31,(anonymous_2)
FN:49,(anonymous_3)
FN:70,(anonymous_4)
FN:75,(anonymous_5)
FN:85,(anonymous_6)
FN:95,(anonymous_7)
FNF:8
FNH:0
FNDA:0,(anonymous_0)
FNDA:0,(anonymous_1)
FNDA:0,(anonymous_2)
FNDA:0,(anonymous_3)
FNDA:0,(anonymous_4)
FNDA:0,(anonymous_5)
FNDA:0,(anonymous_6)
FNDA:0,(anonymous_7)
DA:9,0
DA:10,0
DA:12,0
DA:13,0
DA:14,0
DA:16,0
DA:22,0
DA:23,0
DA:25,0
DA:28,0
DA:33,0
DA:34,0
DA:37,0
DA:38,0
DA:40,0
DA:42,0
DA:43,0
DA:46,0
DA:51,0
DA:55,0
DA:57,0
DA:58,0
DA:59,0
DA:61,0
DA:62,0
DA:63,0
DA:67,0
DA:75,0
DA:76,0
DA:77,0
DA:79,0
DA:80,0
DA:88,0
DA:89,0
DA:92,0
DA:98,0
DA:99,0
LF:37
LH:0
BRDA:42,0,0,0
BRDA:42,0,1,0
BRDA:42,1,0,0
BRDA:42,1,1,0
BRDA:61,2,0,0
BRDA:61,2,1,0
BRDA:76,3,0,0
BRDA:76,3,1,0
BRDA:77,4,0,0
BRDA:77,4,1,0
BRDA:79,5,0,0
BRDA:79,5,1,0
BRDA:79,6,0,0
BRDA:79,6,1,0
BRDA:80,7,0,0
BRDA:80,7,1,0
BRDA:88,8,0,0
BRDA:88,8,1,0
BRF:18
BRH:0
end_of_record
TN:
SF:/Applications/MAMP/htdocs/WTF-Adventure/src/client/js/utils/queue.js
FN:9,(anonymous_0)
FN:15,(anonymous_1)
FN:19,(anonymous_2)
FN:23,(anonymous_3)
FN:27,(anonymous_4)
FN:28,(anonymous_5)
FNF:6
FNH:0
FNDA:0,(anonymous_0)
FNDA:0,(anonymous_1)
FNDA:0,(anonymous_2)
FNDA:0,(anonymous_3)
FNDA:0,(anonymous_4)
FNDA:0,(anonymous_5)
DA:12,0
DA:16,0
DA:20,0
DA:24,0
DA:28,0
DA:29,0
LF:6
LH:0
BRF:0
BRH:0
end_of_record
TN:
SF:/Applications/MAMP/htdocs/WTF-Adventure/src/client/js/utils/storage.js
FN:8,(anonymous_0)
FN:17,(anonymous_1)
FN:32,(anonymous_2)
FN:61,(anonymous_3)
FN:69,(anonymous_4)
FN:76,(anonymous_5)
FN:83,(anonymous_6)
FN:95,(anonymous_7)
FN:107,(anonymous_8)
FN:112,(anonymous_9)
FNF:10
FNH:0
FNDA:0,(anonymous_0)
FNDA:0,(anonymous_1)
FNDA:0,(anonymous_2)
FNDA:0,(anonymous_3)
FNDA:0,(anonymous_4)
FNDA:0,(anonymous_5)
FNDA:0,(anonymous_6)
FNDA:0,(anonymous_7)
FNDA:0,(anonymous_8)
FNDA:0,(anonymous_9)
DA:4,1
DA:5,1
DA:9,0
DA:11,0
DA:12,0
DA:14,0
DA:18,0
DA:19,0
DA:21,0
DA:24,0
DA:26,0
DA:27,0
DA:28,0
DA:33,0
DA:35,0
DA:62,0
DA:64,0
DA:65,0
DA:70,0
DA:72,0
DA:73,0
DA:77,0
DA:79,0
DA:80,0
DA:84,0
DA:86,0
DA:88,0
DA:89,0
DA:92,0
DA:96,0
DA:98,0
DA:100,0
DA:101,0
DA:104,0
DA:108,0
DA:109,0
DA:113,0
DA:114,0
LF:38
LH:2
BRDA:18,0,0,0
BRDA:18,0,1,0
BRDA:26,1,0,0
BRDA:26,1,1,0
BRDA:64,2,0,0
BRDA:64,2,1,0
BRDA:88,3,0,0
BRDA:88,3,1,0
BRDA:100,4,0,0
BRDA:100,4,1,0
BRDA:114,5,0,0
BRDA:114,5,1,0
BRF:12
BRH:0
end_of_record
TN:
SF:/Applications/MAMP/htdocs/WTF-Adventure/src/client/js/utils/timer.js
FN:2,(anonymous_0)
FN:7,(anonymous_1)
FNF:2
FNH:0
FNDA:0,(anonymous_0)
FNDA:0,(anonymous_1)
DA:3,0
DA:4,0
DA:8,0
DA:10,0
DA:11,0
DA:12,0
DA:15,0
LF:7
LH:0
BRDA:10,0,0,0
BRDA:10,0,1,0
BRF:2
BRH:0
end_of_record
TN:
SF:/Applications/MAMP/htdocs/WTF-Adventure/src/client/js/utils/transition.js
FN:2,(anonymous_0)
FN:9,(anonymous_1)
FN:28,(anonymous_2)
FN:59,(anonymous_3)
FN:71,(anonymous_4)
FNF:5
FNH:0
FNDA:0,(anonymous_0)
FNDA:0,(anonymous_1)
FNDA:0,(anonymous_2)
FNDA:0,(anonymous_3)
FNDA:0,(anonymous_4)
DA:3,0
DA:4,0
DA:5,0
DA:6,0
DA:17,0
DA:18,0
DA:19,0
DA:20,0
DA:21,0
DA:22,0
DA:24,0
DA:25,0
DA:29,0
DA:30,0
DA:33,0
DA:34,0
DA:36,0
DA:38,0
DA:39,0
DA:42,0
DA:44,0
DA:48,0
DA:49,0
DA:50,0
DA:51,0
DA:53,0
DA:54,0
DA:60,0
DA:68,0
DA:72,0
LF:30
LH:0
BRDA:29,0,0,0
BRDA:29,0,1,0
BRDA:33,1,0,0
BRDA:33,1,1,0
BRDA:38,2,0,0
BRDA:38,2,1,0
BRDA:48,3,0,0
BRDA:48,3,1,0
BRDA:48,4,0,0
BRDA:48,4,1,0
BRDA:50,5,0,0
BRDA:50,5,1,0
BRDA:53,6,0,0
BRDA:53,6,1,0
BRF:14
BRH:0
end_of_record
TN:
SF:/Applications/MAMP/htdocs/WTF-Adventure/src/client/js/utils/util.js
FN:3,(anonymous_0)
FN:8,requestAnmiF
FN:14,(anonymous_2)
FN:19,(anonymous_3)
FNF:4
FNH:1
FNDA:0,(anonymous_0)
FNDA:1,requestAnmiF
FNDA:0,(anonymous_2)
FNDA:0,(anonymous_3)
DA:3,1
DA:5,1
DA:8,1
DA:9,1
DA:15,0
DA:19,1
DA:20,0
LF:7
LH:5
BRDA:9,0,0,1
BRDA:9,0,1,0
BRDA:9,0,2,0
BRDA:9,0,3,0
BRDA:9,0,4,0
BRDA:9,0,5,0
BRDA:20,1,0,0
BRDA:20,1,1,0
BRDA:20,1,2,0
BRDA:20,1,3,0
BRF:10
BRH:1
end_of_record
